Using pre-set license
Built from '2022.3/staging' branch; Version is '2022.3.11f1 (d00248457e15) revision 13632072'; Using compiler version '192829333'; Build Type 'Release'
OS: 'Windows 10  (10.0.19045) 64bit Core' Language: 'en' Physical Memory: 16264 MB
BatchMode: 1, IsHumanControllingUs: 0, StartBugReporterOnCrash: 0, Is64bit: 1, IsPro: 1

COMMAND LINE ARGUMENTS:
C:\Program Files\Unity\Hub\Editor\2022.3.11f1\Editor\Unity.exe
-adb2
-batchMode
-noUpm
-name
AssetImportWorker6
-projectPath
C:/Users/ZE BEBE/Desktop/GameTech/Texnologies
-logFile
Logs/AssetImportWorker6.log
-srvPort
52119
Successfully changed project path to: C:/Users/ZE BEBE/Desktop/GameTech/Texnologies
C:/Users/ZE BEBE/Desktop/GameTech/Texnologies
[UnityMemory] Configuration Parameters - Can be set up in boot.config
    "memorysetup-bucket-allocator-granularity=16"
    "memorysetup-bucket-allocator-bucket-count=8"
    "memorysetup-bucket-allocator-block-size=33554432"
    "memorysetup-bucket-allocator-block-count=8"
    "memorysetup-main-allocator-block-size=16777216"
    "memorysetup-thread-allocator-block-size=16777216"
    "memorysetup-gfx-main-allocator-block-size=16777216"
    "memorysetup-gfx-thread-allocator-block-size=16777216"
    "memorysetup-cache-allocator-block-size=4194304"
    "memorysetup-typetree-allocator-block-size=2097152"
    "memorysetup-profiler-bucket-allocator-granularity=16"
    "memorysetup-profiler-bucket-allocator-bucket-count=8"
    "memorysetup-profiler-bucket-allocator-block-size=33554432"
    "memorysetup-profiler-bucket-allocator-block-count=8"
    "memorysetup-profiler-allocator-block-size=16777216"
    "memorysetup-profiler-editor-allocator-block-size=1048576"
    "memorysetup-temp-allocator-size-main=16777216"
    "memorysetup-job-temp-allocator-block-size=2097152"
    "memorysetup-job-temp-allocator-block-size-background=1048576"
    "memorysetup-job-temp-allocator-reduction-small-platforms=262144"
    "memorysetup-allocator-temp-initial-block-size-main=262144"
    "memorysetup-allocator-temp-initial-block-size-worker=262144"
    "memorysetup-temp-allocator-size-background-worker=32768"
    "memorysetup-temp-allocator-size-job-worker=262144"
    "memorysetup-temp-allocator-size-preload-manager=33554432"
    "memorysetup-temp-allocator-size-nav-mesh-worker=65536"
    "memorysetup-temp-allocator-size-audio-worker=65536"
    "memorysetup-temp-allocator-size-cloud-worker=32768"
    "memorysetup-temp-allocator-size-gi-baking-worker=262144"
    "memorysetup-temp-allocator-size-gfx=262144"
Player connection [27232] Host "[IP] 192.168.1.6 [Port] 0 [Flags] 2 [Guid] 2926935510 [EditorId] 2926935510 [Version] 1048832 [Id] WindowsEditor(7,ZEBEBE) [Debug] 1 [PackageName] WindowsEditor [ProjectName] Editor" joined multi-casting on [225.0.0.222:54997]...

Player connection [27232] Host "[IP] 192.168.1.6 [Port] 0 [Flags] 2 [Guid] 2926935510 [EditorId] 2926935510 [Version] 1048832 [Id] WindowsEditor(7,ZEBEBE) [Debug] 1 [PackageName] WindowsEditor [ProjectName] Editor" joined alternative multi-casting on [225.0.0.222:34997]...

[Physics::Module] Initialized MultithreadedJobDispatcher with 7 workers.
Refreshing native plugins compatible for Editor in 46.97 ms, found 3 plugins.
Preloading 0 native plugins for Editor in 0.00 ms.
Initialize engine version: 2022.3.11f1 (d00248457e15)
[Subsystems] Discovering subsystems at path C:/Program Files/Unity/Hub/Editor/2022.3.11f1/Editor/Data/Resources/UnitySubsystems
[Subsystems] Discovering subsystems at path C:/Users/ZE BEBE/Desktop/GameTech/Texnologies/Assets
GfxDevice: creating device client; threaded=0; jobified=0
Direct3D:
    Version:  Direct3D 11.0 [level 11.1]
    Renderer: NVIDIA GeForce GTX 1050 (ID=0x1c91)
    Vendor:   NVIDIA
    VRAM:     2995 MB
    Driver:   31.0.15.3713
Initialize mono
Mono path[0] = 'C:/Program Files/Unity/Hub/Editor/2022.3.11f1/Editor/Data/Managed'
Mono path[1] = 'C:/Program Files/Unity/Hub/Editor/2022.3.11f1/Editor/Data/MonoBleedingEdge/lib/mono/unityjit-win32'
Mono config path = 'C:/Program Files/Unity/Hub/Editor/2022.3.11f1/Editor/Data/MonoBleedingEdge/etc'
Using monoOptions --debugger-agent=transport=dt_socket,embedding=1,server=y,suspend=n,address=127.0.0.1:56052
Begin MonoManager ReloadAssembly
Registering precompiled unity dll's ...
Register platform support module: C:/Program Files/Unity/Hub/Editor/2022.3.11f1/Editor/Data/PlaybackEngines/WindowsStandaloneSupport/UnityEditor.WindowsStandalone.Extensions.dll
Registered in 0.015481 seconds.
- Loaded All Assemblies, in  0.534 seconds
Native extension for WindowsStandalone target not found
Mono: successfully reloaded assembly
- Finished resetting the current domain, in  0.587 seconds
Domain Reload Profiling: 1118ms
	BeginReloadAssembly (149ms)
		ExecutionOrderSort (0ms)
		DisableScriptedObjects (0ms)
		BackupInstance (0ms)
		ReleaseScriptingObjects (0ms)
		CreateAndSetChildDomain (1ms)
	RebuildCommonClasses (49ms)
	RebuildNativeTypeToScriptingClass (19ms)
	initialDomainReloadingComplete (88ms)
	LoadAllAssembliesAndSetupDomain (225ms)
		LoadAssemblies (145ms)
		RebuildTransferFunctionScriptingTraits (0ms)
		AnalyzeDomain (221ms)
			TypeCache.Refresh (219ms)
				TypeCache.ScanAssembly (195ms)
			ScanForSourceGeneratedMonoScriptInfo (1ms)
			ResolveRequiredComponents (1ms)
	FinalizeReload (589ms)
		ReleaseScriptCaches (0ms)
		RebuildScriptCaches (0ms)
		SetupLoadedEditorAssemblies (424ms)
			LogAssemblyErrors (0ms)
			InitializePlatformSupportModulesInManaged (48ms)
			SetLoadedEditorAssemblies (27ms)
			RefreshPlugins (0ms)
			BeforeProcessingInitializeOnLoad (6ms)
			ProcessInitializeOnLoadAttributes (264ms)
			ProcessInitializeOnLoadMethodAttributes (79ms)
			AfterProcessingInitializeOnLoad (0ms)
			EditorAssembliesLoaded (0ms)
		ExecutionOrderSort2 (0ms)
		AwakeInstancesAfterBackupRestoration (0ms)
========================================================================
Worker process is ready to serve import requests
Begin MonoManager ReloadAssembly
Symbol file LoadedFromMemory is not a mono symbol file
- Loaded All Assemblies, in  1.622 seconds
Refreshing native plugins compatible for Editor in 23.09 ms, found 3 plugins.
Native extension for WindowsStandalone target not found
[MODES] ModeService[none].Initialize
[MODES] ModeService[none].LoadModes
[MODES] Loading mode Default (0) for mode-current-id-Texnologies Anaptixis
Package Manager log level set to [2]
[Package Manager] Server::EnsureServerProcessIsRunning -- launch failed, reason: Unity was launched with the -noUpm command-line argument
[Package Manager] UpmClient::Send -- Unable to send message (not connected to UPM process).
[Package Manager] Cannot connect to Unity Package Manager local server
Mono: successfully reloaded assembly
- Finished resetting the current domain, in  1.828 seconds
Domain Reload Profiling: 3440ms
	BeginReloadAssembly (267ms)
		ExecutionOrderSort (0ms)
		DisableScriptedObjects (6ms)
		BackupInstance (0ms)
		ReleaseScriptingObjects (0ms)
		CreateAndSetChildDomain (47ms)
	RebuildCommonClasses (48ms)
	RebuildNativeTypeToScriptingClass (12ms)
	initialDomainReloadingComplete (60ms)
	LoadAllAssembliesAndSetupDomain (1226ms)
		LoadAssemblies (743ms)
		RebuildTransferFunctionScriptingTraits (0ms)
		AnalyzeDomain (638ms)
			TypeCache.Refresh (500ms)
				TypeCache.ScanAssembly (445ms)
			ScanForSourceGeneratedMonoScriptInfo (98ms)
			ResolveRequiredComponents (35ms)
	FinalizeReload (1829ms)
		ReleaseScriptCaches (0ms)
		RebuildScriptCaches (0ms)
		SetupLoadedEditorAssemblies (1561ms)
			LogAssemblyErrors (0ms)
			InitializePlatformSupportModulesInManaged (9ms)
			SetLoadedEditorAssemblies (5ms)
			RefreshPlugins (0ms)
			BeforeProcessingInitializeOnLoad (154ms)
			ProcessInitializeOnLoadAttributes (1074ms)
			ProcessInitializeOnLoadMethodAttributes (302ms)
			AfterProcessingInitializeOnLoad (16ms)
			EditorAssembliesLoaded (0ms)
		ExecutionOrderSort2 (0ms)
		AwakeInstancesAfterBackupRestoration (9ms)
Launched and connected shader compiler UnityShaderCompiler.exe after 0.08 seconds
Refreshing native plugins compatible for Editor in 17.69 ms, found 3 plugins.
Preloading 0 native plugins for Editor in 0.00 ms.
Unloading 8782 Unused Serialized files (Serialized files now loaded: 0)
Unloading 402 unused Assets / (30.0 MB). Loaded Objects now: 9017.
Memory consumption went from 406.0 MB to 376.0 MB.
Total: 20.322600 ms (FindLiveObjects: 1.453900 ms CreateObjectMapping: 1.712100 ms MarkObjects: 7.414800 ms  DeleteObjects: 9.739700 ms)

AssetImportParameters requested are different than current active one (requested -> active):
  custom:container-demuxer-ogg: 62fdf1f143b41e24485cea50d1cbac27 -> 
  custom:framework-win-MediaFoundation: 216162199b28c13a410421893ffa2e32 -> 
  custom:container-muxer-webm: aa71ff27fc2769a1b78a27578f13a17b -> 
  custom:video-decoder-webm-vp8: 9c59270c3fd7afecdb556c50c9e8de78 -> 
  custom:SearchIndexIgnoredProperties: e643bd26f0fe6173181afceb89e7c659 -> 
  custom:AudioImporter_EditorPlatform: d09bf68614088b80899f8185d706f6e7 -> 
  custom:audio-decoder-ogg-vorbis: bf7c407c2cedff20999df2af8eb42d56 -> 
  custom:audio-encoder-webm-vorbis: bf7c407c2cedff20999df2af8eb42d56 -> 
  custom:video-decoder-ogg-theora: a1e56fd34408186e4bbccfd4996cb3dc -> 
  custom:CustomObjectIndexerAttribute: d54d2f2da18e7612c182cf67624b6b12 -> 
  custom:container-demuxer-webm: 4f35f7cbe854078d1ac9338744f61a02 -> 
  custom:video-encoder-webm-vp8: eb34c28f22e8b96e1ab97ce403110664 -> 
========================================================================
Received Import Request.
  Time since last request: 602272.827869 seconds.
  path: Assets/Rocks_and_Boulders_2/Rocks/Prefabs_snow
  artifactKey: Guid(6bba2768ac76dcf42a9d15e9717c8149) Importer(815301076,1909f56bfc062723c751e8b465ee728b)
Start importing Assets/Rocks_and_Boulders_2/Rocks/Prefabs_snow using Guid(6bba2768ac76dcf42a9d15e9717c8149) Importer(815301076,1909f56bfc062723c751e8b465ee728b)  -> (artifact id: '853a496414875f3d750c51c2f216547d') in 0.002417 seconds
Number of updated asset objects reloaded before import = 0
Number of asset objects unloaded after import = 0
========================================================================
Received Import Request.
  Time since last request: 0.036315 seconds.
  path: Assets/Rocks_and_Boulders_2/Rocks/Prefabs_snow/Rock1_grup1.prefab
  artifactKey: Guid(564ee2d9da8d5fa4ca9d1b7054064847) Importer(815301076,1909f56bfc062723c751e8b465ee728b)
Start importing Assets/Rocks_and_Boulders_2/Rocks/Prefabs_snow/Rock1_grup1.prefab using Guid(564ee2d9da8d5fa4ca9d1b7054064847) Importer(815301076,1909f56bfc062723c751e8b465ee728b)  -> (artifact id: 'd6aa50793c42405f17ed5a972e7f780c') in 0.860193 seconds
Number of updated asset objects reloaded before import = 0
Number of asset objects unloaded after import = 37
========================================================================
Received Import Request.
  Time since last request: 0.000039 seconds.
  path: Assets/Rocks_and_Boulders_2/Rocks/Prefabs_snow/Rock1LOD_grup4.prefab
  artifactKey: Guid(42b65c30a64bfc9438498b2acee449a8) Importer(815301076,1909f56bfc062723c751e8b465ee728b)
Start importing Assets/Rocks_and_Boulders_2/Rocks/Prefabs_snow/Rock1LOD_grup4.prefab using Guid(42b65c30a64bfc9438498b2acee449a8) Importer(815301076,1909f56bfc062723c751e8b465ee728b)  -> (artifact id: 'cbb933279160352812b27cbd46c77745') in 0.097369 seconds
Number of updated asset objects reloaded before import = 0
Number of asset objects unloaded after import = 45
========================================================================
Received Import Request.
  Time since last request: 0.000048 seconds.
  path: Assets/Rocks_and_Boulders_2/Rocks/Prefabs_snow/Rock1A.prefab
  artifactKey: Guid(f28e8463f4463eb48afeccffe267583f) Importer(815301076,1909f56bfc062723c751e8b465ee728b)
Start importing Assets/Rocks_and_Boulders_2/Rocks/Prefabs_snow/Rock1A.prefab using Guid(f28e8463f4463eb48afeccffe267583f) Importer(815301076,1909f56bfc062723c751e8b465ee728b)  -> (artifact id: '3a40a5947f0d2c302d6e13fbb4a86c0c') in 0.089389 seconds
Number of updated asset objects reloaded before import = 0
Number of asset objects unloaded after import = 18
========================================================================
Received Import Request.
  Time since last request: 0.000055 seconds.
  path: Assets/Rocks_and_Boulders_2/Rocks/Prefabs_snow/Rock1_grup4.prefab
  artifactKey: Guid(bf6a1a77eb8dd9e4081b94f6b53896b4) Importer(815301076,1909f56bfc062723c751e8b465ee728b)
Start importing Assets/Rocks_and_Boulders_2/Rocks/Prefabs_snow/Rock1_grup4.prefab using Guid(bf6a1a77eb8dd9e4081b94f6b53896b4) Importer(815301076,1909f56bfc062723c751e8b465ee728b)  -> (artifact id: '11d07913a89d4c6ae4b5b983b73d9cd3') in 0.071881 seconds
Number of updated asset objects reloaded before import = 0
Number of asset objects unloaded after import = 42
========================================================================
Received Import Request.
  Time since last request: 0.000041 seconds.
  path: Assets/Rocks_and_Boulders_2/Rocks/Prefabs_snow/Rock1LOD_grup3.prefab
  artifactKey: Guid(8bd6b625311e9704787885a24a5bd6b8) Importer(815301076,1909f56bfc062723c751e8b465ee728b)
Start importing Assets/Rocks_and_Boulders_2/Rocks/Prefabs_snow/Rock1LOD_grup3.prefab using Guid(8bd6b625311e9704787885a24a5bd6b8) Importer(815301076,1909f56bfc062723c751e8b465ee728b)  -> (artifact id: '3e0d1396aba422635a843fafdd3fc4b4') in 0.084255 seconds
Number of updated asset objects reloaded before import = 0
Number of asset objects unloaded after import = 39
========================================================================
Received Import Request.
  Time since last request: 0.000108 seconds.
  path: Assets/Rocks_and_Boulders_2/Rocks/Prefabs_snow/Rock1_grup5.prefab
  artifactKey: Guid(5bf4c3bd12eed3040a89c71b45c451bb) Importer(815301076,1909f56bfc062723c751e8b465ee728b)
Start importing Assets/Rocks_and_Boulders_2/Rocks/Prefabs_snow/Rock1_grup5.prefab using Guid(5bf4c3bd12eed3040a89c71b45c451bb) Importer(815301076,1909f56bfc062723c751e8b465ee728b)  -> (artifact id: 'd4af6fe3f0df58f5369954113950ec53') in 0.134892 seconds
Number of updated asset objects reloaded before import = 0
Number of asset objects unloaded after import = 41
========================================================================
Received Import Request.
  Time since last request: 0.000067 seconds.
  path: Assets/Rocks_and_Boulders_2/Rocks/Prefabs_snow/Rock1D.prefab
  artifactKey: Guid(805c67df44184af4397411e0ea8b8c50) Importer(815301076,1909f56bfc062723c751e8b465ee728b)
Start importing Assets/Rocks_and_Boulders_2/Rocks/Prefabs_snow/Rock1D.prefab using Guid(805c67df44184af4397411e0ea8b8c50) Importer(815301076,1909f56bfc062723c751e8b465ee728b)  -> (artifact id: '5b93d8ad4e7b7c4e16d2c5487e1aeba4') in 0.063575 seconds
Number of updated asset objects reloaded before import = 0
Number of asset objects unloaded after import = 18
========================================================================
Received Import Request.
  Time since last request: 0.000054 seconds.
  path: Assets/Rocks_and_Boulders_2/Rocks/Prefabs_snow/Rock3.prefab
  artifactKey: Guid(129cfb255bc090342ac36842d5d2d4ef) Importer(815301076,1909f56bfc062723c751e8b465ee728b)
Start importing Assets/Rocks_and_Boulders_2/Rocks/Prefabs_snow/Rock3.prefab using Guid(129cfb255bc090342ac36842d5d2d4ef) Importer(815301076,1909f56bfc062723c751e8b465ee728b)  -> (artifact id: '518ace7095470c86e5fe507661f7bc0f') in 0.151886 seconds
Number of updated asset objects reloaded before import = 0
Number of asset objects unloaded after import = 17
========================================================================
Received Import Request.
  Time since last request: 0.000068 seconds.
  path: Assets/Rocks_and_Boulders_2/Rocks/Prefabs_snow/Rock5B.prefab
  artifactKey: Guid(29599744f5049f148a2f191725b6d22b) Importer(815301076,1909f56bfc062723c751e8b465ee728b)
Start importing Assets/Rocks_and_Boulders_2/Rocks/Prefabs_snow/Rock5B.prefab using Guid(29599744f5049f148a2f191725b6d22b) Importer(815301076,1909f56bfc062723c751e8b465ee728b)  -> (artifact id: '90d15954b37cfdaec4ade32c3cd5c694') in 0.148245 seconds
Number of updated asset objects reloaded before import = 0
Number of asset objects unloaded after import = 17
========================================================================
Received Import Request.
  Time since last request: 0.000031 seconds.
  path: Assets/Rocks_and_Boulders_2/Rocks/Prefabs_snow/Rock1LOD_grup2.prefab
  artifactKey: Guid(b94f8f8da47ae2a4c81242eb6b7d3536) Importer(815301076,1909f56bfc062723c751e8b465ee728b)
Start importing Assets/Rocks_and_Boulders_2/Rocks/Prefabs_snow/Rock1LOD_grup2.prefab using Guid(b94f8f8da47ae2a4c81242eb6b7d3536) Importer(815301076,1909f56bfc062723c751e8b465ee728b)  -> (artifact id: '3fe4e2c1f05f3eb7a51097085bb99311') in 0.091085 seconds
Number of updated asset objects reloaded before import = 0
Number of asset objects unloaded after import = 44
========================================================================
Received Import Request.
  Time since last request: 0.000036 seconds.
  path: Assets/Rocks_and_Boulders_2/Rocks/Prefabs_snow/Rock1_grup3.prefab
  artifactKey: Guid(8193811d456e8954ba1e1cc695b8b6f1) Importer(815301076,1909f56bfc062723c751e8b465ee728b)
Start importing Assets/Rocks_and_Boulders_2/Rocks/Prefabs_snow/Rock1_grup3.prefab using Guid(8193811d456e8954ba1e1cc695b8b6f1) Importer(815301076,1909f56bfc062723c751e8b465ee728b)  -> (artifact id: '1799ffb223018e6a11258226328dad61') in 0.074323 seconds
Number of updated asset objects reloaded before import = 0
Number of asset objects unloaded after import = 36
========================================================================
Received Import Request.
  Time since last request: 0.000044 seconds.
  path: Assets/Rocks_and_Boulders_2/Rocks/Prefabs_snow/Rock6C.prefab
  artifactKey: Guid(3cdca21e3ff972741b53a424624c9654) Importer(815301076,1909f56bfc062723c751e8b465ee728b)
Start importing Assets/Rocks_and_Boulders_2/Rocks/Prefabs_snow/Rock6C.prefab using Guid(3cdca21e3ff972741b53a424624c9654) Importer(815301076,1909f56bfc062723c751e8b465ee728b)  -> (artifact id: 'c84791fb5fbf5e2ccb7e9a042131c3d6') in 0.063322 seconds
Number of updated asset objects reloaded before import = 0
Number of asset objects unloaded after import = 17
Editor requested this worker to shutdown with reason: Scaling down because of idle timeout
TcpMessagingSession - receive error: operation aborted. errorcode: 995, details: The I/O operation has been aborted because of either a thread exit or an application request.
AssetImportWorker is now disconnected from the server
Process exiting
Exiting without the bug reporter. Application will terminate with return code 0