Using pre-set license
Built from '2022.3/staging' branch; Version is '2022.3.11f1 (d00248457e15) revision 13632072'; Using compiler version '192829333'; Build Type 'Release'
OS: 'Windows 10  (10.0.19045) 64bit Core' Language: 'en' Physical Memory: 16264 MB
BatchMode: 1, IsHumanControllingUs: 0, StartBugReporterOnCrash: 0, Is64bit: 1, IsPro: 1

COMMAND LINE ARGUMENTS:
C:\Program Files\Unity\Hub\Editor\2022.3.11f1\Editor\Unity.exe
-adb2
-batchMode
-noUpm
-name
AssetImportWorker15
-projectPath
C:/Users/ZE BEBE/Desktop/GameTech/Texnologies
-logFile
Logs/AssetImportWorker15.log
-srvPort
52119
Successfully changed project path to: C:/Users/ZE BEBE/Desktop/GameTech/Texnologies
C:/Users/ZE BEBE/Desktop/GameTech/Texnologies
[UnityMemory] Configuration Parameters - Can be set up in boot.config
    "memorysetup-bucket-allocator-granularity=16"
    "memorysetup-bucket-allocator-bucket-count=8"
    "memorysetup-bucket-allocator-block-size=33554432"
    "memorysetup-bucket-allocator-block-count=8"
    "memorysetup-main-allocator-block-size=16777216"
    "memorysetup-thread-allocator-block-size=16777216"
    "memorysetup-gfx-main-allocator-block-size=16777216"
    "memorysetup-gfx-thread-allocator-block-size=16777216"
    "memorysetup-cache-allocator-block-size=4194304"
    "memorysetup-typetree-allocator-block-size=2097152"
    "memorysetup-profiler-bucket-allocator-granularity=16"
    "memorysetup-profiler-bucket-allocator-bucket-count=8"
    "memorysetup-profiler-bucket-allocator-block-size=33554432"
    "memorysetup-profiler-bucket-allocator-block-count=8"
    "memorysetup-profiler-allocator-block-size=16777216"
    "memorysetup-profiler-editor-allocator-block-size=1048576"
    "memorysetup-temp-allocator-size-main=16777216"
    "memorysetup-job-temp-allocator-block-size=2097152"
    "memorysetup-job-temp-allocator-block-size-background=1048576"
    "memorysetup-job-temp-allocator-reduction-small-platforms=262144"
    "memorysetup-allocator-temp-initial-block-size-main=262144"
    "memorysetup-allocator-temp-initial-block-size-worker=262144"
    "memorysetup-temp-allocator-size-background-worker=32768"
    "memorysetup-temp-allocator-size-job-worker=262144"
    "memorysetup-temp-allocator-size-preload-manager=33554432"
    "memorysetup-temp-allocator-size-nav-mesh-worker=65536"
    "memorysetup-temp-allocator-size-audio-worker=65536"
    "memorysetup-temp-allocator-size-cloud-worker=32768"
    "memorysetup-temp-allocator-size-gi-baking-worker=262144"
    "memorysetup-temp-allocator-size-gfx=262144"
Player connection [7424] Host "[IP] 192.168.1.6 [Port] 0 [Flags] 2 [Guid] 1638563565 [EditorId] 1638563565 [Version] 1048832 [Id] WindowsEditor(7,ZEBEBE) [Debug] 1 [PackageName] WindowsEditor [ProjectName] Editor" joined multi-casting on [225.0.0.222:54997]...

Player connection [7424] Host "[IP] 192.168.1.6 [Port] 0 [Flags] 2 [Guid] 1638563565 [EditorId] 1638563565 [Version] 1048832 [Id] WindowsEditor(7,ZEBEBE) [Debug] 1 [PackageName] WindowsEditor [ProjectName] Editor" joined alternative multi-casting on [225.0.0.222:34997]...

[Physics::Module] Initialized MultithreadedJobDispatcher with 7 workers.
Refreshing native plugins compatible for Editor in 49.65 ms, found 3 plugins.
Preloading 0 native plugins for Editor in 0.00 ms.
Initialize engine version: 2022.3.11f1 (d00248457e15)
[Subsystems] Discovering subsystems at path C:/Program Files/Unity/Hub/Editor/2022.3.11f1/Editor/Data/Resources/UnitySubsystems
[Subsystems] Discovering subsystems at path C:/Users/ZE BEBE/Desktop/GameTech/Texnologies/Assets
GfxDevice: creating device client; threaded=0; jobified=0
Direct3D:
    Version:  Direct3D 11.0 [level 11.1]
    Renderer: NVIDIA GeForce GTX 1050 (ID=0x1c91)
    Vendor:   NVIDIA
    VRAM:     2995 MB
    Driver:   31.0.15.3713
Initialize mono
Mono path[0] = 'C:/Program Files/Unity/Hub/Editor/2022.3.11f1/Editor/Data/Managed'
Mono path[1] = 'C:/Program Files/Unity/Hub/Editor/2022.3.11f1/Editor/Data/MonoBleedingEdge/lib/mono/unityjit-win32'
Mono config path = 'C:/Program Files/Unity/Hub/Editor/2022.3.11f1/Editor/Data/MonoBleedingEdge/etc'
Using monoOptions --debugger-agent=transport=dt_socket,embedding=1,server=y,suspend=n,address=127.0.0.1:56256
Begin MonoManager ReloadAssembly
Registering precompiled unity dll's ...
Register platform support module: C:/Program Files/Unity/Hub/Editor/2022.3.11f1/Editor/Data/PlaybackEngines/WindowsStandaloneSupport/UnityEditor.WindowsStandalone.Extensions.dll
Registered in 0.022124 seconds.
- Loaded All Assemblies, in  0.665 seconds
Native extension for WindowsStandalone target not found
Mono: successfully reloaded assembly
- Finished resetting the current domain, in  0.402 seconds
Domain Reload Profiling: 1063ms
	BeginReloadAssembly (226ms)
		ExecutionOrderSort (0ms)
		DisableScriptedObjects (0ms)
		BackupInstance (0ms)
		ReleaseScriptingObjects (0ms)
		CreateAndSetChildDomain (1ms)
	RebuildCommonClasses (71ms)
	RebuildNativeTypeToScriptingClass (14ms)
	initialDomainReloadingComplete (114ms)
	LoadAllAssembliesAndSetupDomain (235ms)
		LoadAssemblies (222ms)
		RebuildTransferFunctionScriptingTraits (0ms)
		AnalyzeDomain (233ms)
			TypeCache.Refresh (231ms)
				TypeCache.ScanAssembly (208ms)
			ScanForSourceGeneratedMonoScriptInfo (0ms)
			ResolveRequiredComponents (1ms)
	FinalizeReload (403ms)
		ReleaseScriptCaches (0ms)
		RebuildScriptCaches (0ms)
		SetupLoadedEditorAssemblies (310ms)
			LogAssemblyErrors (0ms)
			InitializePlatformSupportModulesInManaged (13ms)
			SetLoadedEditorAssemblies (10ms)
			RefreshPlugins (0ms)
			BeforeProcessingInitializeOnLoad (6ms)
			ProcessInitializeOnLoadAttributes (211ms)
			ProcessInitializeOnLoadMethodAttributes (70ms)
			AfterProcessingInitializeOnLoad (0ms)
			EditorAssembliesLoaded (0ms)
		ExecutionOrderSort2 (0ms)
		AwakeInstancesAfterBackupRestoration (0ms)
========================================================================
Worker process is ready to serve import requests
Begin MonoManager ReloadAssembly
Symbol file LoadedFromMemory is not a mono symbol file
- Loaded All Assemblies, in  1.491 seconds
Refreshing native plugins compatible for Editor in 18.44 ms, found 3 plugins.
Native extension for WindowsStandalone target not found
Error saving file Library/StateCache/LayerSettings/9e/9ecc5c3c162a7aba29bafa64c8b94b7c.json. Error: System.IO.IOException: Sharing violation on path C:\Users\ZE BEBE\Desktop\GameTech\Texnologies\Library\StateCache\LayerSettings\9e\9ecc5c3c162a7aba29bafa64c8b94b7c.json
  at System.IO.FileStream..ctor (System.String path, System.IO.FileMode mode, System.IO.FileAccess access, System.IO.FileShare share, System.Int32 bufferSize, System.Boolean anonymous, System.IO.FileOptions options) [0x0019e] in <834b2ded5dad441e8c7a4287897d63c7>:0 
  at System.IO.FileStream..ctor (System.String path, System.IO.FileMode mode, System.IO.FileAccess access, System.IO.FileShare share, System.Int32 bufferSize, System.IO.FileOptions options) [0x00000] in <834b2ded5dad441e8c7a4287897d63c7>:0 
  at (wrapper remoting-invoke-with-check) System.IO.FileStream..ctor(string,System.IO.FileMode,System.IO.FileAccess,System.IO.FileShare,int,System.IO.FileOptions)
  at System.IO.StreamWriter..ctor (System.String path, System.Boolean append, System.Text.Encoding encoding, System.Int32 bufferSize) [0x00055] in <834b2ded5dad441e8c7a4287897d63c7>:0 
  at System.IO.StreamWriter..ctor (System.String path, System.Boolean append, System.Text.Encoding encoding) [0x00000] in <834b2ded5dad441e8c7a4287897d63c7>:0 
  at (wrapper remoting-invoke-with-check) System.IO.StreamWriter..ctor(string,bool,System.Text.Encoding)
  at System.IO.File.WriteAllText (System.String path, System.String contents, System.Text.Encoding encoding) [0x00034] in <834b2ded5dad441e8c7a4287897d63c7>:0 
  at UnityEditor.StateCache`1[T].SetState (UnityEngine.Hash128 key, T obj) [0x0004b] in <9920ff0c944845d7b9f9a61ef1478edc>:0 
UnityEngine.StackTraceUtility:ExtractStackTrace ()
UnityEngine.DebugLogHandler:LogFormat (UnityEngine.LogType,UnityEngine.Object,string,object[])
UnityEngine.Logger:Log (UnityEngine.LogType,object)
UnityEngine.Debug:LogError (object)
UnityEditor.StateCache`1<UnityEditor.Tools/LayerSettings>:SetState (UnityEngine.Hash128,UnityEditor.Tools/LayerSettings)
UnityEditor.Tools:set_lockedLayers (int)
UnityEditor.Tools:OnEnable ()
UnityEngine.ScriptableObject:CreateInstance (System.Type)
UnityEngine.ScriptableObject:CreateInstance<UnityEditor.Tools> ()
UnityEditor.Tools:get_get ()
UnityEditor.Tools:get_visibleLayers ()
UnityEditor.Animations.Rigging.BoneRendererUtils:.cctor () (at ./Library/PackageCache/com.unity.animation.rigging@1.2.1/Editor/Utils/BoneRendererUtils.cs:121)
System.Runtime.CompilerServices.RuntimeHelpers:RunClassConstructor (System.RuntimeTypeHandle)
UnityEditor.EditorAssemblies:ProcessInitializeOnLoadAttributes (System.Type[])

(Filename: ./Library/PackageCache/com.unity.animation.rigging@1.2.1/Editor/Utils/BoneRendererUtils.cs Line: 121)

[MODES] ModeService[none].Initialize
[MODES] ModeService[none].LoadModes
[MODES] Loading mode Default (0) for mode-current-id-Texnologies Anaptixis
Package Manager log level set to [2]
[Package Manager] Server::EnsureServerProcessIsRunning -- launch failed, reason: Unity was launched with the -noUpm command-line argument
[Package Manager] UpmClient::Send -- Unable to send message (not connected to UPM process).
[Package Manager] Cannot connect to Unity Package Manager local server
Mono: successfully reloaded assembly
- Finished resetting the current domain, in  1.735 seconds
Domain Reload Profiling: 3214ms
	BeginReloadAssembly (222ms)
		ExecutionOrderSort (0ms)
		DisableScriptedObjects (6ms)
		BackupInstance (0ms)
		ReleaseScriptingObjects (0ms)
		CreateAndSetChildDomain (34ms)
	RebuildCommonClasses (50ms)
	RebuildNativeTypeToScriptingClass (14ms)
	initialDomainReloadingComplete (68ms)
	LoadAllAssembliesAndSetupDomain (1125ms)
		LoadAssemblies (738ms)
		RebuildTransferFunctionScriptingTraits (0ms)
		AnalyzeDomain (519ms)
			TypeCache.Refresh (437ms)
				TypeCache.ScanAssembly (387ms)
			ScanForSourceGeneratedMonoScriptInfo (60ms)
			ResolveRequiredComponents (19ms)
	FinalizeReload (1735ms)
		ReleaseScriptCaches (0ms)
		RebuildScriptCaches (0ms)
		SetupLoadedEditorAssemblies (1424ms)
			LogAssemblyErrors (0ms)
			InitializePlatformSupportModulesInManaged (11ms)
			SetLoadedEditorAssemblies (5ms)
			RefreshPlugins (0ms)
			BeforeProcessingInitializeOnLoad (184ms)
			ProcessInitializeOnLoadAttributes (885ms)
			ProcessInitializeOnLoadMethodAttributes (322ms)
			AfterProcessingInitializeOnLoad (16ms)
			EditorAssembliesLoaded (0ms)
		ExecutionOrderSort2 (0ms)
		AwakeInstancesAfterBackupRestoration (8ms)
Launched and connected shader compiler UnityShaderCompiler.exe after 0.08 seconds
Refreshing native plugins compatible for Editor in 25.80 ms, found 3 plugins.
Preloading 0 native plugins for Editor in 0.00 ms.
Unloading 8784 Unused Serialized files (Serialized files now loaded: 0)
Unloading 402 unused Assets / (30.0 MB). Loaded Objects now: 9019.
Memory consumption went from 407.7 MB to 377.7 MB.
Total: 29.536200 ms (FindLiveObjects: 0.690000 ms CreateObjectMapping: 0.883100 ms MarkObjects: 11.364900 ms  DeleteObjects: 16.596400 ms)

AssetImportParameters requested are different than current active one (requested -> active):
  custom:container-demuxer-ogg: 62fdf1f143b41e24485cea50d1cbac27 -> 
  custom:framework-win-MediaFoundation: 216162199b28c13a410421893ffa2e32 -> 
  custom:container-muxer-webm: aa71ff27fc2769a1b78a27578f13a17b -> 
  custom:video-decoder-webm-vp8: 9c59270c3fd7afecdb556c50c9e8de78 -> 
  custom:SearchIndexIgnoredProperties: e643bd26f0fe6173181afceb89e7c659 -> 
  custom:AudioImporter_EditorPlatform: d09bf68614088b80899f8185d706f6e7 -> 
  custom:audio-decoder-ogg-vorbis: bf7c407c2cedff20999df2af8eb42d56 -> 
  custom:audio-encoder-webm-vorbis: bf7c407c2cedff20999df2af8eb42d56 -> 
  custom:video-decoder-ogg-theora: a1e56fd34408186e4bbccfd4996cb3dc -> 
  custom:CustomObjectIndexerAttribute: d54d2f2da18e7612c182cf67624b6b12 -> 
  custom:container-demuxer-webm: 4f35f7cbe854078d1ac9338744f61a02 -> 
  custom:video-encoder-webm-vp8: eb34c28f22e8b96e1ab97ce403110664 -> 
========================================================================
Received Import Request.
  Time since last request: 606028.685530 seconds.
  path: Assets/StylizedSpruceTree/Assets
  artifactKey: Guid(37bf19a115598414bb8382604538d1a9) Importer(815301076,1909f56bfc062723c751e8b465ee728b)
Start importing Assets/StylizedSpruceTree/Assets using Guid(37bf19a115598414bb8382604538d1a9) Importer(815301076,1909f56bfc062723c751e8b465ee728b)  -> (artifact id: 'c533ab840c5f4e8925b93a6b08dafc8e') in 0.004850 seconds
Number of updated asset objects reloaded before import = 0
Number of asset objects unloaded after import = 0
========================================================================
Received Import Request.
  Time since last request: 1.020812 seconds.
  path: Assets/StylizedSpruceTree/Assets/Vegetation
  artifactKey: Guid(5c239e395f5fc714784ae412137184de) Importer(815301076,1909f56bfc062723c751e8b465ee728b)
Start importing Assets/StylizedSpruceTree/Assets/Vegetation using Guid(5c239e395f5fc714784ae412137184de) Importer(815301076,1909f56bfc062723c751e8b465ee728b)  -> (artifact id: '1915c081a54b513f50df2bb5873fb02f') in 0.000803 seconds
Number of updated asset objects reloaded before import = 0
Number of asset objects unloaded after import = 0
========================================================================
Received Import Request.
  Time since last request: 5.562150 seconds.
  path: Assets/StylizedSpruceTree/Assets/Vegetation/Model
  artifactKey: Guid(292f5008c1e04c54295d37180defacd2) Importer(815301076,1909f56bfc062723c751e8b465ee728b)
Start importing Assets/StylizedSpruceTree/Assets/Vegetation/Model using Guid(292f5008c1e04c54295d37180defacd2) Importer(815301076,1909f56bfc062723c751e8b465ee728b)  -> (artifact id: 'fd8c5257b863b9a7ade96d8d8893b3f0') in 0.000922 seconds
Number of updated asset objects reloaded before import = 0
Number of asset objects unloaded after import = 0
========================================================================
Received Import Request.
  Time since last request: 0.051612 seconds.
  path: Assets/StylizedSpruceTree/Assets/Vegetation/Model/Spruce_Tree_V0.fbx
  artifactKey: Guid(615bc3e0fb65d6645b7f2be770b642f3) Importer(815301076,1909f56bfc062723c751e8b465ee728b)
Start importing Assets/StylizedSpruceTree/Assets/Vegetation/Model/Spruce_Tree_V0.fbx using Guid(615bc3e0fb65d6645b7f2be770b642f3) Importer(815301076,1909f56bfc062723c751e8b465ee728b)  -> (artifact id: 'a574f8e5d507df557cfddb10dd7d5323') in 1.252188 seconds
Number of updated asset objects reloaded before import = 0
Number of asset objects unloaded after import = 25
========================================================================
Received Import Request.
  Time since last request: 1.589620 seconds.
  path: Assets/StylizedSpruceTree/Assets/Vegetation/Prefab
  artifactKey: Guid(ffa480b5c063e324f9d51e3bfd31f4a8) Importer(815301076,1909f56bfc062723c751e8b465ee728b)
Start importing Assets/StylizedSpruceTree/Assets/Vegetation/Prefab using Guid(ffa480b5c063e324f9d51e3bfd31f4a8) Importer(815301076,1909f56bfc062723c751e8b465ee728b)  -> (artifact id: '948378aefbe8a3643fe9d241988e2042') in 0.002351 seconds
Number of updated asset objects reloaded before import = 0
Number of asset objects unloaded after import = 0
========================================================================
Received Import Request.
  Time since last request: 0.049836 seconds.
  path: Assets/StylizedSpruceTree/Assets/Vegetation/Prefab/Spruce_Tree_V0.prefab
  artifactKey: Guid(047b5b032c4ae3d439f03898183eaaf3) Importer(815301076,1909f56bfc062723c751e8b465ee728b)
Start importing Assets/StylizedSpruceTree/Assets/Vegetation/Prefab/Spruce_Tree_V0.prefab using Guid(047b5b032c4ae3d439f03898183eaaf3) Importer(815301076,1909f56bfc062723c751e8b465ee728b)  -> (artifact id: '247b9f842c364f15c6127201411d2bb3') in 0.187644 seconds
Number of updated asset objects reloaded before import = 0
Number of asset objects unloaded after import = 29
========================================================================
Received Import Request.
  Time since last request: 0.000098 seconds.
  path: Assets/StylizedSpruceTree/Assets/Vegetation/Prefab/Spruce_Tree_V5 (1).prefab
  artifactKey: Guid(d95502fb8c3d8374d8690387611be941) Importer(815301076,1909f56bfc062723c751e8b465ee728b)
Start importing Assets/StylizedSpruceTree/Assets/Vegetation/Prefab/Spruce_Tree_V5 (1).prefab using Guid(d95502fb8c3d8374d8690387611be941) Importer(815301076,1909f56bfc062723c751e8b465ee728b)  -> (artifact id: 'd14327ceccb19bf119318767f23aae3f') in 0.180756 seconds
Number of updated asset objects reloaded before import = 0
Number of asset objects unloaded after import = 29
========================================================================
Received Import Request.
  Time since last request: 0.000116 seconds.
  path: Assets/StylizedSpruceTree/Assets/Vegetation/Prefab/Spruce_Tree_V2.prefab
  artifactKey: Guid(584ed0e64884b1f478626715b8ae3ef2) Importer(815301076,1909f56bfc062723c751e8b465ee728b)
Start importing Assets/StylizedSpruceTree/Assets/Vegetation/Prefab/Spruce_Tree_V2.prefab using Guid(584ed0e64884b1f478626715b8ae3ef2) Importer(815301076,1909f56bfc062723c751e8b465ee728b)  -> (artifact id: '84d4f6aef8de00e729be7b8e8a5cb6e1') in 0.147748 seconds
Number of updated asset objects reloaded before import = 0
Number of asset objects unloaded after import = 29
========================================================================
Received Import Request.
  Time since last request: 14.704220 seconds.
  path: Assets/StylizedSpruceTree/Assets/Vegetation/Material
  artifactKey: Guid(3438f2f1adae45444ba25083c7c55d52) Importer(815301076,1909f56bfc062723c751e8b465ee728b)
Start importing Assets/StylizedSpruceTree/Assets/Vegetation/Material using Guid(3438f2f1adae45444ba25083c7c55d52) Importer(815301076,1909f56bfc062723c751e8b465ee728b)  -> (artifact id: 'db2ae47d64eacfefcaafe767451bcd5f') in 0.011925 seconds
Number of updated asset objects reloaded before import = 0
Number of asset objects unloaded after import = 0
========================================================================
Received Import Request.
  Time since last request: 0.022268 seconds.
  path: Assets/StylizedSpruceTree/Assets/Vegetation/Material/Spruce_Bark.mat
  artifactKey: Guid(9b87e5598b823d840abff4a624e69d37) Importer(815301076,1909f56bfc062723c751e8b465ee728b)
Start importing Assets/StylizedSpruceTree/Assets/Vegetation/Material/Spruce_Bark.mat using Guid(9b87e5598b823d840abff4a624e69d37) Importer(815301076,1909f56bfc062723c751e8b465ee728b)  -> (artifact id: '17df03a06b5498f8462c07321177e262') in 0.096653 seconds
Number of updated asset objects reloaded before import = 0
Number of asset objects unloaded after import = 5
========================================================================
Received Import Request.
  Time since last request: 5357.211567 seconds.
  path: Assets/Sci-Fi_Styled_Modular_Pack/Materials
  artifactKey: Guid(cdd317393a892a442866c01c1e103e34) Importer(815301076,1909f56bfc062723c751e8b465ee728b)
Start importing Assets/Sci-Fi_Styled_Modular_Pack/Materials using Guid(cdd317393a892a442866c01c1e103e34) Importer(815301076,1909f56bfc062723c751e8b465ee728b)  -> (artifact id: '3e57bdd3e8f9dea5d782414941091996') in 0.020619 seconds
Number of updated asset objects reloaded before import = 6
Number of asset objects unloaded after import = 0
========================================================================
Received Import Request.
  Time since last request: 0.000079 seconds.
  path: Assets/Sci-Fi_Styled_Modular_Pack/Materials/black-color.mat
  artifactKey: Guid(68d28fc4e010ac44a929c4d741b0f1d1) Importer(815301076,1909f56bfc062723c751e8b465ee728b)
Start importing Assets/Sci-Fi_Styled_Modular_Pack/Materials/black-color.mat using Guid(68d28fc4e010ac44a929c4d741b0f1d1) Importer(815301076,1909f56bfc062723c751e8b465ee728b)  -> (artifact id: 'b15695918eab731bb572316b5ef914fd') in 0.074581 seconds
Number of updated asset objects reloaded before import = 0
Number of asset objects unloaded after import = 3
========================================================================
Received Import Request.
  Time since last request: 0.000048 seconds.
  path: Assets/Sci-Fi_Styled_Modular_Pack/Materials/projector_warning.mat
  artifactKey: Guid(51d587eafcd13384bafd060c5bc7cb82) Importer(815301076,1909f56bfc062723c751e8b465ee728b)
Start importing Assets/Sci-Fi_Styled_Modular_Pack/Materials/projector_warning.mat using Guid(51d587eafcd13384bafd060c5bc7cb82) Importer(815301076,1909f56bfc062723c751e8b465ee728b)  -> (artifact id: 'ae9be9ebf33d5466cf6779cc829f1b45') in 0.053466 seconds
Number of updated asset objects reloaded before import = 0
Number of asset objects unloaded after import = 2
========================================================================
Received Import Request.
  Time since last request: 0.001084 seconds.
  path: Assets/Sci-Fi_Styled_Modular_Pack/Materials/hologram_particle.mat
  artifactKey: Guid(d37e8378fe566f84a8b75b0083ec4838) Importer(815301076,1909f56bfc062723c751e8b465ee728b)
Start importing Assets/Sci-Fi_Styled_Modular_Pack/Materials/hologram_particle.mat using Guid(d37e8378fe566f84a8b75b0083ec4838) Importer(815301076,1909f56bfc062723c751e8b465ee728b)  -> (artifact id: '60cc4ebb736559667cf6189a21d5ba7d') in 0.046533 seconds
Number of updated asset objects reloaded before import = 0
Number of asset objects unloaded after import = 2
========================================================================
Received Import Request.
  Time since last request: 0.000042 seconds.
  path: Assets/Sci-Fi_Styled_Modular_Pack/Materials/white emision.mat
  artifactKey: Guid(6b6dfd77776c54a4781ec8cab4d87860) Importer(815301076,1909f56bfc062723c751e8b465ee728b)
Start importing Assets/Sci-Fi_Styled_Modular_Pack/Materials/white emision.mat using Guid(6b6dfd77776c54a4781ec8cab4d87860) Importer(815301076,1909f56bfc062723c751e8b465ee728b)  -> (artifact id: '38e7fb0f176064c650075ffbcb3f8267') in 0.086663 seconds
Number of updated asset objects reloaded before import = 0
Number of asset objects unloaded after import = 3
========================================================================
Received Import Request.
  Time since last request: 0.000042 seconds.
  path: Assets/Sci-Fi_Styled_Modular_Pack/Materials/window.mat
  artifactKey: Guid(6df5b81390f2c8d4d967baea2b0a190e) Importer(815301076,1909f56bfc062723c751e8b465ee728b)
Start importing Assets/Sci-Fi_Styled_Modular_Pack/Materials/window.mat using Guid(6df5b81390f2c8d4d967baea2b0a190e) Importer(815301076,1909f56bfc062723c751e8b465ee728b)  -> (artifact id: '79b6cbf8629a0253f170489d6b4a24cf') in 0.093195 seconds
Number of updated asset objects reloaded before import = 0
Number of asset objects unloaded after import = 4
========================================================================
Received Import Request.
  Time since last request: 0.000057 seconds.
  path: Assets/Sci-Fi_Styled_Modular_Pack/Materials/blood-color.mat
  artifactKey: Guid(58055b5ba49b7e84a836144a50467197) Importer(815301076,1909f56bfc062723c751e8b465ee728b)
Start importing Assets/Sci-Fi_Styled_Modular_Pack/Materials/blood-color.mat using Guid(58055b5ba49b7e84a836144a50467197) Importer(815301076,1909f56bfc062723c751e8b465ee728b)  -> (artifact id: 'ee9baf1f355af98abb2a8991e81cf984') in 0.054759 seconds
Number of updated asset objects reloaded before import = 0
Number of asset objects unloaded after import = 3
========================================================================
Received Import Request.
  Time since last request: 0.000086 seconds.
  path: Assets/Sci-Fi_Styled_Modular_Pack/Materials/lattice 1.mat
  artifactKey: Guid(6c22cb0b3ce4e1a4494a25ba5f3af4fc) Importer(815301076,1909f56bfc062723c751e8b465ee728b)
Start importing Assets/Sci-Fi_Styled_Modular_Pack/Materials/lattice 1.mat using Guid(6c22cb0b3ce4e1a4494a25ba5f3af4fc) Importer(815301076,1909f56bfc062723c751e8b465ee728b)  -> (artifact id: 'df83f304526b653fd9ada6a7ed01e564') in 0.071899 seconds
Number of updated asset objects reloaded before import = 0
Number of asset objects unloaded after import = 3
========================================================================
Received Import Request.
  Time since last request: 0.000034 seconds.
  path: Assets/Sci-Fi_Styled_Modular_Pack/Materials/blue emission.mat
  artifactKey: Guid(5476ae29e2e50194abce19e5cacce575) Importer(815301076,1909f56bfc062723c751e8b465ee728b)
Start importing Assets/Sci-Fi_Styled_Modular_Pack/Materials/blue emission.mat using Guid(5476ae29e2e50194abce19e5cacce575) Importer(815301076,1909f56bfc062723c751e8b465ee728b)  -> (artifact id: '7dfe7c8f950ece0f2e5689c3bc5dc439') in 0.099324 seconds
Number of updated asset objects reloaded before import = 0
Number of asset objects unloaded after import = 2
========================================================================
Received Import Request.
  Time since last request: 0.000065 seconds.
  path: Assets/Sci-Fi_Styled_Modular_Pack/Materials/comuter_wall.mat
  artifactKey: Guid(0d0f1f087865a1c47826008280428fdf) Importer(815301076,1909f56bfc062723c751e8b465ee728b)
Start importing Assets/Sci-Fi_Styled_Modular_Pack/Materials/comuter_wall.mat using Guid(0d0f1f087865a1c47826008280428fdf) Importer(815301076,1909f56bfc062723c751e8b465ee728b)  -> (artifact id: '0048f1d36d94d6140a657f10bf323e3c') in 0.167987 seconds
Number of updated asset objects reloaded before import = 0
Number of asset objects unloaded after import = 5
========================================================================
Received Import Request.
  Time since last request: 0.000057 seconds.
  path: Assets/Sci-Fi_Styled_Modular_Pack/Materials/grey-color.mat
  artifactKey: Guid(9250795dc29312440a0e1e98f99bdbcc) Importer(815301076,1909f56bfc062723c751e8b465ee728b)
Start importing Assets/Sci-Fi_Styled_Modular_Pack/Materials/grey-color.mat using Guid(9250795dc29312440a0e1e98f99bdbcc) Importer(815301076,1909f56bfc062723c751e8b465ee728b)  -> (artifact id: '166e6e91ea1f1a3d47333534a496b432') in 0.138972 seconds
Number of updated asset objects reloaded before import = 0
Number of asset objects unloaded after import = 3
========================================================================
Received Import Request.
  Time since last request: 0.004991 seconds.
  path: Assets/Sci-Fi_Styled_Modular_Pack/Materials/lattice.mat
  artifactKey: Guid(0f4853191d321d748b1f95a97d7b37f4) Importer(815301076,1909f56bfc062723c751e8b465ee728b)
Start importing Assets/Sci-Fi_Styled_Modular_Pack/Materials/lattice.mat using Guid(0f4853191d321d748b1f95a97d7b37f4) Importer(815301076,1909f56bfc062723c751e8b465ee728b)  -> (artifact id: '84f6b447b65cc48561dd3e6a1297ce9a') in 0.263232 seconds
Number of updated asset objects reloaded before import = 0
Number of asset objects unloaded after import = 2
========================================================================
Received Import Request.
  Time since last request: 0.000180 seconds.
  path: Assets/Sci-Fi_Styled_Modular_Pack/Materials/computer_wall_metalic.mat
  artifactKey: Guid(de708a5b38deb5542adf7da77e4cc1c0) Importer(815301076,1909f56bfc062723c751e8b465ee728b)
Start importing Assets/Sci-Fi_Styled_Modular_Pack/Materials/computer_wall_metalic.mat using Guid(de708a5b38deb5542adf7da77e4cc1c0) Importer(815301076,1909f56bfc062723c751e8b465ee728b)  -> (artifact id: '6332187ae1cfe1c44a197690bd5e8bb0') in 0.122211 seconds
Number of updated asset objects reloaded before import = 0
Number of asset objects unloaded after import = 3
========================================================================
Received Import Request.
  Time since last request: 0.000102 seconds.
  path: Assets/Sci-Fi_Styled_Modular_Pack/Materials/lattice 2.mat
  artifactKey: Guid(1cc18add7bbe3a242a1392cf242687b4) Importer(815301076,1909f56bfc062723c751e8b465ee728b)
Start importing Assets/Sci-Fi_Styled_Modular_Pack/Materials/lattice 2.mat using Guid(1cc18add7bbe3a242a1392cf242687b4) Importer(815301076,1909f56bfc062723c751e8b465ee728b)  -> (artifact id: '32e2ed3725aecd4aff5482930a2ab369') in 0.087173 seconds
Number of updated asset objects reloaded before import = 0
Number of asset objects unloaded after import = 3
========================================================================
Received Import Request.
  Time since last request: 0.000047 seconds.
  path: Assets/Sci-Fi_Styled_Modular_Pack/Materials/nature_root.mat
  artifactKey: Guid(00fc27719fc29924b9a34aab914dc83a) Importer(815301076,1909f56bfc062723c751e8b465ee728b)
Start importing Assets/Sci-Fi_Styled_Modular_Pack/Materials/nature_root.mat using Guid(00fc27719fc29924b9a34aab914dc83a) Importer(815301076,1909f56bfc062723c751e8b465ee728b)  -> (artifact id: 'c5d08c7d67e18530fa61551c9dc6c3d5') in 0.076686 seconds
Number of updated asset objects reloaded before import = 0
Number of asset objects unloaded after import = 2
========================================================================
Received Import Request.
  Time since last request: 0.000048 seconds.
  path: Assets/Sci-Fi_Styled_Modular_Pack/Materials/hologram texture.mat
  artifactKey: Guid(b8d89eb9e2a808746954ceb270a56dba) Importer(815301076,1909f56bfc062723c751e8b465ee728b)
Start importing Assets/Sci-Fi_Styled_Modular_Pack/Materials/hologram texture.mat using Guid(b8d89eb9e2a808746954ceb270a56dba) Importer(815301076,1909f56bfc062723c751e8b465ee728b)  -> (artifact id: '4aa6d9587742918b47c81a8662830706') in 0.060929 seconds
Number of updated asset objects reloaded before import = 0
Number of asset objects unloaded after import = 3
========================================================================
Received Import Request.
  Time since last request: 0.000079 seconds.
  path: Assets/Sci-Fi_Styled_Modular_Pack/Materials/nature_leaves 1.mat
  artifactKey: Guid(a5ccc460c5eadb64dab9f190cd6aa048) Importer(815301076,1909f56bfc062723c751e8b465ee728b)
Start importing Assets/Sci-Fi_Styled_Modular_Pack/Materials/nature_leaves 1.mat using Guid(a5ccc460c5eadb64dab9f190cd6aa048) Importer(815301076,1909f56bfc062723c751e8b465ee728b)  -> (artifact id: '97cff5a83868a994545b60e80cba29ad') in 0.060161 seconds
Number of updated asset objects reloaded before import = 0
Number of asset objects unloaded after import = 3
Editor requested this worker to shutdown with reason: Scaling down because of idle timeout
TcpMessagingSession - receive error: operation aborted. errorcode: 995, details: The I/O operation has been aborted because of either a thread exit or an application request.
AssetImportWorker is now disconnected from the server
Process exiting
Exiting without the bug reporter. Application will terminate with return code 0