Using pre-set license
Built from '2022.3/staging' branch; Version is '2022.3.11f1 (d00248457e15) revision 13632072'; Using compiler version '192829333'; Build Type 'Release'
OS: 'Windows 10  (10.0.19045) 64bit Core' Language: 'en' Physical Memory: 16256 MB
BatchMode: 1, IsHumanControllingUs: 0, StartBugReporterOnCrash: 0, Is64bit: 1, IsPro: 1

COMMAND LINE ARGUMENTS:
C:\Program Files\Unity\Hub\Editor\2022.3.11f1\Editor\Unity.exe
-adb2
-batchMode
-noUpm
-name
AssetImportWorker10
-projectPath
C:/Users/User/Desktop/GameTech/Texnologies
-logFile
Logs/AssetImportWorker10.log
-srvPort
64034
Successfully changed project path to: C:/Users/User/Desktop/GameTech/Texnologies
C:/Users/User/Desktop/GameTech/Texnologies
[UnityMemory] Configuration Parameters - Can be set up in boot.config
    "memorysetup-bucket-allocator-granularity=16"
    "memorysetup-bucket-allocator-bucket-count=8"
    "memorysetup-bucket-allocator-block-size=33554432"
    "memorysetup-bucket-allocator-block-count=8"
    "memorysetup-main-allocator-block-size=16777216"
    "memorysetup-thread-allocator-block-size=16777216"
    "memorysetup-gfx-main-allocator-block-size=16777216"
    "memorysetup-gfx-thread-allocator-block-size=16777216"
    "memorysetup-cache-allocator-block-size=4194304"
    "memorysetup-typetree-allocator-block-size=2097152"
    "memorysetup-profiler-bucket-allocator-granularity=16"
    "memorysetup-profiler-bucket-allocator-bucket-count=8"
    "memorysetup-profiler-bucket-allocator-block-size=33554432"
    "memorysetup-profiler-bucket-allocator-block-count=8"
    "memorysetup-profiler-allocator-block-size=16777216"
    "memorysetup-profiler-editor-allocator-block-size=1048576"
    "memorysetup-temp-allocator-size-main=16777216"
    "memorysetup-job-temp-allocator-block-size=2097152"
    "memorysetup-job-temp-allocator-block-size-background=1048576"
    "memorysetup-job-temp-allocator-reduction-small-platforms=262144"
    "memorysetup-allocator-temp-initial-block-size-main=262144"
    "memorysetup-allocator-temp-initial-block-size-worker=262144"
    "memorysetup-temp-allocator-size-background-worker=32768"
    "memorysetup-temp-allocator-size-job-worker=262144"
    "memorysetup-temp-allocator-size-preload-manager=33554432"
    "memorysetup-temp-allocator-size-nav-mesh-worker=65536"
    "memorysetup-temp-allocator-size-audio-worker=65536"
    "memorysetup-temp-allocator-size-cloud-worker=32768"
    "memorysetup-temp-allocator-size-gi-baking-worker=262144"
    "memorysetup-temp-allocator-size-gfx=262144"
Player connection [13436] Host "[IP] 169.254.132.120 [Port] 0 [Flags] 2 [Guid] 395948653 [EditorId] 395948653 [Version] 1048832 [Id] WindowsEditor(7,DESKTOP-G04UQ9R) [Debug] 1 [PackageName] WindowsEditor [ProjectName] Editor" joined multi-casting on [225.0.0.222:54997]...

Player connection [13436] Host "[IP] 169.254.132.120 [Port] 0 [Flags] 2 [Guid] 395948653 [EditorId] 395948653 [Version] 1048832 [Id] WindowsEditor(7,DESKTOP-G04UQ9R) [Debug] 1 [PackageName] WindowsEditor [ProjectName] Editor" joined alternative multi-casting on [225.0.0.222:34997]...

[Physics::Module] Initialized MultithreadedJobDispatcher with 7 workers.
Refreshing native plugins compatible for Editor in 17.61 ms, found 3 plugins.
Preloading 0 native plugins for Editor in 0.00 ms.
Initialize engine version: 2022.3.11f1 (d00248457e15)
[Subsystems] Discovering subsystems at path C:/Program Files/Unity/Hub/Editor/2022.3.11f1/Editor/Data/Resources/UnitySubsystems
[Subsystems] Discovering subsystems at path C:/Users/User/Desktop/GameTech/Texnologies/Assets
GfxDevice: creating device client; threaded=0; jobified=0
Direct3D:
    Version:  Direct3D 11.0 [level 11.1]
    Renderer: NVIDIA GeForce GTX 1070 (ID=0x1be1)
    Vendor:   NVIDIA
    VRAM:     8075 MB
    Driver:   31.0.15.4592
Initialize mono
Mono path[0] = 'C:/Program Files/Unity/Hub/Editor/2022.3.11f1/Editor/Data/Managed'
Mono path[1] = 'C:/Program Files/Unity/Hub/Editor/2022.3.11f1/Editor/Data/MonoBleedingEdge/lib/mono/unityjit-win32'
Mono config path = 'C:/Program Files/Unity/Hub/Editor/2022.3.11f1/Editor/Data/MonoBleedingEdge/etc'
Using monoOptions --debugger-agent=transport=dt_socket,embedding=1,server=y,suspend=n,address=127.0.0.1:56752
Begin MonoManager ReloadAssembly
Registering precompiled unity dll's ...
Register platform support module: C:/Program Files/Unity/Hub/Editor/2022.3.11f1/Editor/Data/PlaybackEngines/WebGLSupport/UnityEditor.WebGL.Extensions.dll
Register platform support module: C:/Program Files/Unity/Hub/Editor/2022.3.11f1/Editor/Data/PlaybackEngines/WindowsStandaloneSupport/UnityEditor.WindowsStandalone.Extensions.dll
Registered in 0.013497 seconds.
- Loaded All Assemblies, in  0.498 seconds
Native extension for WindowsStandalone target not found
Native extension for WebGL target not found
Mono: successfully reloaded assembly
- Finished resetting the current domain, in  0.421 seconds
Domain Reload Profiling: 917ms
	BeginReloadAssembly (154ms)
		ExecutionOrderSort (0ms)
		DisableScriptedObjects (0ms)
		BackupInstance (0ms)
		ReleaseScriptingObjects (0ms)
		CreateAndSetChildDomain (1ms)
	RebuildCommonClasses (48ms)
	RebuildNativeTypeToScriptingClass (14ms)
	initialDomainReloadingComplete (79ms)
	LoadAllAssembliesAndSetupDomain (200ms)
		LoadAssemblies (152ms)
		RebuildTransferFunctionScriptingTraits (0ms)
		AnalyzeDomain (198ms)
			TypeCache.Refresh (195ms)
				TypeCache.ScanAssembly (176ms)
			ScanForSourceGeneratedMonoScriptInfo (1ms)
			ResolveRequiredComponents (1ms)
	FinalizeReload (421ms)
		ReleaseScriptCaches (0ms)
		RebuildScriptCaches (0ms)
		SetupLoadedEditorAssemblies (329ms)
			LogAssemblyErrors (0ms)
			InitializePlatformSupportModulesInManaged (15ms)
			SetLoadedEditorAssemblies (10ms)
			RefreshPlugins (0ms)
			BeforeProcessingInitializeOnLoad (3ms)
			ProcessInitializeOnLoadAttributes (230ms)
			ProcessInitializeOnLoadMethodAttributes (71ms)
			AfterProcessingInitializeOnLoad (0ms)
			EditorAssembliesLoaded (0ms)
		ExecutionOrderSort2 (0ms)
		AwakeInstancesAfterBackupRestoration (0ms)
========================================================================
Worker process is ready to serve import requests
Begin MonoManager ReloadAssembly
- Loaded All Assemblies, in  1.119 seconds
Refreshing native plugins compatible for Editor in 5.12 ms, found 3 plugins.
Native extension for WindowsStandalone target not found
Native extension for WebGL target not found
[MODES] ModeService[none].Initialize
[MODES] ModeService[none].LoadModes
[MODES] Loading mode Default (0) for mode-current-id-Texnologies Anaptixis
Package Manager log level set to [2]
[Package Manager] Server::EnsureServerProcessIsRunning -- launch failed, reason: Unity was launched with the -noUpm command-line argument
[Package Manager] UpmClient::Send -- Unable to send message (not connected to UPM process).
[Package Manager] Cannot connect to Unity Package Manager local server
Mono: successfully reloaded assembly
- Finished resetting the current domain, in  1.390 seconds
Domain Reload Profiling: 2505ms
	BeginReloadAssembly (195ms)
		ExecutionOrderSort (0ms)
		DisableScriptedObjects (7ms)
		BackupInstance (0ms)
		ReleaseScriptingObjects (0ms)
		CreateAndSetChildDomain (36ms)
	RebuildCommonClasses (45ms)
	RebuildNativeTypeToScriptingClass (14ms)
	initialDomainReloadingComplete (55ms)
	LoadAllAssembliesAndSetupDomain (805ms)
		LoadAssemblies (482ms)
		RebuildTransferFunctionScriptingTraits (0ms)
		AnalyzeDomain (430ms)
			TypeCache.Refresh (366ms)
				TypeCache.ScanAssembly (343ms)
			ScanForSourceGeneratedMonoScriptInfo (45ms)
			ResolveRequiredComponents (17ms)
	FinalizeReload (1391ms)
		ReleaseScriptCaches (0ms)
		RebuildScriptCaches (0ms)
		SetupLoadedEditorAssemblies (1035ms)
			LogAssemblyErrors (0ms)
			InitializePlatformSupportModulesInManaged (12ms)
			SetLoadedEditorAssemblies (7ms)
			RefreshPlugins (0ms)
			BeforeProcessingInitializeOnLoad (143ms)
			ProcessInitializeOnLoadAttributes (789ms)
			ProcessInitializeOnLoadMethodAttributes (74ms)
			AfterProcessingInitializeOnLoad (10ms)
			EditorAssembliesLoaded (0ms)
		ExecutionOrderSort2 (0ms)
		AwakeInstancesAfterBackupRestoration (8ms)
Failed to load shader (instanceID 17298, GUID d67ad3fcf65693f4fb110205f1fe4a0e)
Launched and connected shader compiler UnityShaderCompiler.exe after 0.08 seconds
Refreshing native plugins compatible for Editor in 5.05 ms, found 3 plugins.
Preloading 0 native plugins for Editor in 0.00 ms.
Unloading 7787 Unused Serialized files (Serialized files now loaded: 0)
Unloading 266 unused Assets / (15.6 MB). Loaded Objects now: 8151.
Memory consumption went from 378.5 MB to 362.9 MB.
Total: 8.036800 ms (FindLiveObjects: 0.784100 ms CreateObjectMapping: 0.687900 ms MarkObjects: 3.844100 ms  DeleteObjects: 2.719600 ms)

AssetImportParameters requested are different than current active one (requested -> active):
  custom:container-demuxer-ogg: 62fdf1f143b41e24485cea50d1cbac27 -> 
  custom:framework-win-MediaFoundation: 216162199b28c13a410421893ffa2e32 -> 
  custom:container-muxer-webm: aa71ff27fc2769a1b78a27578f13a17b -> 
  custom:video-decoder-webm-vp8: 9c59270c3fd7afecdb556c50c9e8de78 -> 
  custom:SearchIndexIgnoredProperties: e643bd26f0fe6173181afceb89e7c659 -> 
  custom:AudioImporter_EditorPlatform: d09bf68614088b80899f8185d706f6e7 -> 
  custom:audio-decoder-ogg-vorbis: bf7c407c2cedff20999df2af8eb42d56 -> 
  custom:audio-encoder-webm-vorbis: bf7c407c2cedff20999df2af8eb42d56 -> 
  custom:video-decoder-ogg-theora: a1e56fd34408186e4bbccfd4996cb3dc -> 
  custom:CustomObjectIndexerAttribute: d54d2f2da18e7612c182cf67624b6b12 -> 
  custom:container-demuxer-webm: 4f35f7cbe854078d1ac9338744f61a02 -> 
  custom:video-encoder-webm-vp8: eb34c28f22e8b96e1ab97ce403110664 -> 
========================================================================
Received Import Request.
  Time since last request: 1521822.469420 seconds.
  path: Assets/Sci-Fi_Styled_Modular_Pack/Textures/base-color-normal.png
  artifactKey: Guid(ff91cef54bb04124b899f12176bee5d1) Importer(815301076,1909f56bfc062723c751e8b465ee728b)
Start importing Assets/Sci-Fi_Styled_Modular_Pack/Textures/base-color-normal.png using Guid(ff91cef54bb04124b899f12176bee5d1) Importer(815301076,1909f56bfc062723c751e8b465ee728b)  -> (artifact id: 'bf0f2e0279d6159bb582ac8e659b5d35') in 0.201467 seconds
Number of updated asset objects reloaded before import = 0
Number of asset objects unloaded after import = 2
========================================================================
Received Import Request.
  Time since last request: 0.000034 seconds.
  path: Assets/Sci-Fi_Styled_Modular_Pack/Textures/lattice.png
  artifactKey: Guid(26d4d63e94c354a478b2fe05bb112302) Importer(815301076,1909f56bfc062723c751e8b465ee728b)
Start importing Assets/Sci-Fi_Styled_Modular_Pack/Textures/lattice.png using Guid(26d4d63e94c354a478b2fe05bb112302) Importer(815301076,1909f56bfc062723c751e8b465ee728b)  -> (artifact id: 'bc4aefeda88e010bf43546fc2436b811') in 0.040774 seconds
Number of updated asset objects reloaded before import = 0
Number of asset objects unloaded after import = 2
========================================================================
Received Import Request.
  Time since last request: 0.000029 seconds.
  path: Assets/Sci-Fi_Styled_Modular_Pack/Textures/hologram texture.png
  artifactKey: Guid(298751e2d47c6fc4dabd5e865463c5f5) Importer(815301076,1909f56bfc062723c751e8b465ee728b)
Start importing Assets/Sci-Fi_Styled_Modular_Pack/Textures/hologram texture.png using Guid(298751e2d47c6fc4dabd5e865463c5f5) Importer(815301076,1909f56bfc062723c751e8b465ee728b)  -> (artifact id: '079a7dcb98ee45afbde3ed0c697d5f28') in 0.036087 seconds
Number of updated asset objects reloaded before import = 0
Number of asset objects unloaded after import = 2
========================================================================
Received Import Request.
  Time since last request: 0.000336 seconds.
  path: Assets/Sci-Fi_Styled_Modular_Pack/Textures/blue-color.png
  artifactKey: Guid(a698da84decbb5f43881903177570fe2) Importer(815301076,1909f56bfc062723c751e8b465ee728b)
Start importing Assets/Sci-Fi_Styled_Modular_Pack/Textures/blue-color.png using Guid(a698da84decbb5f43881903177570fe2) Importer(815301076,1909f56bfc062723c751e8b465ee728b)  -> (artifact id: '22dc6763e39373efbc6bf7bd65a6e081') in 0.039553 seconds
Number of updated asset objects reloaded before import = 0
Number of asset objects unloaded after import = 2
========================================================================
Received Import Request.
  Time since last request: 0.000138 seconds.
  path: Assets/Sci-Fi_Styled_Modular_Pack/Textures/lattice-emision-mask.png
  artifactKey: Guid(a2439a5526984d64c804eae4d1d65b8a) Importer(815301076,1909f56bfc062723c751e8b465ee728b)
Start importing Assets/Sci-Fi_Styled_Modular_Pack/Textures/lattice-emision-mask.png using Guid(a2439a5526984d64c804eae4d1d65b8a) Importer(815301076,1909f56bfc062723c751e8b465ee728b)  -> (artifact id: '7d110762120486a1766f21d4d7ecf231') in 0.032294 seconds
Number of updated asset objects reloaded before import = 0
Number of asset objects unloaded after import = 2
========================================================================
Received Import Request.
  Time since last request: 326.842080 seconds.
  path: Assets/Sci-Fi_Styled_Modular_Pack/Materials/Palletes/blue color.mat
  artifactKey: Guid(bb0ea486e3a8ea846993232a228b528a) Importer(815301076,1909f56bfc062723c751e8b465ee728b)
Start importing Assets/Sci-Fi_Styled_Modular_Pack/Materials/Palletes/blue color.mat using Guid(bb0ea486e3a8ea846993232a228b528a) Importer(815301076,1909f56bfc062723c751e8b465ee728b)  -> (artifact id: '7a1ea75a08cbd906ca347908f5f63df3') in 0.444186 seconds
Number of updated asset objects reloaded before import = 0
Number of asset objects unloaded after import = 4
========================================================================
Received Prepare
Begin MonoManager ReloadAssembly
- Loaded All Assemblies, in  0.859 seconds
Refreshing native plugins compatible for Editor in 7.73 ms, found 3 plugins.
Native extension for WindowsStandalone target not found
Native extension for WebGL target not found
[MODES] ModeService[none].Initialize
[MODES] ModeService[none].LoadModes
[MODES] Loading mode Default (0) for mode-current-id-Texnologies Anaptixis
[Package Manager] Server::EnsureServerProcessIsRunning -- launch failed, reason: Unity was launched with the -noUpm command-line argument
[Package Manager] UpmClient::Send -- Unable to send message (not connected to UPM process).
[Package Manager] Cannot connect to Unity Package Manager local server
Mono: successfully reloaded assembly
- Finished resetting the current domain, in  3.129 seconds
Domain Reload Profiling: 3981ms
	BeginReloadAssembly (280ms)
		ExecutionOrderSort (0ms)
		DisableScriptedObjects (16ms)
		BackupInstance (0ms)
		ReleaseScriptingObjects (0ms)
		CreateAndSetChildDomain (71ms)
	RebuildCommonClasses (49ms)
	RebuildNativeTypeToScriptingClass (15ms)
	initialDomainReloadingComplete (59ms)
	LoadAllAssembliesAndSetupDomain (447ms)
		LoadAssemblies (533ms)
		RebuildTransferFunctionScriptingTraits (0ms)
		AnalyzeDomain (42ms)
			TypeCache.Refresh (10ms)
				TypeCache.ScanAssembly (0ms)
			ScanForSourceGeneratedMonoScriptInfo (0ms)
			ResolveRequiredComponents (29ms)
	FinalizeReload (3129ms)
		ReleaseScriptCaches (0ms)
		RebuildScriptCaches (0ms)
		SetupLoadedEditorAssemblies (1440ms)
			LogAssemblyErrors (0ms)
			InitializePlatformSupportModulesInManaged (16ms)
			SetLoadedEditorAssemblies (9ms)
			RefreshPlugins (0ms)
			BeforeProcessingInitializeOnLoad (212ms)
			ProcessInitializeOnLoadAttributes (1127ms)
			ProcessInitializeOnLoadMethodAttributes (59ms)
			AfterProcessingInitializeOnLoad (14ms)
			EditorAssembliesLoaded (1ms)
		ExecutionOrderSort2 (0ms)
		AwakeInstancesAfterBackupRestoration (31ms)
Failed to load shader (instanceID 17298, GUID d67ad3fcf65693f4fb110205f1fe4a0e)
Refreshing native plugins compatible for Editor in 9.61 ms, found 3 plugins.
Preloading 0 native plugins for Editor in 0.00 ms.
Unloading 7457 Unused Serialized files (Serialized files now loaded: 0)
Unloading 204 unused Assets / (15.5 MB). Loaded Objects now: 8340.
Memory consumption went from 316.5 MB to 301.0 MB.
Total: 16.578100 ms (FindLiveObjects: 1.469000 ms CreateObjectMapping: 1.983700 ms MarkObjects: 8.026000 ms  DeleteObjects: 5.097900 ms)

Prepare: number of updated asset objects reloaded= 0
AssetImportParameters requested are different than current active one (requested -> active):
  custom:container-demuxer-ogg: 62fdf1f143b41e24485cea50d1cbac27 -> 
  custom:framework-win-MediaFoundation: 216162199b28c13a410421893ffa2e32 -> 
  custom:container-muxer-webm: aa71ff27fc2769a1b78a27578f13a17b -> 
  custom:video-decoder-webm-vp8: 9c59270c3fd7afecdb556c50c9e8de78 -> 
  custom:SearchIndexIgnoredProperties: e643bd26f0fe6173181afceb89e7c659 -> 
  custom:AudioImporter_EditorPlatform: d09bf68614088b80899f8185d706f6e7 -> 
  custom:audio-decoder-ogg-vorbis: bf7c407c2cedff20999df2af8eb42d56 -> 
  custom:audio-encoder-webm-vorbis: bf7c407c2cedff20999df2af8eb42d56 -> 
  custom:video-decoder-ogg-theora: a1e56fd34408186e4bbccfd4996cb3dc -> 
  custom:CustomObjectIndexerAttribute: d54d2f2da18e7612c182cf67624b6b12 -> 
  custom:container-demuxer-webm: 4f35f7cbe854078d1ac9338744f61a02 -> 
  custom:video-encoder-webm-vp8: eb34c28f22e8b96e1ab97ce403110664 -> 
========================================================================
Received Import Request.
  Time since last request: 573.902461 seconds.
  path: Assets/TextMesh_Pro/Examples & Extras/Resources/Fonts & Materials/Bangers SDF - Drop Shadow.mat
  artifactKey: Guid(f2dcf029949142e28b974630369c8b4e) Importer(815301076,1909f56bfc062723c751e8b465ee728b)
Start importing Assets/TextMesh_Pro/Examples & Extras/Resources/Fonts & Materials/Bangers SDF - Drop Shadow.mat using Guid(f2dcf029949142e28b974630369c8b4e) Importer(815301076,1909f56bfc062723c751e8b465ee728b)  -> (artifact id: '721edb4e2bcbc1a4f9490f21fac5bf0e') in 0.564567 seconds
Number of updated asset objects reloaded before import = 0
Number of asset objects unloaded after import = 66
========================================================================
Received Import Request.
  Time since last request: 0.000033 seconds.
  path: Assets/Crates_0/Crate_0/Textures/Create_0_1_wire_153228153_metalness.png
  artifactKey: Guid(ee55131471155fd4388095f331b168ac) Importer(815301076,1909f56bfc062723c751e8b465ee728b)
Start importing Assets/Crates_0/Crate_0/Textures/Create_0_1_wire_153228153_metalness.png using Guid(ee55131471155fd4388095f331b168ac) Importer(815301076,1909f56bfc062723c751e8b465ee728b)  -> (artifact id: 'f4724c5757382ea1654ef39ed97b1be5') in 0.047406 seconds
Number of updated asset objects reloaded before import = 0
Number of asset objects unloaded after import = 2
========================================================================
Received Import Request.
  Time since last request: 0.000055 seconds.
  path: Assets/Crates_0/Crate_0/Textures/Create_0_1_wire_153228153_nmap.png
  artifactKey: Guid(a4d9c832553eec1468c09d6b79789e44) Importer(815301076,1909f56bfc062723c751e8b465ee728b)
Start importing Assets/Crates_0/Crate_0/Textures/Create_0_1_wire_153228153_nmap.png using Guid(a4d9c832553eec1468c09d6b79789e44) Importer(815301076,1909f56bfc062723c751e8b465ee728b)  -> (artifact id: '93747a27dc55001cb93958c7fde950a4') in 0.044332 seconds
Number of updated asset objects reloaded before import = 0
Number of asset objects unloaded after import = 2
========================================================================
Received Import Request.
  Time since last request: 0.000028 seconds.
  path: Assets/Crates_0/Crate_0/Textures/Create_0_3_wire_153228153_nmap.png
  artifactKey: Guid(10c2d05275176a54d9afd75e4289d147) Importer(815301076,1909f56bfc062723c751e8b465ee728b)
Start importing Assets/Crates_0/Crate_0/Textures/Create_0_3_wire_153228153_nmap.png using Guid(10c2d05275176a54d9afd75e4289d147) Importer(815301076,1909f56bfc062723c751e8b465ee728b)  -> (artifact id: 'fd0d341f3fa34b75b04177cdf4e16a0f') in 0.036096 seconds
Number of updated asset objects reloaded before import = 0
Number of asset objects unloaded after import = 2
========================================================================
Received Import Request.
  Time since last request: 0.000022 seconds.
  path: Assets/Crates_0/Crate_0/Textures/Create_0_6_wire_153228153_color.png
  artifactKey: Guid(96ca4d4e7154d4a4c93f1668f84adf44) Importer(815301076,1909f56bfc062723c751e8b465ee728b)
Start importing Assets/Crates_0/Crate_0/Textures/Create_0_6_wire_153228153_color.png using Guid(96ca4d4e7154d4a4c93f1668f84adf44) Importer(815301076,1909f56bfc062723c751e8b465ee728b)  -> (artifact id: '50a78de14c34feea068d2c8b195ecdfd') in 0.052210 seconds
Number of updated asset objects reloaded before import = 0
Number of asset objects unloaded after import = 2
========================================================================
Received Import Request.
  Time since last request: 0.000037 seconds.
  path: Assets/Crates_0/Crate_0/Textures/Create_0_7_wire_153228153_metalness.png
  artifactKey: Guid(c392980b022a64b4c904c55787565038) Importer(815301076,1909f56bfc062723c751e8b465ee728b)
Start importing Assets/Crates_0/Crate_0/Textures/Create_0_7_wire_153228153_metalness.png using Guid(c392980b022a64b4c904c55787565038) Importer(815301076,1909f56bfc062723c751e8b465ee728b)  -> (artifact id: '698bd6009364411a08fc397cd942a1cc') in 0.041450 seconds
Number of updated asset objects reloaded before import = 0
Number of asset objects unloaded after import = 2
========================================================================
Received Import Request.
  Time since last request: 0.000039 seconds.
  path: Assets/Crates_0/Crate_0/Textures/Create_0_0_wire_153228153_color.png
  artifactKey: Guid(221878c0c2ac40a43b2dbef40f913405) Importer(815301076,1909f56bfc062723c751e8b465ee728b)
Start importing Assets/Crates_0/Crate_0/Textures/Create_0_0_wire_153228153_color.png using Guid(221878c0c2ac40a43b2dbef40f913405) Importer(815301076,1909f56bfc062723c751e8b465ee728b)  -> (artifact id: 'fe46bf2a3f6cc3386e95737eedc49600') in 0.045572 seconds
Number of updated asset objects reloaded before import = 0
Number of asset objects unloaded after import = 2
========================================================================
Received Import Request.
  Time since last request: 0.000364 seconds.
  path: Assets/Crates_0/Crate_0/Textures/Create_0_4_wire_153228153_nmap.png
  artifactKey: Guid(0e893c53b6d40914db7c77a6b9fa8bcd) Importer(815301076,1909f56bfc062723c751e8b465ee728b)
Start importing Assets/Crates_0/Crate_0/Textures/Create_0_4_wire_153228153_nmap.png using Guid(0e893c53b6d40914db7c77a6b9fa8bcd) Importer(815301076,1909f56bfc062723c751e8b465ee728b)  -> (artifact id: '3aa52951e8a18466760185e2026b1161') in 0.038115 seconds
Number of updated asset objects reloaded before import = 0
Number of asset objects unloaded after import = 2
========================================================================
Received Import Request.
  Time since last request: 0.000948 seconds.
  path: Assets/StarSparrow/Prefabs/Modules/StarSparrow_Wing.prefab
  artifactKey: Guid(68648d1973e7d9e4283b2d0b7eb3e539) Importer(815301076,1909f56bfc062723c751e8b465ee728b)
Start importing Assets/StarSparrow/Prefabs/Modules/StarSparrow_Wing.prefab using Guid(68648d1973e7d9e4283b2d0b7eb3e539) Importer(815301076,1909f56bfc062723c751e8b465ee728b)  -> (artifact id: '4e555efde741b3ec6a6d5816f202a145') in 0.118020 seconds
Number of updated asset objects reloaded before import = 0
Number of asset objects unloaded after import = 24
========================================================================
Received Import Request.
  Time since last request: 0.000492 seconds.
  path: Assets/StarSparrow/Prefabs/BonusContent/PolygonSpaceship/StarSparrow_Wing_2_LP_Red.prefab
  artifactKey: Guid(f3f694fddb9ec5649ba658551ea3d4d1) Importer(815301076,1909f56bfc062723c751e8b465ee728b)
Start importing Assets/StarSparrow/Prefabs/BonusContent/PolygonSpaceship/StarSparrow_Wing_2_LP_Red.prefab using Guid(f3f694fddb9ec5649ba658551ea3d4d1) Importer(815301076,1909f56bfc062723c751e8b465ee728b)  -> (artifact id: '08ddce7d38710406981608b344d1becd') in 0.024910 seconds
Number of updated asset objects reloaded before import = 0
Number of asset objects unloaded after import = 12
========================================================================
Received Import Request.
  Time since last request: 0.000027 seconds.
  path: Assets/TerrainSampleAssets/ShaderGraphs/Subgraphs/Wind.shadersubgraph
  artifactKey: Guid(43040687acbef31438764c0a962e143f) Importer(815301076,1909f56bfc062723c751e8b465ee728b)
Start importing Assets/TerrainSampleAssets/ShaderGraphs/Subgraphs/Wind.shadersubgraph using Guid(43040687acbef31438764c0a962e143f) Importer(815301076,1909f56bfc062723c751e8b465ee728b)  -> (artifact id: '6063c6b95b63c200a658b2f0bc8f23df') in 0.005128 seconds
Number of updated asset objects reloaded before import = 0
Number of asset objects unloaded after import = 1
========================================================================
Received Import Request.
  Time since last request: 0.000020 seconds.
  path: Assets/Crates_0/Crate_0/Textures/Create_0_7_wire_153228153_nmap.png
  artifactKey: Guid(d33e7deef4563d549ac5c8aed1ffed4f) Importer(815301076,1909f56bfc062723c751e8b465ee728b)
Start importing Assets/Crates_0/Crate_0/Textures/Create_0_7_wire_153228153_nmap.png using Guid(d33e7deef4563d549ac5c8aed1ffed4f) Importer(815301076,1909f56bfc062723c751e8b465ee728b)  -> (artifact id: '32b874fe333842a345ba2ce9aed07e22') in 0.045088 seconds
Number of updated asset objects reloaded before import = 0
Number of asset objects unloaded after import = 2
========================================================================
Received Import Request.
  Time since last request: 0.000549 seconds.
  path: Assets/Crates_0/Crate_0/Textures/Create_0_4_wire_153228153_metalness.png
  artifactKey: Guid(03e1a6d3e639e5e4f9eaa4bb01ceb24a) Importer(815301076,1909f56bfc062723c751e8b465ee728b)
Start importing Assets/Crates_0/Crate_0/Textures/Create_0_4_wire_153228153_metalness.png using Guid(03e1a6d3e639e5e4f9eaa4bb01ceb24a) Importer(815301076,1909f56bfc062723c751e8b465ee728b)  -> (artifact id: 'fe06291f4a181b5b8cd763a92c88c721') in 0.051135 seconds
Number of updated asset objects reloaded before import = 0
Number of asset objects unloaded after import = 2
========================================================================
Received Import Request.
  Time since last request: 0.000414 seconds.
  path: Assets/Crates_0/Crate_0/Textures/Create_0_1_wire_153228153_color.png
  artifactKey: Guid(9b40608b32af0394991b4fc438a9e631) Importer(815301076,1909f56bfc062723c751e8b465ee728b)
Start importing Assets/Crates_0/Crate_0/Textures/Create_0_1_wire_153228153_color.png using Guid(9b40608b32af0394991b4fc438a9e631) Importer(815301076,1909f56bfc062723c751e8b465ee728b)  -> (artifact id: '2ba79c46c47a97baad098907939a1a6a') in 0.176315 seconds
Number of updated asset objects reloaded before import = 0
Number of asset objects unloaded after import = 2
========================================================================
Received Import Request.
  Time since last request: 0.000463 seconds.
  path: Assets/TextMesh_Pro/Examples & Extras/Resources/Fonts & Materials/Bangers SDF Glow.mat
  artifactKey: Guid(d75b8f41e959450c84ac6e967084d3e1) Importer(815301076,1909f56bfc062723c751e8b465ee728b)
Start importing Assets/TextMesh_Pro/Examples & Extras/Resources/Fonts & Materials/Bangers SDF Glow.mat using Guid(d75b8f41e959450c84ac6e967084d3e1) Importer(815301076,1909f56bfc062723c751e8b465ee728b)  -> (artifact id: 'ee4d2a1c0c463fac2a9f8fe856d065bf') in 0.080687 seconds
Number of updated asset objects reloaded before import = 0
Number of asset objects unloaded after import = 4
========================================================================
Received Import Request.
  Time since last request: 0.000414 seconds.
  path: Assets/Crates_0/Crate_0/Textures/Create_0_6_wire_153228153_nmap.png
  artifactKey: Guid(ed9af5e8a7401684eafe440180936371) Importer(815301076,1909f56bfc062723c751e8b465ee728b)
Start importing Assets/Crates_0/Crate_0/Textures/Create_0_6_wire_153228153_nmap.png using Guid(ed9af5e8a7401684eafe440180936371) Importer(815301076,1909f56bfc062723c751e8b465ee728b)  -> (artifact id: '6b30debfadcdd9a54ab3bdde66b59b5c') in 0.040765 seconds
Number of updated asset objects reloaded before import = 0
Number of asset objects unloaded after import = 2
========================================================================
Received Import Request.
  Time since last request: 0.000028 seconds.
  path: Assets/Crates_0/Crate_0/Textures/Create_0_7_wire_153228153_color.png
  artifactKey: Guid(dbf4dec80e539ad4d97438e2164704d1) Importer(815301076,1909f56bfc062723c751e8b465ee728b)
Start importing Assets/Crates_0/Crate_0/Textures/Create_0_7_wire_153228153_color.png using Guid(dbf4dec80e539ad4d97438e2164704d1) Importer(815301076,1909f56bfc062723c751e8b465ee728b)  -> (artifact id: '15cf8d73dbcf7c4b6e2fd4fc6000273d') in 0.041527 seconds
Number of updated asset objects reloaded before import = 0
Number of asset objects unloaded after import = 2
========================================================================
Received Import Request.
  Time since last request: 0.000043 seconds.
  path: Assets/StarSparrow/Meshes/BonusContent/FlyingInsects3_Wing2.FBX
  artifactKey: Guid(a48942f1defa105409300c6ae5ade981) Importer(815301076,1909f56bfc062723c751e8b465ee728b)
Start importing Assets/StarSparrow/Meshes/BonusContent/FlyingInsects3_Wing2.FBX using Guid(a48942f1defa105409300c6ae5ade981) Importer(815301076,1909f56bfc062723c751e8b465ee728b)  -> (artifact id: 'fa167fe83e5ababbf8dd3fb71370a9ea') in 0.059899 seconds
Number of updated asset objects reloaded before import = 0
Number of asset objects unloaded after import = 8
========================================================================
Received Import Request.
  Time since last request: 0.000026 seconds.
  path: Assets/StarSparrow/Prefabs/BonusContent/PolygonSpaceship/StarSparrow_Wing_1_LP_Red.prefab
  artifactKey: Guid(30e7e44d738e12b4d90219afe4380ab9) Importer(815301076,1909f56bfc062723c751e8b465ee728b)
Start importing Assets/StarSparrow/Prefabs/BonusContent/PolygonSpaceship/StarSparrow_Wing_1_LP_Red.prefab using Guid(30e7e44d738e12b4d90219afe4380ab9) Importer(815301076,1909f56bfc062723c751e8b465ee728b)  -> (artifact id: 'c0d9c606b3d840a0610e715e49d92c8c') in 0.023647 seconds
Number of updated asset objects reloaded before import = 0
Number of asset objects unloaded after import = 18
========================================================================
Received Import Request.
  Time since last request: 0.000035 seconds.
  path: Assets/Crates_0/Crate_0/Textures/Create_0_3_wire_153228153_metalness.png
  artifactKey: Guid(bf46fc8f5a4caed42bc04ec2ce847e45) Importer(815301076,1909f56bfc062723c751e8b465ee728b)
Start importing Assets/Crates_0/Crate_0/Textures/Create_0_3_wire_153228153_metalness.png using Guid(bf46fc8f5a4caed42bc04ec2ce847e45) Importer(815301076,1909f56bfc062723c751e8b465ee728b)  -> (artifact id: '87d09ccfef5dbee01f6c9542b878c59e') in 0.040546 seconds
Number of updated asset objects reloaded before import = 0
Number of asset objects unloaded after import = 2
========================================================================
Received Import Request.
  Time since last request: 0.000036 seconds.
  path: Assets/Crates_0/Crate_0/Textures/Create_0_2_wire_153228153_nmap.png
  artifactKey: Guid(5e400b1582dde4648a9051b24d4e9cf5) Importer(815301076,1909f56bfc062723c751e8b465ee728b)
Start importing Assets/Crates_0/Crate_0/Textures/Create_0_2_wire_153228153_nmap.png using Guid(5e400b1582dde4648a9051b24d4e9cf5) Importer(815301076,1909f56bfc062723c751e8b465ee728b)  -> (artifact id: '0198637844c94b80832e530b2ed2bd5f') in 0.041928 seconds
Number of updated asset objects reloaded before import = 0
Number of asset objects unloaded after import = 2
========================================================================
Received Import Request.
  Time since last request: 0.000039 seconds.
  path: Assets/Crates_0/Crate_0/Textures/Create_0_1_wire_153228153_rough.png
  artifactKey: Guid(3489db7278bdfbc4698b5d14fe83f4b9) Importer(815301076,1909f56bfc062723c751e8b465ee728b)
Start importing Assets/Crates_0/Crate_0/Textures/Create_0_1_wire_153228153_rough.png using Guid(3489db7278bdfbc4698b5d14fe83f4b9) Importer(815301076,1909f56bfc062723c751e8b465ee728b)  -> (artifact id: '37ff23ea4e9bacf2b82deb8a47bd0ab6') in 0.040606 seconds
Number of updated asset objects reloaded before import = 0
Number of asset objects unloaded after import = 2
========================================================================
Received Import Request.
  Time since last request: 0.000028 seconds.
  path: Assets/Crates_0/Crate_0/Textures/Create_0_4_wire_153228153_rough.png
  artifactKey: Guid(7b75bd9e2485ee249aa09d7c04ec4d17) Importer(815301076,1909f56bfc062723c751e8b465ee728b)
Start importing Assets/Crates_0/Crate_0/Textures/Create_0_4_wire_153228153_rough.png using Guid(7b75bd9e2485ee249aa09d7c04ec4d17) Importer(815301076,1909f56bfc062723c751e8b465ee728b)  -> (artifact id: '15565bda92762ce292410c15f270f6ae') in 0.040674 seconds
Number of updated asset objects reloaded before import = 0
Number of asset objects unloaded after import = 2
========================================================================
Received Import Request.
  Time since last request: 0.000028 seconds.
  path: Assets/StarSparrow/Prefabs/BonusContent/PolygonSpaceship/StarSparrow_Wing_1_Mirrored_LP_Red.prefab
  artifactKey: Guid(ead3ebac099823941bb3128d6fd11249) Importer(815301076,1909f56bfc062723c751e8b465ee728b)
Start importing Assets/StarSparrow/Prefabs/BonusContent/PolygonSpaceship/StarSparrow_Wing_1_Mirrored_LP_Red.prefab using Guid(ead3ebac099823941bb3128d6fd11249) Importer(815301076,1909f56bfc062723c751e8b465ee728b)  -> (artifact id: '8b7ee21cd92efa8a78e679fc9adee944') in 0.024373 seconds
Number of updated asset objects reloaded before import = 0
Number of asset objects unloaded after import = 18
========================================================================
Received Import Request.
  Time since last request: 0.000026 seconds.
  path: Assets/Crates_0/Crate_0/Textures/Create_0_2_wire_153228153_metalness.png
  artifactKey: Guid(4b12868a0dca16343acb70c617504f16) Importer(815301076,1909f56bfc062723c751e8b465ee728b)
Start importing Assets/Crates_0/Crate_0/Textures/Create_0_2_wire_153228153_metalness.png using Guid(4b12868a0dca16343acb70c617504f16) Importer(815301076,1909f56bfc062723c751e8b465ee728b)  -> (artifact id: '5803cae196d90197027a191b9151d7af') in 0.039694 seconds
Number of updated asset objects reloaded before import = 0
Number of asset objects unloaded after import = 2
========================================================================
Received Import Request.
  Time since last request: 0.000365 seconds.
  path: Assets/StarSparrow/Meshes/BonusContent/FlyingInsects3_Wing1.FBX
  artifactKey: Guid(c121b1640d073a14382ea0f68499c85e) Importer(815301076,1909f56bfc062723c751e8b465ee728b)
Start importing Assets/StarSparrow/Meshes/BonusContent/FlyingInsects3_Wing1.FBX using Guid(c121b1640d073a14382ea0f68499c85e) Importer(815301076,1909f56bfc062723c751e8b465ee728b)  -> (artifact id: '6dce56b7d676a0d750cb95608527719d') in 0.031676 seconds
Number of updated asset objects reloaded before import = 0
Number of asset objects unloaded after import = 8
========================================================================
Received Import Request.
  Time since last request: 0.000028 seconds.
  path: Assets/Crates_0/Crate_0/Textures/Create_0_4_wire_153228153_color.png
  artifactKey: Guid(c807668a293109a4fa0fcb6fc2e92f2c) Importer(815301076,1909f56bfc062723c751e8b465ee728b)
Start importing Assets/Crates_0/Crate_0/Textures/Create_0_4_wire_153228153_color.png using Guid(c807668a293109a4fa0fcb6fc2e92f2c) Importer(815301076,1909f56bfc062723c751e8b465ee728b)  -> (artifact id: 'b482faf2cc3a9df1c13821d32bca584f') in 0.041085 seconds
Number of updated asset objects reloaded before import = 0
Number of asset objects unloaded after import = 2
Editor requested this worker to shutdown with reason: Scaling down because of idle timeout
TcpMessagingSession - receive error: operation aborted. errorcode: 995, details: The I/O operation has been aborted because of either a thread exit or an application request.
AssetImportWorker is now disconnected from the server
Process exiting
Exiting without the bug reporter. Application will terminate with return code 0