Using pre-set license
Built from '2022.3/staging' branch; Version is '2022.3.11f1 (d00248457e15) revision 13632072'; Using compiler version '192829333'; Build Type 'Release'
OS: 'Windows 10  (10.0.19045) 64bit Core' Language: 'en' Physical Memory: 16264 MB
BatchMode: 1, IsHumanControllingUs: 0, StartBugReporterOnCrash: 0, Is64bit: 1, IsPro: 1

COMMAND LINE ARGUMENTS:
C:\Program Files\Unity\Hub\Editor\2022.3.11f1\Editor\Unity.exe
-adb2
-batchMode
-noUpm
-name
AssetImportWorker7
-projectPath
C:/Users/ZE BEBE/Desktop/GameTech/Texnologies
-logFile
Logs/AssetImportWorker7.log
-srvPort
61712
Successfully changed project path to: C:/Users/ZE BEBE/Desktop/GameTech/Texnologies
C:/Users/ZE BEBE/Desktop/GameTech/Texnologies
[UnityMemory] Configuration Parameters - Can be set up in boot.config
    "memorysetup-bucket-allocator-granularity=16"
    "memorysetup-bucket-allocator-bucket-count=8"
    "memorysetup-bucket-allocator-block-size=33554432"
    "memorysetup-bucket-allocator-block-count=8"
    "memorysetup-main-allocator-block-size=16777216"
    "memorysetup-thread-allocator-block-size=16777216"
    "memorysetup-gfx-main-allocator-block-size=16777216"
    "memorysetup-gfx-thread-allocator-block-size=16777216"
    "memorysetup-cache-allocator-block-size=4194304"
    "memorysetup-typetree-allocator-block-size=2097152"
    "memorysetup-profiler-bucket-allocator-granularity=16"
    "memorysetup-profiler-bucket-allocator-bucket-count=8"
    "memorysetup-profiler-bucket-allocator-block-size=33554432"
    "memorysetup-profiler-bucket-allocator-block-count=8"
    "memorysetup-profiler-allocator-block-size=16777216"
    "memorysetup-profiler-editor-allocator-block-size=1048576"
    "memorysetup-temp-allocator-size-main=16777216"
    "memorysetup-job-temp-allocator-block-size=2097152"
    "memorysetup-job-temp-allocator-block-size-background=1048576"
    "memorysetup-job-temp-allocator-reduction-small-platforms=262144"
    "memorysetup-allocator-temp-initial-block-size-main=262144"
    "memorysetup-allocator-temp-initial-block-size-worker=262144"
    "memorysetup-temp-allocator-size-background-worker=32768"
    "memorysetup-temp-allocator-size-job-worker=262144"
    "memorysetup-temp-allocator-size-preload-manager=33554432"
    "memorysetup-temp-allocator-size-nav-mesh-worker=65536"
    "memorysetup-temp-allocator-size-audio-worker=65536"
    "memorysetup-temp-allocator-size-cloud-worker=32768"
    "memorysetup-temp-allocator-size-gi-baking-worker=262144"
    "memorysetup-temp-allocator-size-gfx=262144"
Player connection [15540] Host "[IP] 192.168.1.6 [Port] 0 [Flags] 2 [Guid] 3634886379 [EditorId] 3634886379 [Version] 1048832 [Id] WindowsEditor(7,ZEBEBE) [Debug] 1 [PackageName] WindowsEditor [ProjectName] Editor" joined multi-casting on [225.0.0.222:54997]...

Player connection [15540] Host "[IP] 192.168.1.6 [Port] 0 [Flags] 2 [Guid] 3634886379 [EditorId] 3634886379 [Version] 1048832 [Id] WindowsEditor(7,ZEBEBE) [Debug] 1 [PackageName] WindowsEditor [ProjectName] Editor" joined alternative multi-casting on [225.0.0.222:34997]...

[Physics::Module] Initialized MultithreadedJobDispatcher with 7 workers.
Refreshing native plugins compatible for Editor in 67.67 ms, found 3 plugins.
Preloading 0 native plugins for Editor in 0.00 ms.
Initialize engine version: 2022.3.11f1 (d00248457e15)
[Subsystems] Discovering subsystems at path C:/Program Files/Unity/Hub/Editor/2022.3.11f1/Editor/Data/Resources/UnitySubsystems
[Subsystems] Discovering subsystems at path C:/Users/ZE BEBE/Desktop/GameTech/Texnologies/Assets
GfxDevice: creating device client; threaded=0; jobified=0
Direct3D:
    Version:  Direct3D 11.0 [level 11.1]
    Renderer: NVIDIA GeForce GTX 1050 (ID=0x1c91)
    Vendor:   NVIDIA
    VRAM:     2995 MB
    Driver:   31.0.15.3713
Initialize mono
Mono path[0] = 'C:/Program Files/Unity/Hub/Editor/2022.3.11f1/Editor/Data/Managed'
Mono path[1] = 'C:/Program Files/Unity/Hub/Editor/2022.3.11f1/Editor/Data/MonoBleedingEdge/lib/mono/unityjit-win32'
Mono config path = 'C:/Program Files/Unity/Hub/Editor/2022.3.11f1/Editor/Data/MonoBleedingEdge/etc'
Using monoOptions --debugger-agent=transport=dt_socket,embedding=1,server=y,suspend=n,address=127.0.0.1:56576
Begin MonoManager ReloadAssembly
Registering precompiled unity dll's ...
Register platform support module: C:/Program Files/Unity/Hub/Editor/2022.3.11f1/Editor/Data/PlaybackEngines/WindowsStandaloneSupport/UnityEditor.WindowsStandalone.Extensions.dll
Registered in 0.025756 seconds.
- Loaded All Assemblies, in  0.969 seconds
Native extension for WindowsStandalone target not found
Mono: successfully reloaded assembly
- Finished resetting the current domain, in  0.547 seconds
Domain Reload Profiling: 1509ms
	BeginReloadAssembly (291ms)
		ExecutionOrderSort (0ms)
		DisableScriptedObjects (0ms)
		BackupInstance (0ms)
		ReleaseScriptingObjects (0ms)
		CreateAndSetChildDomain (2ms)
	RebuildCommonClasses (82ms)
	RebuildNativeTypeToScriptingClass (24ms)
	initialDomainReloadingComplete (148ms)
	LoadAllAssembliesAndSetupDomain (415ms)
		LoadAssemblies (285ms)
		RebuildTransferFunctionScriptingTraits (0ms)
		AnalyzeDomain (408ms)
			TypeCache.Refresh (405ms)
				TypeCache.ScanAssembly (351ms)
			ScanForSourceGeneratedMonoScriptInfo (1ms)
			ResolveRequiredComponents (1ms)
	FinalizeReload (549ms)
		ReleaseScriptCaches (0ms)
		RebuildScriptCaches (0ms)
		SetupLoadedEditorAssemblies (383ms)
			LogAssemblyErrors (0ms)
			InitializePlatformSupportModulesInManaged (32ms)
			SetLoadedEditorAssemblies (20ms)
			RefreshPlugins (0ms)
			BeforeProcessingInitializeOnLoad (6ms)
			ProcessInitializeOnLoadAttributes (237ms)
			ProcessInitializeOnLoadMethodAttributes (88ms)
			AfterProcessingInitializeOnLoad (0ms)
			EditorAssembliesLoaded (0ms)
		ExecutionOrderSort2 (0ms)
		AwakeInstancesAfterBackupRestoration (0ms)
========================================================================
Worker process is ready to serve import requests
Begin MonoManager ReloadAssembly
Symbol file LoadedFromMemory is not a mono symbol file
- Loaded All Assemblies, in  1.617 seconds
Refreshing native plugins compatible for Editor in 15.91 ms, found 3 plugins.
Native extension for WindowsStandalone target not found
[MODES] ModeService[none].Initialize
[MODES] ModeService[none].LoadModes
[MODES] Loading mode Default (0) for mode-current-id-Texnologies Anaptixis
Package Manager log level set to [2]
[Package Manager] Server::EnsureServerProcessIsRunning -- launch failed, reason: Unity was launched with the -noUpm command-line argument
[Package Manager] UpmClient::Send -- Unable to send message (not connected to UPM process).
[Package Manager] Cannot connect to Unity Package Manager local server
Mono: successfully reloaded assembly
- Finished resetting the current domain, in  1.495 seconds
Domain Reload Profiling: 3102ms
	BeginReloadAssembly (221ms)
		ExecutionOrderSort (0ms)
		DisableScriptedObjects (9ms)
		BackupInstance (0ms)
		ReleaseScriptingObjects (0ms)
		CreateAndSetChildDomain (26ms)
	RebuildCommonClasses (53ms)
	RebuildNativeTypeToScriptingClass (12ms)
	initialDomainReloadingComplete (56ms)
	LoadAllAssembliesAndSetupDomain (1264ms)
		LoadAssemblies (836ms)
		RebuildTransferFunctionScriptingTraits (0ms)
		AnalyzeDomain (566ms)
			TypeCache.Refresh (498ms)
				TypeCache.ScanAssembly (463ms)
			ScanForSourceGeneratedMonoScriptInfo (50ms)
			ResolveRequiredComponents (16ms)
	FinalizeReload (1496ms)
		ReleaseScriptCaches (0ms)
		RebuildScriptCaches (0ms)
		SetupLoadedEditorAssemblies (1233ms)
			LogAssemblyErrors (0ms)
			InitializePlatformSupportModulesInManaged (8ms)
			SetLoadedEditorAssemblies (4ms)
			RefreshPlugins (0ms)
			BeforeProcessingInitializeOnLoad (161ms)
			ProcessInitializeOnLoadAttributes (786ms)
			ProcessInitializeOnLoadMethodAttributes (258ms)
			AfterProcessingInitializeOnLoad (15ms)
			EditorAssembliesLoaded (0ms)
		ExecutionOrderSort2 (0ms)
		AwakeInstancesAfterBackupRestoration (8ms)
Launched and connected shader compiler UnityShaderCompiler.exe after 0.06 seconds
Refreshing native plugins compatible for Editor in 30.30 ms, found 3 plugins.
Preloading 0 native plugins for Editor in 0.00 ms.
Unloading 8783 Unused Serialized files (Serialized files now loaded: 0)
Unloading 297 unused Assets / (15.6 MB). Loaded Objects now: 9123.
Memory consumption went from 410.5 MB to 394.9 MB.
Total: 42.333500 ms (FindLiveObjects: 1.419500 ms CreateObjectMapping: 1.358200 ms MarkObjects: 33.876400 ms  DeleteObjects: 5.674200 ms)

AssetImportParameters requested are different than current active one (requested -> active):
  custom:container-demuxer-ogg: 62fdf1f143b41e24485cea50d1cbac27 -> 
  custom:framework-win-MediaFoundation: 216162199b28c13a410421893ffa2e32 -> 
  custom:container-muxer-webm: aa71ff27fc2769a1b78a27578f13a17b -> 
  custom:video-decoder-webm-vp8: 9c59270c3fd7afecdb556c50c9e8de78 -> 
  custom:SearchIndexIgnoredProperties: e643bd26f0fe6173181afceb89e7c659 -> 
  custom:AudioImporter_EditorPlatform: d09bf68614088b80899f8185d706f6e7 -> 
  custom:audio-decoder-ogg-vorbis: bf7c407c2cedff20999df2af8eb42d56 -> 
  custom:audio-encoder-webm-vorbis: bf7c407c2cedff20999df2af8eb42d56 -> 
  custom:video-decoder-ogg-theora: a1e56fd34408186e4bbccfd4996cb3dc -> 
  custom:CustomObjectIndexerAttribute: d54d2f2da18e7612c182cf67624b6b12 -> 
  custom:container-demuxer-webm: 4f35f7cbe854078d1ac9338744f61a02 -> 
  custom:video-encoder-webm-vp8: eb34c28f22e8b96e1ab97ce403110664 -> 
========================================================================
Received Import Request.
  Time since last request: 662327.740051 seconds.
  path: Assets/pumpkin_monster/Base mesh/pumpkin.fbx
  artifactKey: Guid(698d7543eef02b44eb8758d362a8f1d0) Importer(815301076,1909f56bfc062723c751e8b465ee728b)
Start importing Assets/pumpkin_monster/Base mesh/pumpkin.fbx using Guid(698d7543eef02b44eb8758d362a8f1d0) Importer(815301076,1909f56bfc062723c751e8b465ee728b)  -> (artifact id: 'bfb971284b6626877b8b797c0afc9a72') in 0.820214 seconds
Number of updated asset objects reloaded before import = 0
Number of asset objects unloaded after import = 156
========================================================================
Received Import Request.
  Time since last request: 3.040094 seconds.
  path: Assets/TrueClouds/ExampleScenes/Models/fog.fbx
  artifactKey: Guid(557312668e6cafa468357c067a3ddb41) Importer(815301076,1909f56bfc062723c751e8b465ee728b)
Start importing Assets/TrueClouds/ExampleScenes/Models/fog.fbx using Guid(557312668e6cafa468357c067a3ddb41) Importer(815301076,1909f56bfc062723c751e8b465ee728b)  -> (artifact id: 'c8eee8a96df4ce190b488fa45f23d6ac') in 0.040886 seconds
Number of updated asset objects reloaded before import = 0
Number of asset objects unloaded after import = 13
========================================================================
Received Import Request.
  Time since last request: 0.515579 seconds.
  path: Assets/TerrainSampleAssets/Models/Plant_A.asset
  artifactKey: Guid(d427b65f0342fe84fa77dabe420757ee) Importer(815301076,1909f56bfc062723c751e8b465ee728b)
Start importing Assets/TerrainSampleAssets/Models/Plant_A.asset using Guid(d427b65f0342fe84fa77dabe420757ee) Importer(815301076,1909f56bfc062723c751e8b465ee728b)  -> (artifact id: 'c6354a58969629dfe429a0a9b0c3be54') in 0.024058 seconds
Number of updated asset objects reloaded before import = 0
Number of asset objects unloaded after import = 2
========================================================================
Received Import Request.
  Time since last request: 0.295904 seconds.
  path: Assets/TerrainSampleAssets/Models/Plant_D.asset
  artifactKey: Guid(6a7e8cd5e1ea8794c838b902529f257c) Importer(815301076,1909f56bfc062723c751e8b465ee728b)
Start importing Assets/TerrainSampleAssets/Models/Plant_D.asset using Guid(6a7e8cd5e1ea8794c838b902529f257c) Importer(815301076,1909f56bfc062723c751e8b465ee728b)  -> (artifact id: '257c8e2203421df954b3a160d70cd994') in 0.015441 seconds
Number of updated asset objects reloaded before import = 0
Number of asset objects unloaded after import = 2
========================================================================
Received Import Request.
  Time since last request: 0.000021 seconds.
  path: Assets/MONSTER_X/FBX/RUN.FBX
  artifactKey: Guid(dbae61bd966c9c04899a8efbc7051301) Importer(815301076,1909f56bfc062723c751e8b465ee728b)
Start importing Assets/MONSTER_X/FBX/RUN.FBX using Guid(dbae61bd966c9c04899a8efbc7051301) Importer(815301076,1909f56bfc062723c751e8b465ee728b)  -> (artifact id: 'b34ebbba5215ccd98aa910b31ad59c11') in 0.051231 seconds
Number of updated asset objects reloaded before import = 0
Number of asset objects unloaded after import = 119
========================================================================
Received Import Request.
  Time since last request: 0.273217 seconds.
  path: Assets/MONSTER_X/FBX/ATTACK.FBX
  artifactKey: Guid(5956a2a088fd81d4ab3b9b5c6eaceaf2) Importer(815301076,1909f56bfc062723c751e8b465ee728b)
Start importing Assets/MONSTER_X/FBX/ATTACK.FBX using Guid(5956a2a088fd81d4ab3b9b5c6eaceaf2) Importer(815301076,1909f56bfc062723c751e8b465ee728b)  -> (artifact id: '3a34bebccd7812e73d1368733fc07c9e') in 0.049476 seconds
Number of updated asset objects reloaded before import = 0
Number of asset objects unloaded after import = 119
========================================================================
Received Import Request.
  Time since last request: 0.000035 seconds.
  path: Assets/Rocks_and_Boulders_2/Rocks/Source/Models/Rock1E.fbx
  artifactKey: Guid(1ef63c9e36fd9ae47867f4bb79c7cbb3) Importer(815301076,1909f56bfc062723c751e8b465ee728b)
Start importing Assets/Rocks_and_Boulders_2/Rocks/Source/Models/Rock1E.fbx using Guid(1ef63c9e36fd9ae47867f4bb79c7cbb3) Importer(815301076,1909f56bfc062723c751e8b465ee728b)  -> (artifact id: '4d0311d1a7c7919da2b3fe8c8412b218') in 0.023872 seconds
Number of updated asset objects reloaded before import = 0
Number of asset objects unloaded after import = 9
========================================================================
Received Import Request.
  Time since last request: 1943.003408 seconds.
  path: Assets/Toby_Fredson/Hand Painted Tiles - SleepingForest/Terrains/ATSG_TerrainSample.asset
  artifactKey: Guid(af7312ffb38b4c64b846a53b785313e0) Importer(815301076,1909f56bfc062723c751e8b465ee728b)
Start importing Assets/Toby_Fredson/Hand Painted Tiles - SleepingForest/Terrains/ATSG_TerrainSample.asset using Guid(af7312ffb38b4c64b846a53b785313e0) Importer(815301076,1909f56bfc062723c751e8b465ee728b)  -> (artifact id: '7085136f6c8ea01cc4bb35c2c5af5379') in 0.078349 seconds
Number of updated asset objects reloaded before import = 0
Number of asset objects unloaded after import = 4
========================================================================
Received Import Request.
  Time since last request: 0.000031 seconds.
  path: Assets/Toby_Fredson/Hand Painted Tiles - SleepingForest/Terrains/PT_TerrainLK_Diffuse.png
  artifactKey: Guid(ad63d334371fabd4398cf566b31b7180) Importer(815301076,1909f56bfc062723c751e8b465ee728b)
Start importing Assets/Toby_Fredson/Hand Painted Tiles - SleepingForest/Terrains/PT_TerrainLK_Diffuse.png using Guid(ad63d334371fabd4398cf566b31b7180) Importer(815301076,1909f56bfc062723c751e8b465ee728b)  -> (artifact id: '47e7eb770d05993c9335b5bb608d75ad') in 0.048185 seconds
Number of updated asset objects reloaded before import = 0
Number of asset objects unloaded after import = 2
========================================================================
Received Import Request.
  Time since last request: 0.000038 seconds.
  path: Assets/Toby_Fredson/Hand Painted Tiles - SleepingForest/Terrains/New Terrain 3.asset
  artifactKey: Guid(552d72ca20071a146bb4ae2ac3798fd6) Importer(815301076,1909f56bfc062723c751e8b465ee728b)
Start importing Assets/Toby_Fredson/Hand Painted Tiles - SleepingForest/Terrains/New Terrain 3.asset using Guid(552d72ca20071a146bb4ae2ac3798fd6) Importer(815301076,1909f56bfc062723c751e8b465ee728b)  -> (artifact id: '2c74e05b6b6e1f733868eb94bb6502c7') in 0.097968 seconds
Number of updated asset objects reloaded before import = 0
Number of asset objects unloaded after import = 5
========================================================================
Received Import Request.
  Time since last request: 0.000049 seconds.
  path: Assets/Toby_Fredson/Hand Painted Tiles - SleepingForest/Terrains/New Terrain 4.asset
  artifactKey: Guid(a16454729cb2a9a47b44afa70a8bea21) Importer(815301076,1909f56bfc062723c751e8b465ee728b)
Start importing Assets/Toby_Fredson/Hand Painted Tiles - SleepingForest/Terrains/New Terrain 4.asset using Guid(a16454729cb2a9a47b44afa70a8bea21) Importer(815301076,1909f56bfc062723c751e8b465ee728b)  -> (artifact id: '543985400d98dc0c43a92e0d335e3399') in 0.029862 seconds
Number of updated asset objects reloaded before import = 0
Number of asset objects unloaded after import = 4
========================================================================
Received Import Request.
  Time since last request: 0.000028 seconds.
  path: Assets/Toby_Fredson/Hand Painted Tiles - SleepingForest/Terrains/New Terrain 5.asset
  artifactKey: Guid(1a48e1530e190c643be92568951321e5) Importer(815301076,1909f56bfc062723c751e8b465ee728b)
Start importing Assets/Toby_Fredson/Hand Painted Tiles - SleepingForest/Terrains/New Terrain 5.asset using Guid(1a48e1530e190c643be92568951321e5) Importer(815301076,1909f56bfc062723c751e8b465ee728b)  -> (artifact id: '116b1b7a3fd6fc31c0b82fffa31ebf22') in 0.030203 seconds
Number of updated asset objects reloaded before import = 0
Number of asset objects unloaded after import = 3
========================================================================
Received Import Request.
  Time since last request: 4.029744 seconds.
  path: Assets/Toby_Fredson/Hand Painted Tiles - SleepingForest/Textures/LK_Textures/BackgroundTest_Day.jpg
  artifactKey: Guid(5aac92e84ca43f445a2d93c2437f541d) Importer(815301076,1909f56bfc062723c751e8b465ee728b)
Start importing Assets/Toby_Fredson/Hand Painted Tiles - SleepingForest/Textures/LK_Textures/BackgroundTest_Day.jpg using Guid(5aac92e84ca43f445a2d93c2437f541d) Importer(815301076,1909f56bfc062723c751e8b465ee728b)  -> (artifact id: 'd45487540e39f9f211c2e89497326bc3') in 0.042163 seconds
Number of updated asset objects reloaded before import = 0
Number of asset objects unloaded after import = 2
========================================================================
Received Import Request.
  Time since last request: 0.000027 seconds.
  path: Assets/Toby_Fredson/Hand Painted Tiles - SleepingForest/Textures/LK_Textures/LKDirtgrassA_Speular.tif
  artifactKey: Guid(98d3ac15537438046bac86fd948239d9) Importer(815301076,1909f56bfc062723c751e8b465ee728b)
Start importing Assets/Toby_Fredson/Hand Painted Tiles - SleepingForest/Textures/LK_Textures/LKDirtgrassA_Speular.tif using Guid(98d3ac15537438046bac86fd948239d9) Importer(815301076,1909f56bfc062723c751e8b465ee728b)  -> (artifact id: '3d30135d4d4dd5b81b885337c35ee953') in 0.070198 seconds
Number of updated asset objects reloaded before import = 0
Number of asset objects unloaded after import = 2
========================================================================
Received Import Request.
  Time since last request: 0.000042 seconds.
  path: Assets/Toby_Fredson/Hand Painted Tiles - SleepingForest/Textures/LK_Textures/LKPurpleStones_AO.png
  artifactKey: Guid(ca43b748547812f46a6a6b9631a23ab4) Importer(815301076,1909f56bfc062723c751e8b465ee728b)
Start importing Assets/Toby_Fredson/Hand Painted Tiles - SleepingForest/Textures/LK_Textures/LKPurpleStones_AO.png using Guid(ca43b748547812f46a6a6b9631a23ab4) Importer(815301076,1909f56bfc062723c751e8b465ee728b)  -> (artifact id: '0e61c0cee77fee6c66c6000aedd0bd7c') in 0.057740 seconds
Number of updated asset objects reloaded before import = 0
Number of asset objects unloaded after import = 2
========================================================================
Received Import Request.
  Time since last request: 0.000058 seconds.
  path: Assets/Toby_Fredson/Hand Painted Tiles - SleepingForest/Textures/LK_Textures/LKGrassHigh_Albedo.png
  artifactKey: Guid(078b254cb54b49c4dbe646cb30d40f2e) Importer(815301076,1909f56bfc062723c751e8b465ee728b)
Start importing Assets/Toby_Fredson/Hand Painted Tiles - SleepingForest/Textures/LK_Textures/LKGrassHigh_Albedo.png using Guid(078b254cb54b49c4dbe646cb30d40f2e) Importer(815301076,1909f56bfc062723c751e8b465ee728b)  -> (artifact id: 'bc02ba4658ed5ec4cd08b87409b3ca7f') in 0.051504 seconds
Number of updated asset objects reloaded before import = 0
Number of asset objects unloaded after import = 2
========================================================================
Received Import Request.
  Time since last request: 0.000382 seconds.
  path: Assets/Toby_Fredson/Hand Painted Tiles - SleepingForest/Textures/LK_Textures/LKGrass_Specular.tif
  artifactKey: Guid(2bf83ad845c44fa4cad80f9e96b19a2e) Importer(815301076,1909f56bfc062723c751e8b465ee728b)
Start importing Assets/Toby_Fredson/Hand Painted Tiles - SleepingForest/Textures/LK_Textures/LKGrass_Specular.tif using Guid(2bf83ad845c44fa4cad80f9e96b19a2e) Importer(815301076,1909f56bfc062723c751e8b465ee728b)  -> (artifact id: '18e9be09c89fe59355037830babead95') in 0.051294 seconds
Number of updated asset objects reloaded before import = 0
Number of asset objects unloaded after import = 2
========================================================================
Received Import Request.
  Time since last request: 0.000079 seconds.
  path: Assets/Toby_Fredson/Hand Painted Tiles - SleepingForest/Textures/LK_Textures/LKPurpleStones_Specular.tif
  artifactKey: Guid(7c813f6223190f34289a73e98bb3fa31) Importer(815301076,1909f56bfc062723c751e8b465ee728b)
Start importing Assets/Toby_Fredson/Hand Painted Tiles - SleepingForest/Textures/LK_Textures/LKPurpleStones_Specular.tif using Guid(7c813f6223190f34289a73e98bb3fa31) Importer(815301076,1909f56bfc062723c751e8b465ee728b)  -> (artifact id: '86a5d1f647423c1fc26db11acd738c8f') in 0.052041 seconds
Number of updated asset objects reloaded before import = 0
Number of asset objects unloaded after import = 2
========================================================================
Received Import Request.
  Time since last request: 0.000035 seconds.
  path: Assets/Toby_Fredson/Hand Painted Tiles - SleepingForest/Textures/LK_Textures/LKGrassRocks_Diffuse.png
  artifactKey: Guid(63a191958df76ab468fa6c4ba4ecc52c) Importer(815301076,1909f56bfc062723c751e8b465ee728b)
Start importing Assets/Toby_Fredson/Hand Painted Tiles - SleepingForest/Textures/LK_Textures/LKGrassRocks_Diffuse.png using Guid(63a191958df76ab468fa6c4ba4ecc52c) Importer(815301076,1909f56bfc062723c751e8b465ee728b)  -> (artifact id: 'ecff106ba4412c354068f5412d06a8d8') in 0.043194 seconds
Number of updated asset objects reloaded before import = 0
Number of asset objects unloaded after import = 2
========================================================================
Received Import Request.
  Time since last request: 0.000039 seconds.
  path: Assets/Toby_Fredson/Hand Painted Tiles - SleepingForest/Textures/LK_Textures/LKDirtGrassA_Albedo.png
  artifactKey: Guid(dc3013ba9da771244a93c6e86d238d29) Importer(815301076,1909f56bfc062723c751e8b465ee728b)
Start importing Assets/Toby_Fredson/Hand Painted Tiles - SleepingForest/Textures/LK_Textures/LKDirtGrassA_Albedo.png using Guid(dc3013ba9da771244a93c6e86d238d29) Importer(815301076,1909f56bfc062723c751e8b465ee728b)  -> (artifact id: '5ad398a28a40ce048312584c17567b8e') in 0.039630 seconds
Number of updated asset objects reloaded before import = 0
Number of asset objects unloaded after import = 2
========================================================================
Received Import Request.
  Time since last request: 0.000021 seconds.
  path: Assets/Toby_Fredson/Hand Painted Tiles - SleepingForest/Textures/LK_Textures/LKGrass_AO.png
  artifactKey: Guid(b4688a49d287a0d4c8cf03f074547fd2) Importer(815301076,1909f56bfc062723c751e8b465ee728b)
Start importing Assets/Toby_Fredson/Hand Painted Tiles - SleepingForest/Textures/LK_Textures/LKGrass_AO.png using Guid(b4688a49d287a0d4c8cf03f074547fd2) Importer(815301076,1909f56bfc062723c751e8b465ee728b)  -> (artifact id: 'ab5d6f960c5cc8e07bbb89f9a3d963de') in 0.042438 seconds
Number of updated asset objects reloaded before import = 0
Number of asset objects unloaded after import = 2
========================================================================
Received Import Request.
  Time since last request: 0.000044 seconds.
  path: Assets/Toby_Fredson/Hand Painted Tiles - SleepingForest/Textures/LK_Textures/LKDirtGrassA_AlbedoB.png
  artifactKey: Guid(94ef23a02bd745949a72ed07181ad7af) Importer(815301076,1909f56bfc062723c751e8b465ee728b)
Start importing Assets/Toby_Fredson/Hand Painted Tiles - SleepingForest/Textures/LK_Textures/LKDirtGrassA_AlbedoB.png using Guid(94ef23a02bd745949a72ed07181ad7af) Importer(815301076,1909f56bfc062723c751e8b465ee728b)  -> (artifact id: 'e628585526860fea786787eeaaafb34e') in 0.063371 seconds
Number of updated asset objects reloaded before import = 0
Number of asset objects unloaded after import = 2
========================================================================
Received Import Request.
  Time since last request: 0.000038 seconds.
  path: Assets/Toby_Fredson/Hand Painted Tiles - SleepingForest/Textures/LK_Textures/LKGrassRocks_Hight.png
  artifactKey: Guid(67fceaad02733914fb482b874cb335af) Importer(815301076,1909f56bfc062723c751e8b465ee728b)
Start importing Assets/Toby_Fredson/Hand Painted Tiles - SleepingForest/Textures/LK_Textures/LKGrassRocks_Hight.png using Guid(67fceaad02733914fb482b874cb335af) Importer(815301076,1909f56bfc062723c751e8b465ee728b)  -> (artifact id: '061bca4c600d8cd0ee5d0a280b8d7c8b') in 0.045574 seconds
Number of updated asset objects reloaded before import = 0
Number of asset objects unloaded after import = 2
========================================================================
Received Import Request.
  Time since last request: 0.000035 seconds.
  path: Assets/Toby_Fredson/Hand Painted Tiles - SleepingForest/Textures/LK_Textures/LKMountainRocks_Specular.tif
  artifactKey: Guid(399d3797d74edd345ab6707474ca2429) Importer(815301076,1909f56bfc062723c751e8b465ee728b)
Start importing Assets/Toby_Fredson/Hand Painted Tiles - SleepingForest/Textures/LK_Textures/LKMountainRocks_Specular.tif using Guid(399d3797d74edd345ab6707474ca2429) Importer(815301076,1909f56bfc062723c751e8b465ee728b)  -> (artifact id: '74ee8ab27283fb5cf8b2469f67350707') in 0.061585 seconds
Number of updated asset objects reloaded before import = 0
Number of asset objects unloaded after import = 2
========================================================================
Received Import Request.
  Time since last request: 0.000028 seconds.
  path: Assets/Toby_Fredson/Hand Painted Tiles - SleepingForest/Textures/LK_Textures/LKGrass_Hight.png
  artifactKey: Guid(79dd7fbd27cacf74eb4a3c80be6d6cb2) Importer(815301076,1909f56bfc062723c751e8b465ee728b)
Start importing Assets/Toby_Fredson/Hand Painted Tiles - SleepingForest/Textures/LK_Textures/LKGrass_Hight.png using Guid(79dd7fbd27cacf74eb4a3c80be6d6cb2) Importer(815301076,1909f56bfc062723c751e8b465ee728b)  -> (artifact id: 'c188dca5486e6856b905ff2b75b45c2d') in 0.065588 seconds
Number of updated asset objects reloaded before import = 0
Number of asset objects unloaded after import = 2
========================================================================
Received Import Request.
  Time since last request: 0.000071 seconds.
  path: Assets/Toby_Fredson/Hand Painted Tiles - SleepingForest/Textures/LK_Textures/LKDirtGrassB_Albedo.png
  artifactKey: Guid(d935a4277d59c1e47b7e0bc727485612) Importer(815301076,1909f56bfc062723c751e8b465ee728b)
Start importing Assets/Toby_Fredson/Hand Painted Tiles - SleepingForest/Textures/LK_Textures/LKDirtGrassB_Albedo.png using Guid(d935a4277d59c1e47b7e0bc727485612) Importer(815301076,1909f56bfc062723c751e8b465ee728b)  -> (artifact id: '079badba191e6a30b2b2b49d46bfbd0c') in 0.040446 seconds
Number of updated asset objects reloaded before import = 0
Number of asset objects unloaded after import = 2
========================================================================
Received Import Request.
  Time since last request: 0.000026 seconds.
  path: Assets/Toby_Fredson/Hand Painted Tiles - SleepingForest/Textures/LK_Textures/Grass1B.tif
  artifactKey: Guid(39e7858f1256baf4aafac97bf76aec80) Importer(815301076,1909f56bfc062723c751e8b465ee728b)
Start importing Assets/Toby_Fredson/Hand Painted Tiles - SleepingForest/Textures/LK_Textures/Grass1B.tif using Guid(39e7858f1256baf4aafac97bf76aec80) Importer(815301076,1909f56bfc062723c751e8b465ee728b)  -> (artifact id: 'ac179a2bcad84d2cbcc0a00d12ae224c') in 0.041325 seconds
Number of updated asset objects reloaded before import = 0
Number of asset objects unloaded after import = 2
========================================================================
Received Import Request.
  Time since last request: 0.000029 seconds.
  path: Assets/Toby_Fredson/Hand Painted Tiles - SleepingForest/Textures/LK_Textures/Grass2A.tif
  artifactKey: Guid(d92fe1de7c3daba4fba3c1160d77a92c) Importer(815301076,1909f56bfc062723c751e8b465ee728b)
Start importing Assets/Toby_Fredson/Hand Painted Tiles - SleepingForest/Textures/LK_Textures/Grass2A.tif using Guid(d92fe1de7c3daba4fba3c1160d77a92c) Importer(815301076,1909f56bfc062723c751e8b465ee728b)  -> (artifact id: 'ce8bead9bb90540612d678ac3c9a49e6') in 0.049242 seconds
Number of updated asset objects reloaded before import = 0
Number of asset objects unloaded after import = 2
========================================================================
Received Import Request.
  Time since last request: 0.000075 seconds.
  path: Assets/Toby_Fredson/Hand Painted Tiles - SleepingForest/Textures/LK_Textures/LKDirtGrassA_AO.png
  artifactKey: Guid(4068967fdea67a04180d4416a850ab8f) Importer(815301076,1909f56bfc062723c751e8b465ee728b)
Start importing Assets/Toby_Fredson/Hand Painted Tiles - SleepingForest/Textures/LK_Textures/LKDirtGrassA_AO.png using Guid(4068967fdea67a04180d4416a850ab8f) Importer(815301076,1909f56bfc062723c751e8b465ee728b)  -> (artifact id: '06361970a97225a112bae34d4a6dec9f') in 0.051537 seconds
Number of updated asset objects reloaded before import = 0
Number of asset objects unloaded after import = 2
========================================================================
Received Import Request.
  Time since last request: 0.000061 seconds.
  path: Assets/Toby_Fredson/Hand Painted Tiles - SleepingForest/Textures/LK_Textures/LKGrassRocks_Specular.tif
  artifactKey: Guid(75507c5129814ed468cd438584cff4f2) Importer(815301076,1909f56bfc062723c751e8b465ee728b)
Start importing Assets/Toby_Fredson/Hand Painted Tiles - SleepingForest/Textures/LK_Textures/LKGrassRocks_Specular.tif using Guid(75507c5129814ed468cd438584cff4f2) Importer(815301076,1909f56bfc062723c751e8b465ee728b)  -> (artifact id: '6220dcaf6e7a8c16ece541e7ec19e001') in 0.042829 seconds
Number of updated asset objects reloaded before import = 0
Number of asset objects unloaded after import = 2
========================================================================
Received Import Request.
  Time since last request: 0.000053 seconds.
  path: Assets/Toby_Fredson/Hand Painted Tiles - SleepingForest/Textures/LK_Textures/LKMountainRocksLight_Hight.png
  artifactKey: Guid(dc6616d5b1441c9468fa645a69c73585) Importer(815301076,1909f56bfc062723c751e8b465ee728b)
Start importing Assets/Toby_Fredson/Hand Painted Tiles - SleepingForest/Textures/LK_Textures/LKMountainRocksLight_Hight.png using Guid(dc6616d5b1441c9468fa645a69c73585) Importer(815301076,1909f56bfc062723c751e8b465ee728b)  -> (artifact id: '0e3f320fa8807b0c884a2a192445f66b') in 0.041170 seconds
Number of updated asset objects reloaded before import = 0
Number of asset objects unloaded after import = 2
========================================================================
Received Import Request.
  Time since last request: 0.000044 seconds.
  path: Assets/Toby_Fredson/Hand Painted Tiles - SleepingForest/Textures/LK_Textures/LKSnowRock_AO.png
  artifactKey: Guid(71a4b2e67f76f0746b2d85297280af05) Importer(815301076,1909f56bfc062723c751e8b465ee728b)
Start importing Assets/Toby_Fredson/Hand Painted Tiles - SleepingForest/Textures/LK_Textures/LKSnowRock_AO.png using Guid(71a4b2e67f76f0746b2d85297280af05) Importer(815301076,1909f56bfc062723c751e8b465ee728b)  -> (artifact id: 'a38fb480440efde5a6bd2a1a5b6e1c9e') in 0.042141 seconds
Number of updated asset objects reloaded before import = 0
Number of asset objects unloaded after import = 2
========================================================================
Received Import Request.
  Time since last request: 0.000041 seconds.
  path: Assets/Toby_Fredson/Hand Painted Tiles - SleepingForest/Textures/LK_Textures/LKMountainRocksLight_Diffuse.png
  artifactKey: Guid(dcfc66d909fc2e940b059f2b16dd81e4) Importer(815301076,1909f56bfc062723c751e8b465ee728b)
Start importing Assets/Toby_Fredson/Hand Painted Tiles - SleepingForest/Textures/LK_Textures/LKMountainRocksLight_Diffuse.png using Guid(dcfc66d909fc2e940b059f2b16dd81e4) Importer(815301076,1909f56bfc062723c751e8b465ee728b)  -> (artifact id: '4eaec23e0e73067268499ef9fdbac43e') in 0.075645 seconds
Number of updated asset objects reloaded before import = 0
Number of asset objects unloaded after import = 2
========================================================================
Received Import Request.
  Time since last request: 0.000056 seconds.
  path: Assets/Toby_Fredson/Hand Painted Tiles - SleepingForest/Textures/LK_Textures/LKSnowRock_Albedo.png
  artifactKey: Guid(c098d8368496eba4c896a6e55ac0a89f) Importer(815301076,1909f56bfc062723c751e8b465ee728b)
Start importing Assets/Toby_Fredson/Hand Painted Tiles - SleepingForest/Textures/LK_Textures/LKSnowRock_Albedo.png using Guid(c098d8368496eba4c896a6e55ac0a89f) Importer(815301076,1909f56bfc062723c751e8b465ee728b)  -> (artifact id: '98abfc205a04d6687b2803a50bd05486') in 0.066080 seconds
Number of updated asset objects reloaded before import = 0
Number of asset objects unloaded after import = 2
========================================================================
Received Import Request.
  Time since last request: 360.211108 seconds.
  path: Assets/Rocks_and_Vegetation_Pack/Materials/Bark_DIFFUSE.mat
  artifactKey: Guid(7a66b3a12b6410f41b072b07986e1b86) Importer(815301076,1909f56bfc062723c751e8b465ee728b)
Start importing Assets/Rocks_and_Vegetation_Pack/Materials/Bark_DIFFUSE.mat using Guid(7a66b3a12b6410f41b072b07986e1b86) Importer(815301076,1909f56bfc062723c751e8b465ee728b)  -> (artifact id: '794f425ec95fe2698d03ccb5947aa434') in 0.026763 seconds
Number of updated asset objects reloaded before import = 0
Number of asset objects unloaded after import = 2
========================================================================
Received Import Request.
  Time since last request: 0.000038 seconds.
  path: Assets/Rocks_and_Vegetation_Pack/Materials/Fern.mat
  artifactKey: Guid(37751c7db6f326f42a3570e0cb3c9411) Importer(815301076,1909f56bfc062723c751e8b465ee728b)
Start importing Assets/Rocks_and_Vegetation_Pack/Materials/Fern.mat using Guid(37751c7db6f326f42a3570e0cb3c9411) Importer(815301076,1909f56bfc062723c751e8b465ee728b)  -> (artifact id: 'ba4a3c6070130f148318d3389fbaeb6f') in 0.120572 seconds
Number of updated asset objects reloaded before import = 0
Number of asset objects unloaded after import = 5
========================================================================
Received Import Request.
  Time since last request: 0.000094 seconds.
  path: Assets/Rocks_and_Vegetation_Pack/Materials/Fern_Dry.mat
  artifactKey: Guid(dcdad404b362fb947b0d9b1acced2d9a) Importer(815301076,1909f56bfc062723c751e8b465ee728b)
Start importing Assets/Rocks_and_Vegetation_Pack/Materials/Fern_Dry.mat using Guid(dcdad404b362fb947b0d9b1acced2d9a) Importer(815301076,1909f56bfc062723c751e8b465ee728b)  -> (artifact id: '381e3b92803311d35548a28cf8746741') in 0.045264 seconds
Number of updated asset objects reloaded before import = 0
Number of asset objects unloaded after import = 5
========================================================================
Received Import Request.
  Time since last request: 0.000037 seconds.
  path: Assets/Rocks_and_Vegetation_Pack/Materials/Bush.mat
  artifactKey: Guid(a23f884fe9425c54a9a2a28db6f4e691) Importer(815301076,1909f56bfc062723c751e8b465ee728b)
Start importing Assets/Rocks_and_Vegetation_Pack/Materials/Bush.mat using Guid(a23f884fe9425c54a9a2a28db6f4e691) Importer(815301076,1909f56bfc062723c751e8b465ee728b)  -> (artifact id: '5307711d983e7ecab38fbc9395495c39') in 0.045131 seconds
Number of updated asset objects reloaded before import = 0
Number of asset objects unloaded after import = 5
========================================================================
Received Import Request.
  Time since last request: 0.000027 seconds.
  path: Assets/Rocks_and_Vegetation_Pack/Materials/Bark_DIFFUSE 1.mat
  artifactKey: Guid(5dd9a42d396e82e409d0119cc33e5187) Importer(815301076,1909f56bfc062723c751e8b465ee728b)
Start importing Assets/Rocks_and_Vegetation_Pack/Materials/Bark_DIFFUSE 1.mat using Guid(5dd9a42d396e82e409d0119cc33e5187) Importer(815301076,1909f56bfc062723c751e8b465ee728b)  -> (artifact id: 'b788546bd56e5ab5fa588e1e65605b47') in 0.020919 seconds
Number of updated asset objects reloaded before import = 0
Number of asset objects unloaded after import = 2
========================================================================
Received Import Request.
  Time since last request: 0.000041 seconds.
  path: Assets/Rocks_and_Vegetation_Pack/Materials/Rock.mat
  artifactKey: Guid(71804886f88e0e54daa1cb28f6499e71) Importer(815301076,1909f56bfc062723c751e8b465ee728b)
Start importing Assets/Rocks_and_Vegetation_Pack/Materials/Rock.mat using Guid(71804886f88e0e54daa1cb28f6499e71) Importer(815301076,1909f56bfc062723c751e8b465ee728b)  -> (artifact id: '7cfe8ac0316e29c361201a3fbe4bd580') in 5.674510 seconds
Number of updated asset objects reloaded before import = 0
Number of asset objects unloaded after import = 5
