Using pre-set license
Built from '2022.3/staging' branch; Version is '2022.3.11f1 (d00248457e15) revision 13632072'; Using compiler version '192829333'; Build Type 'Release'
OS: 'Windows 10  (10.0.19045) 64bit Core' Language: 'en' Physical Memory: 16264 MB
BatchMode: 1, IsHumanControllingUs: 0, StartBugReporterOnCrash: 0, Is64bit: 1, IsPro: 1

COMMAND LINE ARGUMENTS:
C:\Program Files\Unity\Hub\Editor\2022.3.11f1\Editor\Unity.exe
-adb2
-batchMode
-noUpm
-name
AssetImportWorker9
-projectPath
C:/Users/ZE BEBE/Desktop/GameTech/Texnologies
-logFile
Logs/AssetImportWorker9.log
-srvPort
52119
Successfully changed project path to: C:/Users/ZE BEBE/Desktop/GameTech/Texnologies
C:/Users/ZE BEBE/Desktop/GameTech/Texnologies
[UnityMemory] Configuration Parameters - Can be set up in boot.config
    "memorysetup-bucket-allocator-granularity=16"
    "memorysetup-bucket-allocator-bucket-count=8"
    "memorysetup-bucket-allocator-block-size=33554432"
    "memorysetup-bucket-allocator-block-count=8"
    "memorysetup-main-allocator-block-size=16777216"
    "memorysetup-thread-allocator-block-size=16777216"
    "memorysetup-gfx-main-allocator-block-size=16777216"
    "memorysetup-gfx-thread-allocator-block-size=16777216"
    "memorysetup-cache-allocator-block-size=4194304"
    "memorysetup-typetree-allocator-block-size=2097152"
    "memorysetup-profiler-bucket-allocator-granularity=16"
    "memorysetup-profiler-bucket-allocator-bucket-count=8"
    "memorysetup-profiler-bucket-allocator-block-size=33554432"
    "memorysetup-profiler-bucket-allocator-block-count=8"
    "memorysetup-profiler-allocator-block-size=16777216"
    "memorysetup-profiler-editor-allocator-block-size=1048576"
    "memorysetup-temp-allocator-size-main=16777216"
    "memorysetup-job-temp-allocator-block-size=2097152"
    "memorysetup-job-temp-allocator-block-size-background=1048576"
    "memorysetup-job-temp-allocator-reduction-small-platforms=262144"
    "memorysetup-allocator-temp-initial-block-size-main=262144"
    "memorysetup-allocator-temp-initial-block-size-worker=262144"
    "memorysetup-temp-allocator-size-background-worker=32768"
    "memorysetup-temp-allocator-size-job-worker=262144"
    "memorysetup-temp-allocator-size-preload-manager=33554432"
    "memorysetup-temp-allocator-size-nav-mesh-worker=65536"
    "memorysetup-temp-allocator-size-audio-worker=65536"
    "memorysetup-temp-allocator-size-cloud-worker=32768"
    "memorysetup-temp-allocator-size-gi-baking-worker=262144"
    "memorysetup-temp-allocator-size-gfx=262144"
Player connection [39116] Host "[IP] 192.168.1.6 [Port] 0 [Flags] 2 [Guid] 763563956 [EditorId] 763563956 [Version] 1048832 [Id] WindowsEditor(7,ZEBEBE) [Debug] 1 [PackageName] WindowsEditor [ProjectName] Editor" joined multi-casting on [225.0.0.222:54997]...

Player connection [39116] Host "[IP] 192.168.1.6 [Port] 0 [Flags] 2 [Guid] 763563956 [EditorId] 763563956 [Version] 1048832 [Id] WindowsEditor(7,ZEBEBE) [Debug] 1 [PackageName] WindowsEditor [ProjectName] Editor" joined alternative multi-casting on [225.0.0.222:34997]...

[Physics::Module] Initialized MultithreadedJobDispatcher with 7 workers.
Refreshing native plugins compatible for Editor in 236.03 ms, found 3 plugins.
Preloading 0 native plugins for Editor in 0.00 ms.
Initialize engine version: 2022.3.11f1 (d00248457e15)
[Subsystems] Discovering subsystems at path C:/Program Files/Unity/Hub/Editor/2022.3.11f1/Editor/Data/Resources/UnitySubsystems
[Subsystems] Discovering subsystems at path C:/Users/ZE BEBE/Desktop/GameTech/Texnologies/Assets
GfxDevice: creating device client; threaded=0; jobified=0
Direct3D:
    Version:  Direct3D 11.0 [level 11.1]
    Renderer: NVIDIA GeForce GTX 1050 (ID=0x1c91)
    Vendor:   NVIDIA
    VRAM:     2995 MB
    Driver:   31.0.15.3713
Initialize mono
Mono path[0] = 'C:/Program Files/Unity/Hub/Editor/2022.3.11f1/Editor/Data/Managed'
Mono path[1] = 'C:/Program Files/Unity/Hub/Editor/2022.3.11f1/Editor/Data/MonoBleedingEdge/lib/mono/unityjit-win32'
Mono config path = 'C:/Program Files/Unity/Hub/Editor/2022.3.11f1/Editor/Data/MonoBleedingEdge/etc'
Using monoOptions --debugger-agent=transport=dt_socket,embedding=1,server=y,suspend=n,address=127.0.0.1:56936
Begin MonoManager ReloadAssembly
Registering precompiled unity dll's ...
Register platform support module: C:/Program Files/Unity/Hub/Editor/2022.3.11f1/Editor/Data/PlaybackEngines/WindowsStandaloneSupport/UnityEditor.WindowsStandalone.Extensions.dll
Registered in 0.014592 seconds.
- Loaded All Assemblies, in  0.673 seconds
Native extension for WindowsStandalone target not found
Mono: successfully reloaded assembly
- Finished resetting the current domain, in  0.306 seconds
Domain Reload Profiling: 976ms
	BeginReloadAssembly (325ms)
		ExecutionOrderSort (0ms)
		DisableScriptedObjects (0ms)
		BackupInstance (0ms)
		ReleaseScriptingObjects (0ms)
		CreateAndSetChildDomain (1ms)
	RebuildCommonClasses (82ms)
	RebuildNativeTypeToScriptingClass (12ms)
	initialDomainReloadingComplete (77ms)
	LoadAllAssembliesAndSetupDomain (175ms)
		LoadAssemblies (318ms)
		RebuildTransferFunctionScriptingTraits (0ms)
		AnalyzeDomain (173ms)
			TypeCache.Refresh (171ms)
				TypeCache.ScanAssembly (155ms)
			ScanForSourceGeneratedMonoScriptInfo (0ms)
			ResolveRequiredComponents (1ms)
	FinalizeReload (306ms)
		ReleaseScriptCaches (0ms)
		RebuildScriptCaches (0ms)
		SetupLoadedEditorAssemblies (234ms)
			LogAssemblyErrors (0ms)
			InitializePlatformSupportModulesInManaged (12ms)
			SetLoadedEditorAssemblies (9ms)
			RefreshPlugins (0ms)
			BeforeProcessingInitializeOnLoad (3ms)
			ProcessInitializeOnLoadAttributes (153ms)
			ProcessInitializeOnLoadMethodAttributes (56ms)
			AfterProcessingInitializeOnLoad (0ms)
			EditorAssembliesLoaded (0ms)
		ExecutionOrderSort2 (0ms)
		AwakeInstancesAfterBackupRestoration (0ms)
========================================================================
Worker process is ready to serve import requests
Begin MonoManager ReloadAssembly
Symbol file LoadedFromMemory is not a mono symbol file
- Loaded All Assemblies, in  1.443 seconds
Refreshing native plugins compatible for Editor in 17.82 ms, found 3 plugins.
Native extension for WindowsStandalone target not found
[MODES] ModeService[none].Initialize
[MODES] ModeService[none].LoadModes
[MODES] Loading mode Default (0) for mode-current-id-Texnologies Anaptixis
Package Manager log level set to [2]
[Package Manager] Server::EnsureServerProcessIsRunning -- launch failed, reason: Unity was launched with the -noUpm command-line argument
[Package Manager] UpmClient::Send -- Unable to send message (not connected to UPM process).
[Package Manager] Cannot connect to Unity Package Manager local server
Mono: successfully reloaded assembly
- Finished resetting the current domain, in  1.615 seconds
Domain Reload Profiling: 3046ms
	BeginReloadAssembly (199ms)
		ExecutionOrderSort (0ms)
		DisableScriptedObjects (7ms)
		BackupInstance (0ms)
		ReleaseScriptingObjects (0ms)
		CreateAndSetChildDomain (23ms)
	RebuildCommonClasses (45ms)
	RebuildNativeTypeToScriptingClass (14ms)
	initialDomainReloadingComplete (66ms)
	LoadAllAssembliesAndSetupDomain (1105ms)
		LoadAssemblies (789ms)
		RebuildTransferFunctionScriptingTraits (0ms)
		AnalyzeDomain (444ms)
			TypeCache.Refresh (372ms)
				TypeCache.ScanAssembly (344ms)
			ScanForSourceGeneratedMonoScriptInfo (50ms)
			ResolveRequiredComponents (19ms)
	FinalizeReload (1616ms)
		ReleaseScriptCaches (0ms)
		RebuildScriptCaches (0ms)
		SetupLoadedEditorAssemblies (1363ms)
			LogAssemblyErrors (0ms)
			InitializePlatformSupportModulesInManaged (8ms)
			SetLoadedEditorAssemblies (4ms)
			RefreshPlugins (0ms)
			BeforeProcessingInitializeOnLoad (157ms)
			ProcessInitializeOnLoadAttributes (894ms)
			ProcessInitializeOnLoadMethodAttributes (286ms)
			AfterProcessingInitializeOnLoad (14ms)
			EditorAssembliesLoaded (0ms)
		ExecutionOrderSort2 (0ms)
		AwakeInstancesAfterBackupRestoration (9ms)
Launched and connected shader compiler UnityShaderCompiler.exe after 0.05 seconds
Refreshing native plugins compatible for Editor in 19.45 ms, found 3 plugins.
Preloading 0 native plugins for Editor in 0.00 ms.
Unloading 8782 Unused Serialized files (Serialized files now loaded: 0)
Unloading 402 unused Assets / (30.0 MB). Loaded Objects now: 9017.
Memory consumption went from 406.0 MB to 376.0 MB.
Total: 21.274700 ms (FindLiveObjects: 0.852200 ms CreateObjectMapping: 1.250100 ms MarkObjects: 8.402400 ms  DeleteObjects: 10.767900 ms)

AssetImportParameters requested are different than current active one (requested -> active):
  custom:container-demuxer-ogg: 62fdf1f143b41e24485cea50d1cbac27 -> 
  custom:framework-win-MediaFoundation: 216162199b28c13a410421893ffa2e32 -> 
  custom:container-muxer-webm: aa71ff27fc2769a1b78a27578f13a17b -> 
  custom:video-decoder-webm-vp8: 9c59270c3fd7afecdb556c50c9e8de78 -> 
  custom:SearchIndexIgnoredProperties: e643bd26f0fe6173181afceb89e7c659 -> 
  custom:AudioImporter_EditorPlatform: d09bf68614088b80899f8185d706f6e7 -> 
  custom:audio-decoder-ogg-vorbis: bf7c407c2cedff20999df2af8eb42d56 -> 
  custom:audio-encoder-webm-vorbis: bf7c407c2cedff20999df2af8eb42d56 -> 
  custom:video-decoder-ogg-theora: a1e56fd34408186e4bbccfd4996cb3dc -> 
  custom:CustomObjectIndexerAttribute: d54d2f2da18e7612c182cf67624b6b12 -> 
  custom:container-demuxer-webm: 4f35f7cbe854078d1ac9338744f61a02 -> 
  custom:video-encoder-webm-vp8: eb34c28f22e8b96e1ab97ce403110664 -> 
========================================================================
Received Import Request.
  Time since last request: 604599.401090 seconds.
  path: Assets/Rocks_and_Vegetation_Pack/Prefabs/Fern.prefab
  artifactKey: Guid(44f1ae89568e2aa4fb6db0b596623f63) Importer(815301076,1909f56bfc062723c751e8b465ee728b)
Start importing Assets/Rocks_and_Vegetation_Pack/Prefabs/Fern.prefab using Guid(44f1ae89568e2aa4fb6db0b596623f63) Importer(815301076,1909f56bfc062723c751e8b465ee728b)  -> (artifact id: '7af64dea163c18df56444059b2a24ca6') in 18.226470 seconds
Number of updated asset objects reloaded before import = 0
Number of asset objects unloaded after import = 30
========================================================================
Received Import Request.
  Time since last request: 0.000070 seconds.
  path: Assets/Rocks_and_Vegetation_Pack/Models/Rock 10.fbx
  artifactKey: Guid(25be3f38593442b45bd2d14336f62d7a) Importer(815301076,1909f56bfc062723c751e8b465ee728b)
Start importing Assets/Rocks_and_Vegetation_Pack/Models/Rock 10.fbx using Guid(25be3f38593442b45bd2d14336f62d7a) Importer(815301076,1909f56bfc062723c751e8b465ee728b)  -> (artifact id: 'deaeb14a4fb567e6a73428828954397c') in 1.181931 seconds
Number of updated asset objects reloaded before import = 0
Number of asset objects unloaded after import = 39
========================================================================
Received Import Request.
  Time since last request: 0.000791 seconds.
  path: Assets/Rocks_and_Vegetation_Pack/Prefabs/Rock 4.prefab
  artifactKey: Guid(7c1cf817f6d1d354fbef4266c0c93443) Importer(815301076,1909f56bfc062723c751e8b465ee728b)
Start importing Assets/Rocks_and_Vegetation_Pack/Prefabs/Rock 4.prefab using Guid(7c1cf817f6d1d354fbef4266c0c93443) Importer(815301076,1909f56bfc062723c751e8b465ee728b)  -> (artifact id: '77fb6ae75053b2d645a908461c1e16c5') in 0.753480 seconds
Number of updated asset objects reloaded before import = 0
Number of asset objects unloaded after import = 50
========================================================================
Received Import Request.
  Time since last request: 0.000189 seconds.
  path: Assets/Rocks_and_Vegetation_Pack/Prefabs/Rock 5.prefab
  artifactKey: Guid(ef1640ea3257fe048875b9c57d0d6ea6) Importer(815301076,1909f56bfc062723c751e8b465ee728b)
Start importing Assets/Rocks_and_Vegetation_Pack/Prefabs/Rock 5.prefab using Guid(ef1640ea3257fe048875b9c57d0d6ea6) Importer(815301076,1909f56bfc062723c751e8b465ee728b)  -> (artifact id: '882a70e3b8fbae9dc262830439aa5f84') in 0.380556 seconds
Number of updated asset objects reloaded before import = 0
Number of asset objects unloaded after import = 35
========================================================================
Received Import Request.
  Time since last request: 0.000075 seconds.
  path: Assets/Rocks_and_Vegetation_Pack/Models/Rock 8.fbx
  artifactKey: Guid(a1aa2553e60c07544877ff7431c1604b) Importer(815301076,1909f56bfc062723c751e8b465ee728b)
Start importing Assets/Rocks_and_Vegetation_Pack/Models/Rock 8.fbx using Guid(a1aa2553e60c07544877ff7431c1604b) Importer(815301076,1909f56bfc062723c751e8b465ee728b)  -> (artifact id: '7a2f66506254968cfd5a021cca810995') in 0.433877 seconds
Number of updated asset objects reloaded before import = 0
Number of asset objects unloaded after import = 39
========================================================================
Received Import Request.
  Time since last request: 0.000059 seconds.
  path: Assets/Rocks_and_Vegetation_Pack/Prefabs/Rock 8.prefab
  artifactKey: Guid(0178856fcc975dd4797fcde54118aa92) Importer(815301076,1909f56bfc062723c751e8b465ee728b)
Start importing Assets/Rocks_and_Vegetation_Pack/Prefabs/Rock 8.prefab using Guid(0178856fcc975dd4797fcde54118aa92) Importer(815301076,1909f56bfc062723c751e8b465ee728b)  -> (artifact id: '5f37ec7622ce8f449be807fa2cf7e21c') in 0.103531 seconds
Number of updated asset objects reloaded before import = 0
Number of asset objects unloaded after import = 43
========================================================================
Received Import Request.
  Time since last request: 0.000088 seconds.
  path: Assets/Rocks_and_Vegetation_Pack/Prefabs/Rock 7.prefab
  artifactKey: Guid(231230b8fe03cfb47991c6eedf83af70) Importer(815301076,1909f56bfc062723c751e8b465ee728b)
Start importing Assets/Rocks_and_Vegetation_Pack/Prefabs/Rock 7.prefab using Guid(231230b8fe03cfb47991c6eedf83af70) Importer(815301076,1909f56bfc062723c751e8b465ee728b)  -> (artifact id: '5e9122ef5b1a1c318b7ca8dbb786c175') in 0.122310 seconds
Number of updated asset objects reloaded before import = 0
Number of asset objects unloaded after import = 43
========================================================================
Received Import Request.
  Time since last request: 0.000041 seconds.
  path: Assets/Rocks_and_Vegetation_Pack/Prefabs/Rock 6.prefab
  artifactKey: Guid(b748ed52bce77474ebd693e3446e2ca2) Importer(815301076,1909f56bfc062723c751e8b465ee728b)
Start importing Assets/Rocks_and_Vegetation_Pack/Prefabs/Rock 6.prefab using Guid(b748ed52bce77474ebd693e3446e2ca2) Importer(815301076,1909f56bfc062723c751e8b465ee728b)  -> (artifact id: '786bc66a8d3862d322641de912708555') in 0.113457 seconds
Number of updated asset objects reloaded before import = 0
Number of asset objects unloaded after import = 38
========================================================================
Received Import Request.
  Time since last request: 0.000087 seconds.
  path: Assets/Rocks_and_Vegetation_Pack/Models/Rock 4.fbx
  artifactKey: Guid(9321d001ae2da8347a4de2390dfcf1f0) Importer(815301076,1909f56bfc062723c751e8b465ee728b)
Start importing Assets/Rocks_and_Vegetation_Pack/Models/Rock 4.fbx using Guid(9321d001ae2da8347a4de2390dfcf1f0) Importer(815301076,1909f56bfc062723c751e8b465ee728b)  -> (artifact id: '20e37800c043fc0165cc8733e137bef4') in 0.292247 seconds
Number of updated asset objects reloaded before import = 0
Number of asset objects unloaded after import = 39
========================================================================
Received Import Request.
  Time since last request: 0.000118 seconds.
  path: Assets/Rocks_and_Vegetation_Pack/Models/Rock 7.fbx
  artifactKey: Guid(ef07077e3bf11e645b255d27b77761a8) Importer(815301076,1909f56bfc062723c751e8b465ee728b)
Start importing Assets/Rocks_and_Vegetation_Pack/Models/Rock 7.fbx using Guid(ef07077e3bf11e645b255d27b77761a8) Importer(815301076,1909f56bfc062723c751e8b465ee728b)  -> (artifact id: '97f79f1b15e77b0dd569f93b045fe05e') in 0.296267 seconds
Number of updated asset objects reloaded before import = 0
Number of asset objects unloaded after import = 39
========================================================================
Received Import Request.
  Time since last request: 0.000048 seconds.
  path: Assets/Rocks_and_Vegetation_Pack/Prefabs/Rock 3.prefab
  artifactKey: Guid(4b40bede904201e48852bdefe2e33599) Importer(815301076,1909f56bfc062723c751e8b465ee728b)
Start importing Assets/Rocks_and_Vegetation_Pack/Prefabs/Rock 3.prefab using Guid(4b40bede904201e48852bdefe2e33599) Importer(815301076,1909f56bfc062723c751e8b465ee728b)  -> (artifact id: '18deb22068a3c6eeda6ad99b66a46492') in 0.082780 seconds
Number of updated asset objects reloaded before import = 0
Number of asset objects unloaded after import = 36
========================================================================
Received Import Request.
  Time since last request: 0.000082 seconds.
  path: Assets/Rocks_and_Vegetation_Pack/Models/Rock 2.fbx
  artifactKey: Guid(fbb564874297442459f29063827fed29) Importer(815301076,1909f56bfc062723c751e8b465ee728b)
Start importing Assets/Rocks_and_Vegetation_Pack/Models/Rock 2.fbx using Guid(fbb564874297442459f29063827fed29) Importer(815301076,1909f56bfc062723c751e8b465ee728b)  -> (artifact id: '49f35b0979db8f362c9801643cf5ad2d') in 0.196923 seconds
Number of updated asset objects reloaded before import = 0
Number of asset objects unloaded after import = 34
========================================================================
Received Import Request.
  Time since last request: 0.000045 seconds.
  path: Assets/Rocks_and_Vegetation_Pack/Prefabs/Fern_Dry.prefab
  artifactKey: Guid(48c19c97cadcae44f82d85545c9d4940) Importer(815301076,1909f56bfc062723c751e8b465ee728b)
Start importing Assets/Rocks_and_Vegetation_Pack/Prefabs/Fern_Dry.prefab using Guid(48c19c97cadcae44f82d85545c9d4940) Importer(815301076,1909f56bfc062723c751e8b465ee728b)  -> (artifact id: '3c6db718a333708336065cf98f9f7466') in 0.234136 seconds
Number of updated asset objects reloaded before import = 0
Number of asset objects unloaded after import = 30
========================================================================
Received Import Request.
  Time since last request: 0.000067 seconds.
  path: Assets/Rocks_and_Vegetation_Pack/Models/Rock 5.fbx
  artifactKey: Guid(7c26674db3be23044b0c6ed963b98841) Importer(815301076,1909f56bfc062723c751e8b465ee728b)
Start importing Assets/Rocks_and_Vegetation_Pack/Models/Rock 5.fbx using Guid(7c26674db3be23044b0c6ed963b98841) Importer(815301076,1909f56bfc062723c751e8b465ee728b)  -> (artifact id: '965847e8b36f44a9253c428fda076f73') in 0.211165 seconds
Number of updated asset objects reloaded before import = 0
Number of asset objects unloaded after import = 29
========================================================================
Received Import Request.
  Time since last request: 0.000095 seconds.
  path: Assets/Rocks_and_Vegetation_Pack/Models/Rock 1.fbx
  artifactKey: Guid(31c9c9ac977a0bc48b05181a5625709d) Importer(815301076,1909f56bfc062723c751e8b465ee728b)
Start importing Assets/Rocks_and_Vegetation_Pack/Models/Rock 1.fbx using Guid(31c9c9ac977a0bc48b05181a5625709d) Importer(815301076,1909f56bfc062723c751e8b465ee728b)  -> (artifact id: 'b20b757a9772f2c05e501dfaa1c418d7') in 0.242616 seconds
Number of updated asset objects reloaded before import = 0
Number of asset objects unloaded after import = 34
========================================================================
Received Import Request.
  Time since last request: 0.000073 seconds.
  path: Assets/Rocks_and_Vegetation_Pack/Prefabs/Maple Tree 2.prefab
  artifactKey: Guid(c962519db2106794ba7765fb2f7f6e6a) Importer(815301076,1909f56bfc062723c751e8b465ee728b)
Start importing Assets/Rocks_and_Vegetation_Pack/Prefabs/Maple Tree 2.prefab using Guid(c962519db2106794ba7765fb2f7f6e6a) Importer(815301076,1909f56bfc062723c751e8b465ee728b)  -> (artifact id: '7456fa0dd831a4249426c2c4141e136d') in 6.172612 seconds
Number of updated asset objects reloaded before import = 0
Number of asset objects unloaded after import = 56
========================================================================
Received Import Request.
  Time since last request: 0.000063 seconds.
  path: Assets/Rocks_and_Vegetation_Pack/Prefabs/Rock 10.prefab
  artifactKey: Guid(eea90095d95b33b4fac89068ea43c1c5) Importer(815301076,1909f56bfc062723c751e8b465ee728b)
Start importing Assets/Rocks_and_Vegetation_Pack/Prefabs/Rock 10.prefab using Guid(eea90095d95b33b4fac89068ea43c1c5) Importer(815301076,1909f56bfc062723c751e8b465ee728b)  -> (artifact id: '3109370c05c9be523abe82fad80594bc') in 0.111645 seconds
Number of updated asset objects reloaded before import = 0
Number of asset objects unloaded after import = 43
========================================================================
Received Import Request.
  Time since last request: 0.000163 seconds.
  path: Assets/Rocks_and_Vegetation_Pack/Models/Bush.fbx
  artifactKey: Guid(a2aa5743dce4da644b33ba08fdb7ffaa) Importer(815301076,1909f56bfc062723c751e8b465ee728b)
Start importing Assets/Rocks_and_Vegetation_Pack/Models/Bush.fbx using Guid(a2aa5743dce4da644b33ba08fdb7ffaa) Importer(815301076,1909f56bfc062723c751e8b465ee728b)  -> (artifact id: 'a3ce82e8518623d68a3e0b6bb64c78ee') in 0.184405 seconds
Number of updated asset objects reloaded before import = 0
Number of asset objects unloaded after import = 32
========================================================================
Received Import Request.
  Time since last request: 0.000141 seconds.
  path: Assets/Rocks_and_Vegetation_Pack/Models/Fern.fbx
  artifactKey: Guid(1dd6c4dc4b9a154479a1e0a310e57816) Importer(815301076,1909f56bfc062723c751e8b465ee728b)
Start importing Assets/Rocks_and_Vegetation_Pack/Models/Fern.fbx using Guid(1dd6c4dc4b9a154479a1e0a310e57816) Importer(815301076,1909f56bfc062723c751e8b465ee728b)  -> (artifact id: 'b9464efd5bb0153cf90b0f33ace9f2bd') in 0.141443 seconds
Number of updated asset objects reloaded before import = 0
Number of asset objects unloaded after import = 27
========================================================================
Received Import Request.
  Time since last request: 0.000034 seconds.
  path: Assets/Rocks_and_Vegetation_Pack/Models/Maple Tree 2.fbx
  artifactKey: Guid(8817ef7569b8d3241ae387e9f4ad7d3b) Importer(815301076,1909f56bfc062723c751e8b465ee728b)
Start importing Assets/Rocks_and_Vegetation_Pack/Models/Maple Tree 2.fbx using Guid(8817ef7569b8d3241ae387e9f4ad7d3b) Importer(815301076,1909f56bfc062723c751e8b465ee728b)  -> (artifact id: '37e6b529077c5f96f82278e9b408dee9') in 0.171455 seconds
Number of updated asset objects reloaded before import = 0
Number of asset objects unloaded after import = 41
========================================================================
Received Import Request.
  Time since last request: 0.000089 seconds.
  path: Assets/Rocks_and_Vegetation_Pack/Prefabs/Rock 2.prefab
  artifactKey: Guid(ccfbce29816c2194f81003730afae5c8) Importer(815301076,1909f56bfc062723c751e8b465ee728b)
Start importing Assets/Rocks_and_Vegetation_Pack/Prefabs/Rock 2.prefab using Guid(ccfbce29816c2194f81003730afae5c8) Importer(815301076,1909f56bfc062723c751e8b465ee728b)  -> (artifact id: 'dc19bcf116a31bec78279c2459137d0a') in 0.085875 seconds
Number of updated asset objects reloaded before import = 0
Number of asset objects unloaded after import = 43
========================================================================
Received Import Request.
  Time since last request: 0.000023 seconds.
  path: Assets/Rocks_and_Vegetation_Pack/Prefabs/Maple Tree 1.prefab
  artifactKey: Guid(babc8e5ba64d4ea4081b022d34cf5b19) Importer(815301076,1909f56bfc062723c751e8b465ee728b)
Start importing Assets/Rocks_and_Vegetation_Pack/Prefabs/Maple Tree 1.prefab using Guid(babc8e5ba64d4ea4081b022d34cf5b19) Importer(815301076,1909f56bfc062723c751e8b465ee728b)  -> (artifact id: '8ef729bbb07ca078afa0486eed32eb20') in 0.101845 seconds
Number of updated asset objects reloaded before import = 0
Number of asset objects unloaded after import = 43
Editor requested this worker to shutdown with reason: Scaling down because of idle timeout
TcpMessagingSession - receive error: operation aborted. errorcode: 995, details: The I/O operation has been aborted because of either a thread exit or an application request.
AssetImportWorker is now disconnected from the server
Process exiting
Exiting without the bug reporter. Application will terminate with return code 0