Using pre-set license
Built from '2022.3/staging' branch; Version is '2022.3.11f1 (d00248457e15) revision 13632072'; Using compiler version '192829333'; Build Type 'Release'
OS: 'Windows 10  (10.0.19045) 64bit Core' Language: 'en' Physical Memory: 16264 MB
BatchMode: 1, IsHumanControllingUs: 0, StartBugReporterOnCrash: 0, Is64bit: 1, IsPro: 1

COMMAND LINE ARGUMENTS:
C:\Program Files\Unity\Hub\Editor\2022.3.11f1\Editor\Unity.exe
-adb2
-batchMode
-noUpm
-name
AssetImportWorker8
-projectPath
C:/Users/ZE BEBE/Desktop/GameTech/Texnologies
-logFile
Logs/AssetImportWorker8.log
-srvPort
52119
Successfully changed project path to: C:/Users/ZE BEBE/Desktop/GameTech/Texnologies
C:/Users/ZE BEBE/Desktop/GameTech/Texnologies
[UnityMemory] Configuration Parameters - Can be set up in boot.config
    "memorysetup-bucket-allocator-granularity=16"
    "memorysetup-bucket-allocator-bucket-count=8"
    "memorysetup-bucket-allocator-block-size=33554432"
    "memorysetup-bucket-allocator-block-count=8"
    "memorysetup-main-allocator-block-size=16777216"
    "memorysetup-thread-allocator-block-size=16777216"
    "memorysetup-gfx-main-allocator-block-size=16777216"
    "memorysetup-gfx-thread-allocator-block-size=16777216"
    "memorysetup-cache-allocator-block-size=4194304"
    "memorysetup-typetree-allocator-block-size=2097152"
    "memorysetup-profiler-bucket-allocator-granularity=16"
    "memorysetup-profiler-bucket-allocator-bucket-count=8"
    "memorysetup-profiler-bucket-allocator-block-size=33554432"
    "memorysetup-profiler-bucket-allocator-block-count=8"
    "memorysetup-profiler-allocator-block-size=16777216"
    "memorysetup-profiler-editor-allocator-block-size=1048576"
    "memorysetup-temp-allocator-size-main=16777216"
    "memorysetup-job-temp-allocator-block-size=2097152"
    "memorysetup-job-temp-allocator-block-size-background=1048576"
    "memorysetup-job-temp-allocator-reduction-small-platforms=262144"
    "memorysetup-allocator-temp-initial-block-size-main=262144"
    "memorysetup-allocator-temp-initial-block-size-worker=262144"
    "memorysetup-temp-allocator-size-background-worker=32768"
    "memorysetup-temp-allocator-size-job-worker=262144"
    "memorysetup-temp-allocator-size-preload-manager=33554432"
    "memorysetup-temp-allocator-size-nav-mesh-worker=65536"
    "memorysetup-temp-allocator-size-audio-worker=65536"
    "memorysetup-temp-allocator-size-cloud-worker=32768"
    "memorysetup-temp-allocator-size-gi-baking-worker=262144"
    "memorysetup-temp-allocator-size-gfx=262144"
Player connection [5880] Host "[IP] 192.168.1.6 [Port] 0 [Flags] 2 [Guid] 843989173 [EditorId] 843989173 [Version] 1048832 [Id] WindowsEditor(7,ZEBEBE) [Debug] 1 [PackageName] WindowsEditor [ProjectName] Editor" joined multi-casting on [225.0.0.222:54997]...

Player connection [5880] Host "[IP] 192.168.1.6 [Port] 0 [Flags] 2 [Guid] 843989173 [EditorId] 843989173 [Version] 1048832 [Id] WindowsEditor(7,ZEBEBE) [Debug] 1 [PackageName] WindowsEditor [ProjectName] Editor" joined alternative multi-casting on [225.0.0.222:34997]...

[Physics::Module] Initialized MultithreadedJobDispatcher with 7 workers.
Refreshing native plugins compatible for Editor in 78.79 ms, found 3 plugins.
Preloading 0 native plugins for Editor in 0.00 ms.
Initialize engine version: 2022.3.11f1 (d00248457e15)
[Subsystems] Discovering subsystems at path C:/Program Files/Unity/Hub/Editor/2022.3.11f1/Editor/Data/Resources/UnitySubsystems
[Subsystems] Discovering subsystems at path C:/Users/ZE BEBE/Desktop/GameTech/Texnologies/Assets
GfxDevice: creating device client; threaded=0; jobified=0
Direct3D:
    Version:  Direct3D 11.0 [level 11.1]
    Renderer: NVIDIA GeForce GTX 1050 (ID=0x1c91)
    Vendor:   NVIDIA
    VRAM:     2995 MB
    Driver:   31.0.15.3713
Initialize mono
Mono path[0] = 'C:/Program Files/Unity/Hub/Editor/2022.3.11f1/Editor/Data/Managed'
Mono path[1] = 'C:/Program Files/Unity/Hub/Editor/2022.3.11f1/Editor/Data/MonoBleedingEdge/lib/mono/unityjit-win32'
Mono config path = 'C:/Program Files/Unity/Hub/Editor/2022.3.11f1/Editor/Data/MonoBleedingEdge/etc'
Using monoOptions --debugger-agent=transport=dt_socket,embedding=1,server=y,suspend=n,address=127.0.0.1:56900
Begin MonoManager ReloadAssembly
Registering precompiled unity dll's ...
Register platform support module: C:/Program Files/Unity/Hub/Editor/2022.3.11f1/Editor/Data/PlaybackEngines/WindowsStandaloneSupport/UnityEditor.WindowsStandalone.Extensions.dll
Registered in 0.015534 seconds.
- Loaded All Assemblies, in  0.667 seconds
Native extension for WindowsStandalone target not found
Mono: successfully reloaded assembly
- Finished resetting the current domain, in  0.305 seconds
Domain Reload Profiling: 969ms
	BeginReloadAssembly (323ms)
		ExecutionOrderSort (0ms)
		DisableScriptedObjects (0ms)
		BackupInstance (0ms)
		ReleaseScriptingObjects (0ms)
		CreateAndSetChildDomain (1ms)
	RebuildCommonClasses (74ms)
	RebuildNativeTypeToScriptingClass (14ms)
	initialDomainReloadingComplete (79ms)
	LoadAllAssembliesAndSetupDomain (174ms)
		LoadAssemblies (316ms)
		RebuildTransferFunctionScriptingTraits (0ms)
		AnalyzeDomain (172ms)
			TypeCache.Refresh (171ms)
				TypeCache.ScanAssembly (154ms)
			ScanForSourceGeneratedMonoScriptInfo (0ms)
			ResolveRequiredComponents (1ms)
	FinalizeReload (305ms)
		ReleaseScriptCaches (0ms)
		RebuildScriptCaches (0ms)
		SetupLoadedEditorAssemblies (234ms)
			LogAssemblyErrors (0ms)
			InitializePlatformSupportModulesInManaged (13ms)
			SetLoadedEditorAssemblies (9ms)
			RefreshPlugins (0ms)
			BeforeProcessingInitializeOnLoad (3ms)
			ProcessInitializeOnLoadAttributes (152ms)
			ProcessInitializeOnLoadMethodAttributes (57ms)
			AfterProcessingInitializeOnLoad (0ms)
			EditorAssembliesLoaded (0ms)
		ExecutionOrderSort2 (0ms)
		AwakeInstancesAfterBackupRestoration (0ms)
========================================================================
Worker process is ready to serve import requests
Begin MonoManager ReloadAssembly
Symbol file LoadedFromMemory is not a mono symbol file
- Loaded All Assemblies, in  1.462 seconds
Refreshing native plugins compatible for Editor in 15.30 ms, found 3 plugins.
Native extension for WindowsStandalone target not found
[MODES] ModeService[none].Initialize
[MODES] ModeService[none].LoadModes
[MODES] Loading mode Default (0) for mode-current-id-Texnologies Anaptixis
Package Manager log level set to [2]
[Package Manager] Server::EnsureServerProcessIsRunning -- launch failed, reason: Unity was launched with the -noUpm command-line argument
[Package Manager] UpmClient::Send -- Unable to send message (not connected to UPM process).
[Package Manager] Cannot connect to Unity Package Manager local server
Mono: successfully reloaded assembly
- Finished resetting the current domain, in  1.614 seconds
Domain Reload Profiling: 3061ms
	BeginReloadAssembly (201ms)
		ExecutionOrderSort (0ms)
		DisableScriptedObjects (7ms)
		BackupInstance (0ms)
		ReleaseScriptingObjects (0ms)
		CreateAndSetChildDomain (23ms)
	RebuildCommonClasses (42ms)
	RebuildNativeTypeToScriptingClass (12ms)
	initialDomainReloadingComplete (67ms)
	LoadAllAssembliesAndSetupDomain (1124ms)
		LoadAssemblies (784ms)
		RebuildTransferFunctionScriptingTraits (0ms)
		AnalyzeDomain (462ms)
			TypeCache.Refresh (388ms)
				TypeCache.ScanAssembly (360ms)
			ScanForSourceGeneratedMonoScriptInfo (54ms)
			ResolveRequiredComponents (19ms)
	FinalizeReload (1614ms)
		ReleaseScriptCaches (0ms)
		RebuildScriptCaches (0ms)
		SetupLoadedEditorAssemblies (1366ms)
			LogAssemblyErrors (0ms)
			InitializePlatformSupportModulesInManaged (9ms)
			SetLoadedEditorAssemblies (4ms)
			RefreshPlugins (0ms)
			BeforeProcessingInitializeOnLoad (157ms)
			ProcessInitializeOnLoadAttributes (895ms)
			ProcessInitializeOnLoadMethodAttributes (286ms)
			AfterProcessingInitializeOnLoad (14ms)
			EditorAssembliesLoaded (0ms)
		ExecutionOrderSort2 (0ms)
		AwakeInstancesAfterBackupRestoration (9ms)
Launched and connected shader compiler UnityShaderCompiler.exe after 0.06 seconds
Refreshing native plugins compatible for Editor in 19.44 ms, found 3 plugins.
Preloading 0 native plugins for Editor in 0.00 ms.
Unloading 8782 Unused Serialized files (Serialized files now loaded: 0)
Unloading 402 unused Assets / (29.6 MB). Loaded Objects now: 9017.
Memory consumption went from 406.0 MB to 376.5 MB.
Total: 20.270800 ms (FindLiveObjects: 0.791500 ms CreateObjectMapping: 0.961700 ms MarkObjects: 8.580800 ms  DeleteObjects: 9.935400 ms)

AssetImportParameters requested are different than current active one (requested -> active):
  custom:container-demuxer-ogg: 62fdf1f143b41e24485cea50d1cbac27 -> 
  custom:framework-win-MediaFoundation: 216162199b28c13a410421893ffa2e32 -> 
  custom:container-muxer-webm: aa71ff27fc2769a1b78a27578f13a17b -> 
  custom:video-decoder-webm-vp8: 9c59270c3fd7afecdb556c50c9e8de78 -> 
  custom:SearchIndexIgnoredProperties: e643bd26f0fe6173181afceb89e7c659 -> 
  custom:AudioImporter_EditorPlatform: d09bf68614088b80899f8185d706f6e7 -> 
  custom:audio-decoder-ogg-vorbis: bf7c407c2cedff20999df2af8eb42d56 -> 
  custom:audio-encoder-webm-vorbis: bf7c407c2cedff20999df2af8eb42d56 -> 
  custom:video-decoder-ogg-theora: a1e56fd34408186e4bbccfd4996cb3dc -> 
  custom:CustomObjectIndexerAttribute: d54d2f2da18e7612c182cf67624b6b12 -> 
  custom:container-demuxer-webm: 4f35f7cbe854078d1ac9338744f61a02 -> 
  custom:video-encoder-webm-vp8: eb34c28f22e8b96e1ab97ce403110664 -> 
========================================================================
Received Import Request.
  Time since last request: 604599.393697 seconds.
  path: Assets/Rocks_and_Vegetation_Pack/Prefabs/Bush.prefab
  artifactKey: Guid(efc7b9e2d270b14488b0aeb25b7f63b7) Importer(815301076,1909f56bfc062723c751e8b465ee728b)
Start importing Assets/Rocks_and_Vegetation_Pack/Prefabs/Bush.prefab using Guid(efc7b9e2d270b14488b0aeb25b7f63b7) Importer(815301076,1909f56bfc062723c751e8b465ee728b)  -> (artifact id: 'da4cf13c0b4d1f174123b1f3653b4fc7') in 18.097624 seconds
Number of updated asset objects reloaded before import = 0
Number of asset objects unloaded after import = 35
========================================================================
Received Import Request.
  Time since last request: 0.000097 seconds.
  path: Assets/Rocks_and_Vegetation_Pack/Models/Rock 6.fbx
  artifactKey: Guid(3d6832c9427464f4290f2fb96f4cee39) Importer(815301076,1909f56bfc062723c751e8b465ee728b)
Start importing Assets/Rocks_and_Vegetation_Pack/Models/Rock 6.fbx using Guid(3d6832c9427464f4290f2fb96f4cee39) Importer(815301076,1909f56bfc062723c751e8b465ee728b)  -> (artifact id: '71ffcced4b68022c0bf91ee4baae0dc4') in 1.183522 seconds
Number of updated asset objects reloaded before import = 0
Number of asset objects unloaded after import = 34
========================================================================
Received Import Request.
  Time since last request: 0.000196 seconds.
  path: Assets/Rocks_and_Vegetation_Pack/Models/Rock 9.fbx
  artifactKey: Guid(fb1a4cfd8764fbe4aa952c24f19672d1) Importer(815301076,1909f56bfc062723c751e8b465ee728b)
Start importing Assets/Rocks_and_Vegetation_Pack/Models/Rock 9.fbx using Guid(fb1a4cfd8764fbe4aa952c24f19672d1) Importer(815301076,1909f56bfc062723c751e8b465ee728b)  -> (artifact id: '17a4ec868229521992d57aa6976ea006') in 0.998624 seconds
Number of updated asset objects reloaded before import = 0
Number of asset objects unloaded after import = 39
========================================================================
Received Import Request.
  Time since last request: 0.000307 seconds.
  path: Assets/Rocks_and_Vegetation_Pack/Prefabs/Rock 9.prefab
  artifactKey: Guid(5ed85874a78a0554d97ad63a20b1e364) Importer(815301076,1909f56bfc062723c751e8b465ee728b)
Start importing Assets/Rocks_and_Vegetation_Pack/Prefabs/Rock 9.prefab using Guid(5ed85874a78a0554d97ad63a20b1e364) Importer(815301076,1909f56bfc062723c751e8b465ee728b)  -> (artifact id: '36764fb4960be0426cbc4152e2db9ac3') in 9.450567 seconds
Number of updated asset objects reloaded before import = 0
Number of asset objects unloaded after import = 46
========================================================================
Received Import Request.
  Time since last request: 0.000069 seconds.
  path: Assets/Rocks_and_Vegetation_Pack/Prefabs/Rock 1.prefab
  artifactKey: Guid(916b5c341f15b664595c730c1ba558db) Importer(815301076,1909f56bfc062723c751e8b465ee728b)
Start importing Assets/Rocks_and_Vegetation_Pack/Prefabs/Rock 1.prefab using Guid(916b5c341f15b664595c730c1ba558db) Importer(815301076,1909f56bfc062723c751e8b465ee728b)  -> (artifact id: '804c6a8c36d4f41cb29c0b13539a6ee8') in 0.077871 seconds
Number of updated asset objects reloaded before import = 0
Number of asset objects unloaded after import = 38
========================================================================
Received Import Request.
  Time since last request: 0.000034 seconds.
  path: Assets/Rocks_and_Vegetation_Pack/Prefabs/Fern_Tall.prefab
  artifactKey: Guid(25e72c040f4912c49a3fb44b92fc6f41) Importer(815301076,1909f56bfc062723c751e8b465ee728b)
Start importing Assets/Rocks_and_Vegetation_Pack/Prefabs/Fern_Tall.prefab using Guid(25e72c040f4912c49a3fb44b92fc6f41) Importer(815301076,1909f56bfc062723c751e8b465ee728b)  -> (artifact id: 'fc066f6fabfb280ef381b542efd4d6cf') in 0.076873 seconds
Number of updated asset objects reloaded before import = 0
Number of asset objects unloaded after import = 40
========================================================================
Received Import Request.
  Time since last request: 0.000035 seconds.
  path: Assets/Rocks_and_Vegetation_Pack/Models/Maple Tree 1.fbx
  artifactKey: Guid(67e459b2baa698b469c3631d23674389) Importer(815301076,1909f56bfc062723c751e8b465ee728b)
Start importing Assets/Rocks_and_Vegetation_Pack/Models/Maple Tree 1.fbx using Guid(67e459b2baa698b469c3631d23674389) Importer(815301076,1909f56bfc062723c751e8b465ee728b)  -> (artifact id: '220819d3cb7ba465adcff1b00cf9c8f3') in 0.201497 seconds
Number of updated asset objects reloaded before import = 0
Number of asset objects unloaded after import = 34
========================================================================
Received Import Request.
  Time since last request: 0.000098 seconds.
  path: Assets/Rocks_and_Vegetation_Pack/Prefabs/Fern_Tall_Dry.prefab
  artifactKey: Guid(87d392befc624e043a0515d8f5d502a6) Importer(815301076,1909f56bfc062723c751e8b465ee728b)
Start importing Assets/Rocks_and_Vegetation_Pack/Prefabs/Fern_Tall_Dry.prefab using Guid(87d392befc624e043a0515d8f5d502a6) Importer(815301076,1909f56bfc062723c751e8b465ee728b)  -> (artifact id: '5d7d9ba80f7347299b617b563188328a') in 0.057738 seconds
Number of updated asset objects reloaded before import = 0
Number of asset objects unloaded after import = 40
========================================================================
Received Import Request.
  Time since last request: 0.000043 seconds.
  path: Assets/Rocks_and_Vegetation_Pack/Models/Fern_Tall.fbx
  artifactKey: Guid(83e9b5de872ed6f4d919082f294da053) Importer(815301076,1909f56bfc062723c751e8b465ee728b)
Start importing Assets/Rocks_and_Vegetation_Pack/Models/Fern_Tall.fbx using Guid(83e9b5de872ed6f4d919082f294da053) Importer(815301076,1909f56bfc062723c751e8b465ee728b)  -> (artifact id: 'e4a7be22b6669d4d19ff7678f9861d2b') in 0.203260 seconds
Number of updated asset objects reloaded before import = 0
Number of asset objects unloaded after import = 37
========================================================================
Received Import Request.
  Time since last request: 0.000031 seconds.
  path: Assets/Rocks_and_Vegetation_Pack/Models/Rock 3.fbx
  artifactKey: Guid(1b2d42abbe170c34eb3a9e8f8bcc8ff6) Importer(815301076,1909f56bfc062723c751e8b465ee728b)
Start importing Assets/Rocks_and_Vegetation_Pack/Models/Rock 3.fbx using Guid(1b2d42abbe170c34eb3a9e8f8bcc8ff6) Importer(815301076,1909f56bfc062723c751e8b465ee728b)  -> (artifact id: '947f570df83ccc6cd8b8e68a6a6b8027') in 0.155998 seconds
Number of updated asset objects reloaded before import = 0
Number of asset objects unloaded after import = 29
Editor requested this worker to shutdown with reason: Scaling down because of idle timeout
TcpMessagingSession - receive error
AssetImportWorkerClient::OnTransportError - code=2 error=End of file
AssetImportWorker is now disconnected from the server
Process exiting
Exiting without the bug reporter. Application will terminate with return code 0