Using pre-set license
Built from '2022.3/staging' branch; Version is '2022.3.11f1 (d00248457e15) revision 13632072'; Using compiler version '192829333'; Build Type 'Release'
OS: 'Windows 10  (10.0.19045) 64bit Core' Language: 'en' Physical Memory: 16264 MB
BatchMode: 1, IsHumanControllingUs: 0, StartBugReporterOnCrash: 0, Is64bit: 1, IsPro: 1

COMMAND LINE ARGUMENTS:
C:\Program Files\Unity\Hub\Editor\2022.3.11f1\Editor\Unity.exe
-adb2
-batchMode
-noUpm
-name
AssetImportWorker3
-projectPath
C:/Users/ZE BEBE/Desktop/GameTech/Texnologies
-logFile
Logs/AssetImportWorker3.log
-srvPort
52119
Successfully changed project path to: C:/Users/ZE BEBE/Desktop/GameTech/Texnologies
C:/Users/ZE BEBE/Desktop/GameTech/Texnologies
[UnityMemory] Configuration Parameters - Can be set up in boot.config
    "memorysetup-bucket-allocator-granularity=16"
    "memorysetup-bucket-allocator-bucket-count=8"
    "memorysetup-bucket-allocator-block-size=33554432"
    "memorysetup-bucket-allocator-block-count=8"
    "memorysetup-main-allocator-block-size=16777216"
    "memorysetup-thread-allocator-block-size=16777216"
    "memorysetup-gfx-main-allocator-block-size=16777216"
    "memorysetup-gfx-thread-allocator-block-size=16777216"
    "memorysetup-cache-allocator-block-size=4194304"
    "memorysetup-typetree-allocator-block-size=2097152"
    "memorysetup-profiler-bucket-allocator-granularity=16"
    "memorysetup-profiler-bucket-allocator-bucket-count=8"
    "memorysetup-profiler-bucket-allocator-block-size=33554432"
    "memorysetup-profiler-bucket-allocator-block-count=8"
    "memorysetup-profiler-allocator-block-size=16777216"
    "memorysetup-profiler-editor-allocator-block-size=1048576"
    "memorysetup-temp-allocator-size-main=16777216"
    "memorysetup-job-temp-allocator-block-size=2097152"
    "memorysetup-job-temp-allocator-block-size-background=1048576"
    "memorysetup-job-temp-allocator-reduction-small-platforms=262144"
    "memorysetup-allocator-temp-initial-block-size-main=262144"
    "memorysetup-allocator-temp-initial-block-size-worker=262144"
    "memorysetup-temp-allocator-size-background-worker=32768"
    "memorysetup-temp-allocator-size-job-worker=262144"
    "memorysetup-temp-allocator-size-preload-manager=33554432"
    "memorysetup-temp-allocator-size-nav-mesh-worker=65536"
    "memorysetup-temp-allocator-size-audio-worker=65536"
    "memorysetup-temp-allocator-size-cloud-worker=32768"
    "memorysetup-temp-allocator-size-gi-baking-worker=262144"
    "memorysetup-temp-allocator-size-gfx=262144"
Player connection [36064] Host "[IP] 192.168.1.6 [Port] 0 [Flags] 2 [Guid] 4226656959 [EditorId] 4226656959 [Version] 1048832 [Id] WindowsEditor(7,ZEBEBE) [Debug] 1 [PackageName] WindowsEditor [ProjectName] Editor" joined multi-casting on [225.0.0.222:54997]...

Player connection [36064] Host "[IP] 192.168.1.6 [Port] 0 [Flags] 2 [Guid] 4226656959 [EditorId] 4226656959 [Version] 1048832 [Id] WindowsEditor(7,ZEBEBE) [Debug] 1 [PackageName] WindowsEditor [ProjectName] Editor" joined alternative multi-casting on [225.0.0.222:34997]...

[Physics::Module] Initialized MultithreadedJobDispatcher with 7 workers.
Refreshing native plugins compatible for Editor in 195.32 ms, found 3 plugins.
Preloading 0 native plugins for Editor in 0.00 ms.
Initialize engine version: 2022.3.11f1 (d00248457e15)
[Subsystems] Discovering subsystems at path C:/Program Files/Unity/Hub/Editor/2022.3.11f1/Editor/Data/Resources/UnitySubsystems
[Subsystems] Discovering subsystems at path C:/Users/ZE BEBE/Desktop/GameTech/Texnologies/Assets
GfxDevice: creating device client; threaded=0; jobified=0
Direct3D:
    Version:  Direct3D 11.0 [level 11.1]
    Renderer: NVIDIA GeForce GTX 1050 (ID=0x1c91)
    Vendor:   NVIDIA
    VRAM:     2995 MB
    Driver:   31.0.15.3713
Initialize mono
Mono path[0] = 'C:/Program Files/Unity/Hub/Editor/2022.3.11f1/Editor/Data/Managed'
Mono path[1] = 'C:/Program Files/Unity/Hub/Editor/2022.3.11f1/Editor/Data/MonoBleedingEdge/lib/mono/unityjit-win32'
Mono config path = 'C:/Program Files/Unity/Hub/Editor/2022.3.11f1/Editor/Data/MonoBleedingEdge/etc'
Using monoOptions --debugger-agent=transport=dt_socket,embedding=1,server=y,suspend=n,address=127.0.0.1:56152
Begin MonoManager ReloadAssembly
Registering precompiled unity dll's ...
Register platform support module: C:/Program Files/Unity/Hub/Editor/2022.3.11f1/Editor/Data/PlaybackEngines/WindowsStandaloneSupport/UnityEditor.WindowsStandalone.Extensions.dll
Registered in 0.024966 seconds.
- Loaded All Assemblies, in  1.252 seconds
Native extension for WindowsStandalone target not found
Mono: successfully reloaded assembly
- Finished resetting the current domain, in  1.015 seconds
Domain Reload Profiling: 2262ms
	BeginReloadAssembly (395ms)
		ExecutionOrderSort (0ms)
		DisableScriptedObjects (0ms)
		BackupInstance (0ms)
		ReleaseScriptingObjects (0ms)
		CreateAndSetChildDomain (3ms)
	RebuildCommonClasses (181ms)
	RebuildNativeTypeToScriptingClass (25ms)
	initialDomainReloadingComplete (174ms)
	LoadAllAssembliesAndSetupDomain (471ms)
		LoadAssemblies (387ms)
		RebuildTransferFunctionScriptingTraits (0ms)
		AnalyzeDomain (463ms)
			TypeCache.Refresh (460ms)
				TypeCache.ScanAssembly (402ms)
			ScanForSourceGeneratedMonoScriptInfo (1ms)
			ResolveRequiredComponents (1ms)
	FinalizeReload (1017ms)
		ReleaseScriptCaches (0ms)
		RebuildScriptCaches (0ms)
		SetupLoadedEditorAssemblies (807ms)
			LogAssemblyErrors (0ms)
			InitializePlatformSupportModulesInManaged (42ms)
			SetLoadedEditorAssemblies (20ms)
			RefreshPlugins (0ms)
			BeforeProcessingInitializeOnLoad (8ms)
			ProcessInitializeOnLoadAttributes (520ms)
			ProcessInitializeOnLoadMethodAttributes (216ms)
			AfterProcessingInitializeOnLoad (0ms)
			EditorAssembliesLoaded (1ms)
		ExecutionOrderSort2 (0ms)
		AwakeInstancesAfterBackupRestoration (0ms)
========================================================================
Worker process is ready to serve import requests
Begin MonoManager ReloadAssembly
Symbol file LoadedFromMemory is not a mono symbol file
- Loaded All Assemblies, in  3.389 seconds
Refreshing native plugins compatible for Editor in 33.63 ms, found 3 plugins.
Native extension for WindowsStandalone target not found
[MODES] ModeService[none].Initialize
[MODES] ModeService[none].LoadModes
[MODES] Loading mode Default (0) for mode-current-id-Texnologies Anaptixis
Package Manager log level set to [2]
[Package Manager] Server::EnsureServerProcessIsRunning -- launch failed, reason: Unity was launched with the -noUpm command-line argument
[Package Manager] UpmClient::Send -- Unable to send message (not connected to UPM process).
[Package Manager] Cannot connect to Unity Package Manager local server
Mono: successfully reloaded assembly
- Finished resetting the current domain, in  3.455 seconds
Domain Reload Profiling: 6823ms
	BeginReloadAssembly (928ms)
		ExecutionOrderSort (0ms)
		DisableScriptedObjects (33ms)
		BackupInstance (0ms)
		ReleaseScriptingObjects (1ms)
		CreateAndSetChildDomain (102ms)
	RebuildCommonClasses (146ms)
	RebuildNativeTypeToScriptingClass (34ms)
	initialDomainReloadingComplete (190ms)
	LoadAllAssembliesAndSetupDomain (2069ms)
		LoadAssemblies (1752ms)
		RebuildTransferFunctionScriptingTraits (0ms)
		AnalyzeDomain (840ms)
			TypeCache.Refresh (662ms)
				TypeCache.ScanAssembly (602ms)
			ScanForSourceGeneratedMonoScriptInfo (132ms)
			ResolveRequiredComponents (41ms)
	FinalizeReload (3456ms)
		ReleaseScriptCaches (0ms)
		RebuildScriptCaches (0ms)
		SetupLoadedEditorAssemblies (2579ms)
			LogAssemblyErrors (0ms)
			InitializePlatformSupportModulesInManaged (18ms)
			SetLoadedEditorAssemblies (14ms)
			RefreshPlugins (0ms)
			BeforeProcessingInitializeOnLoad (298ms)
			ProcessInitializeOnLoadAttributes (1785ms)
			ProcessInitializeOnLoadMethodAttributes (442ms)
			AfterProcessingInitializeOnLoad (22ms)
			EditorAssembliesLoaded (1ms)
		ExecutionOrderSort2 (0ms)
		AwakeInstancesAfterBackupRestoration (18ms)
Launched and connected shader compiler UnityShaderCompiler.exe after 0.28 seconds
Refreshing native plugins compatible for Editor in 85.67 ms, found 3 plugins.
Preloading 0 native plugins for Editor in 0.00 ms.
Unloading 8782 Unused Serialized files (Serialized files now loaded: 0)
Unloading 402 unused Assets / (30.1 MB). Loaded Objects now: 9017.
Memory consumption went from 405.8 MB to 375.8 MB.
Total: 105.995500 ms (FindLiveObjects: 7.554500 ms CreateObjectMapping: 9.087300 ms MarkObjects: 48.699200 ms  DeleteObjects: 40.652300 ms)

AssetImportParameters requested are different than current active one (requested -> active):
  custom:container-demuxer-ogg: 62fdf1f143b41e24485cea50d1cbac27 -> 
  custom:framework-win-MediaFoundation: 216162199b28c13a410421893ffa2e32 -> 
  custom:container-muxer-webm: aa71ff27fc2769a1b78a27578f13a17b -> 
  custom:video-decoder-webm-vp8: 9c59270c3fd7afecdb556c50c9e8de78 -> 
  custom:SearchIndexIgnoredProperties: e643bd26f0fe6173181afceb89e7c659 -> 
  custom:AudioImporter_EditorPlatform: d09bf68614088b80899f8185d706f6e7 -> 
  custom:audio-decoder-ogg-vorbis: bf7c407c2cedff20999df2af8eb42d56 -> 
  custom:audio-encoder-webm-vorbis: bf7c407c2cedff20999df2af8eb42d56 -> 
  custom:video-decoder-ogg-theora: a1e56fd34408186e4bbccfd4996cb3dc -> 
  custom:CustomObjectIndexerAttribute: d54d2f2da18e7612c182cf67624b6b12 -> 
  custom:container-demuxer-webm: 4f35f7cbe854078d1ac9338744f61a02 -> 
  custom:video-encoder-webm-vp8: eb34c28f22e8b96e1ab97ce403110664 -> 
========================================================================
Received Import Request.
  Time since last request: 600667.104543 seconds.
  path: Assets/Toby_Fredson/Hand Painted Tiles - SleepingForest/PT_UpdatesB.jpg
  artifactKey: Guid(1ebe309190635a042a1de1a24f5c9a14) Importer(815301076,1909f56bfc062723c751e8b465ee728b)
Start importing Assets/Toby_Fredson/Hand Painted Tiles - SleepingForest/PT_UpdatesB.jpg using Guid(1ebe309190635a042a1de1a24f5c9a14) Importer(815301076,1909f56bfc062723c751e8b465ee728b)  -> (artifact id: 'a30df10cd2b218f67d41dd8255f431af') in 0.220930 seconds
Number of updated asset objects reloaded before import = 0
Number of asset objects unloaded after import = 2
========================================================================
Received Import Request.
  Time since last request: 3.788796 seconds.
  path: Assets/Toby_Fredson/Hand Painted Tiles - SleepingForest/Models/GrassA.fbx
  artifactKey: Guid(66bf3a42baa79654bbba36f69622bb68) Importer(815301076,1909f56bfc062723c751e8b465ee728b)
Start importing Assets/Toby_Fredson/Hand Painted Tiles - SleepingForest/Models/GrassA.fbx using Guid(66bf3a42baa79654bbba36f69622bb68) Importer(815301076,1909f56bfc062723c751e8b465ee728b)  -> (artifact id: 'e9dd73dfed04ce5e60ebbbd74126a4d6') in 1.137073 seconds
Number of updated asset objects reloaded before import = 0
Number of asset objects unloaded after import = 8
========================================================================
Received Import Request.
  Time since last request: 0.000058 seconds.
  path: Assets/Toby_Fredson/Hand Painted Tiles - SleepingForest/Models/Mushroom3.fbx
  artifactKey: Guid(02ebabe4c0b7f4b4091896cf05a818e4) Importer(815301076,1909f56bfc062723c751e8b465ee728b)
Start importing Assets/Toby_Fredson/Hand Painted Tiles - SleepingForest/Models/Mushroom3.fbx using Guid(02ebabe4c0b7f4b4091896cf05a818e4) Importer(815301076,1909f56bfc062723c751e8b465ee728b)  -> (artifact id: 'fc392d21bc81adb5153864a42fe8cdf9') in 0.038251 seconds
Number of updated asset objects reloaded before import = 0
Number of asset objects unloaded after import = 8
========================================================================
Received Import Request.
  Time since last request: 0.000058 seconds.
  path: Assets/Toby_Fredson/Hand Painted Tiles - SleepingForest/Models/MaterialBall.fbx
  artifactKey: Guid(d7a218de7f2b36b4b8cb947e343b62ff) Importer(815301076,1909f56bfc062723c751e8b465ee728b)
Start importing Assets/Toby_Fredson/Hand Painted Tiles - SleepingForest/Models/MaterialBall.fbx using Guid(d7a218de7f2b36b4b8cb947e343b62ff) Importer(815301076,1909f56bfc062723c751e8b465ee728b)  -> (artifact id: '39b5175cbe45ce4f9600bc030d747dd3') in 0.054333 seconds
Number of updated asset objects reloaded before import = 0
Number of asset objects unloaded after import = 8
========================================================================
Received Import Request.
  Time since last request: 0.000041 seconds.
  path: Assets/Toby_Fredson/Hand Painted Tiles - SleepingForest/Models/PT_PlantB_singlemesh.fbx
  artifactKey: Guid(c864efd246ae92849b1420e552134728) Importer(815301076,1909f56bfc062723c751e8b465ee728b)
Start importing Assets/Toby_Fredson/Hand Painted Tiles - SleepingForest/Models/PT_PlantB_singlemesh.fbx using Guid(c864efd246ae92849b1420e552134728) Importer(815301076,1909f56bfc062723c751e8b465ee728b)  -> (artifact id: '29a28094404782d7a645b1094cad0089') in 0.046064 seconds
Number of updated asset objects reloaded before import = 0
Number of asset objects unloaded after import = 8
========================================================================
Received Import Request.
  Time since last request: 0.000028 seconds.
  path: Assets/Toby_Fredson/Hand Painted Tiles - SleepingForest/Models/Mushroom2.fbx
  artifactKey: Guid(65c8faa31168aa146a413332a2ab0055) Importer(815301076,1909f56bfc062723c751e8b465ee728b)
Start importing Assets/Toby_Fredson/Hand Painted Tiles - SleepingForest/Models/Mushroom2.fbx using Guid(65c8faa31168aa146a413332a2ab0055) Importer(815301076,1909f56bfc062723c751e8b465ee728b)  -> (artifact id: 'c1f38ad24661cea35079928d9d68438b') in 0.057667 seconds
Number of updated asset objects reloaded before import = 0
Number of asset objects unloaded after import = 8
========================================================================
Received Import Request.
  Time since last request: 0.000039 seconds.
  path: Assets/Toby_Fredson/Hand Painted Tiles - SleepingForest/Models/Mushroom1.fbx
  artifactKey: Guid(d9490ca1e93c69d4c9a42af066f7ddf7) Importer(815301076,1909f56bfc062723c751e8b465ee728b)
Start importing Assets/Toby_Fredson/Hand Painted Tiles - SleepingForest/Models/Mushroom1.fbx using Guid(d9490ca1e93c69d4c9a42af066f7ddf7) Importer(815301076,1909f56bfc062723c751e8b465ee728b)  -> (artifact id: '40c91268054ffac416e9c23a47d259b6') in 0.053172 seconds
Number of updated asset objects reloaded before import = 0
Number of asset objects unloaded after import = 8
========================================================================
Received Import Request.
  Time since last request: 0.000043 seconds.
  path: Assets/Toby_Fredson/Hand Painted Tiles - SleepingForest/Models/PT_PlantB.fbx
  artifactKey: Guid(d4050828950bcf642be0e27c9f91eb4b) Importer(815301076,1909f56bfc062723c751e8b465ee728b)
Start importing Assets/Toby_Fredson/Hand Painted Tiles - SleepingForest/Models/PT_PlantB.fbx using Guid(d4050828950bcf642be0e27c9f91eb4b) Importer(815301076,1909f56bfc062723c751e8b465ee728b)  -> (artifact id: '371b49d3a08136cb822352f5b4a8a063') in 0.119231 seconds
Number of updated asset objects reloaded before import = 0
Number of asset objects unloaded after import = 35
========================================================================
Received Import Request.
  Time since last request: 0.000032 seconds.
  path: Assets/Toby_Fredson/Hand Painted Tiles - SleepingForest/Models/ParticlePlane.obj
  artifactKey: Guid(1f2793d22d29e1a4483356aea311977b) Importer(815301076,1909f56bfc062723c751e8b465ee728b)
Start importing Assets/Toby_Fredson/Hand Painted Tiles - SleepingForest/Models/ParticlePlane.obj using Guid(1f2793d22d29e1a4483356aea311977b) Importer(815301076,1909f56bfc062723c751e8b465ee728b)  -> (artifact id: '260faaa748fb4a25d78e022531ca8cc7') in 0.034295 seconds
Number of updated asset objects reloaded before import = 0
Number of asset objects unloaded after import = 10
========================================================================
Received Import Request.
  Time since last request: 0.790099 seconds.
  path: Assets/Toby_Fredson/Hand Painted Tiles - SleepingForest/Prefabs/BackgroundTest_Night.prefab
  artifactKey: Guid(f5f2807d7a27bb245be45b6603cc5b91) Importer(815301076,1909f56bfc062723c751e8b465ee728b)
Start importing Assets/Toby_Fredson/Hand Painted Tiles - SleepingForest/Prefabs/BackgroundTest_Night.prefab using Guid(f5f2807d7a27bb245be45b6603cc5b91) Importer(815301076,1909f56bfc062723c751e8b465ee728b)  -> (artifact id: 'c2aecc385d50093546e4e65cbc5ef8da') in 0.041718 seconds
Number of updated asset objects reloaded before import = 0
Number of asset objects unloaded after import = 11
========================================================================
Received Import Request.
  Time since last request: 0.000029 seconds.
  path: Assets/Toby_Fredson/Hand Painted Tiles - SleepingForest/Prefabs/GrassA.prefab
  artifactKey: Guid(ec45e498397765a4994dc66c8e95ef21) Importer(815301076,1909f56bfc062723c751e8b465ee728b)
Start importing Assets/Toby_Fredson/Hand Painted Tiles - SleepingForest/Prefabs/GrassA.prefab using Guid(ec45e498397765a4994dc66c8e95ef21) Importer(815301076,1909f56bfc062723c751e8b465ee728b)  -> (artifact id: 'b8079ce639af72e847480fc4a5d0f150') in 0.115753 seconds
Number of updated asset objects reloaded before import = 0
Number of asset objects unloaded after import = 14
========================================================================
Received Import Request.
  Time since last request: 0.000053 seconds.
  path: Assets/Toby_Fredson/Hand Painted Tiles - SleepingForest/Prefabs/Mushroom3GlowA.prefab
  artifactKey: Guid(ac0c384043b1e384f8f23a9d30a8aa17) Importer(815301076,1909f56bfc062723c751e8b465ee728b)
Start importing Assets/Toby_Fredson/Hand Painted Tiles - SleepingForest/Prefabs/Mushroom3GlowA.prefab using Guid(ac0c384043b1e384f8f23a9d30a8aa17) Importer(815301076,1909f56bfc062723c751e8b465ee728b)  -> (artifact id: 'dae803e07a2ac65ee7df9acf4c9be3e1') in 3.519615 seconds
Number of updated asset objects reloaded before import = 0
Number of asset objects unloaded after import = 14
========================================================================
Received Import Request.
  Time since last request: 9.490019 seconds.
  path: Assets/Toby Fredson/Dwarven Expedition Pack - Stylized Assets/Models/DungeonGateDEP_ST.fbx
  artifactKey: Guid(99dd9b95e7db4224090a751307f19f9e) Importer(815301076,1909f56bfc062723c751e8b465ee728b)
Start importing Assets/Toby Fredson/Dwarven Expedition Pack - Stylized Assets/Models/DungeonGateDEP_ST.fbx using Guid(99dd9b95e7db4224090a751307f19f9e) Importer(815301076,1909f56bfc062723c751e8b465ee728b)  -> (artifact id: '80f2b3730760f673e9cd0b77972d7dc5') in 0.034048 seconds
Number of updated asset objects reloaded before import = 0
Number of asset objects unloaded after import = 8
========================================================================
Received Import Request.
  Time since last request: 0.000039 seconds.
  path: Assets/Toby Fredson/Dwarven Expedition Pack - Stylized Assets/Models/Human Scale.fbx
  artifactKey: Guid(b87669bedf5f95142ae6709412ac17f0) Importer(815301076,1909f56bfc062723c751e8b465ee728b)
Start importing Assets/Toby Fredson/Dwarven Expedition Pack - Stylized Assets/Models/Human Scale.fbx using Guid(b87669bedf5f95142ae6709412ac17f0) Importer(815301076,1909f56bfc062723c751e8b465ee728b)  -> (artifact id: '26123d358d8bbbc452de8bdd3ff7cb24') in 0.031694 seconds
Number of updated asset objects reloaded before import = 0
Number of asset objects unloaded after import = 8
========================================================================
Received Import Request.
  Time since last request: 0.000041 seconds.
  path: Assets/Toby Fredson/Dwarven Expedition Pack - Stylized Assets/Models/StoneArchDEP_ST.fbx
  artifactKey: Guid(03f6cc0eed8ff5345a5f3ca972c5c017) Importer(815301076,1909f56bfc062723c751e8b465ee728b)
Start importing Assets/Toby Fredson/Dwarven Expedition Pack - Stylized Assets/Models/StoneArchDEP_ST.fbx using Guid(03f6cc0eed8ff5345a5f3ca972c5c017) Importer(815301076,1909f56bfc062723c751e8b465ee728b)  -> (artifact id: '65f5c706fa648e67d72c056862fe0a63') in 0.033915 seconds
Number of updated asset objects reloaded before import = 0
Number of asset objects unloaded after import = 8
========================================================================
Received Import Request.
  Time since last request: 0.000030 seconds.
  path: Assets/Toby Fredson/Dwarven Expedition Pack - Stylized Assets/Models/SuportBeamCDEP_ST.fbx
  artifactKey: Guid(b47e4967fc9bf764592f9bab9155ab2e) Importer(815301076,1909f56bfc062723c751e8b465ee728b)
Start importing Assets/Toby Fredson/Dwarven Expedition Pack - Stylized Assets/Models/SuportBeamCDEP_ST.fbx using Guid(b47e4967fc9bf764592f9bab9155ab2e) Importer(815301076,1909f56bfc062723c751e8b465ee728b)  -> (artifact id: '237c558fcee2252964d54068f6b891bc') in 0.034796 seconds
Number of updated asset objects reloaded before import = 0
Number of asset objects unloaded after import = 8
========================================================================
Received Import Request.
  Time since last request: 0.000029 seconds.
  path: Assets/Toby Fredson/Dwarven Expedition Pack - Stylized Assets/Models/WallPropsBottomA_ST.fbx
  artifactKey: Guid(d9869357ee4fead4db0ceb2429718806) Importer(815301076,1909f56bfc062723c751e8b465ee728b)
Start importing Assets/Toby Fredson/Dwarven Expedition Pack - Stylized Assets/Models/WallPropsBottomA_ST.fbx using Guid(d9869357ee4fead4db0ceb2429718806) Importer(815301076,1909f56bfc062723c751e8b465ee728b)  -> (artifact id: '30cf8e20560b19b2033e0efc49f8435a') in 0.039374 seconds
Number of updated asset objects reloaded before import = 0
Number of asset objects unloaded after import = 8
========================================================================
Received Import Request.
  Time since last request: 0.000044 seconds.
  path: Assets/Toby Fredson/Dwarven Expedition Pack - Stylized Assets/Models/SuportBeamBDEP_ST.fbx
  artifactKey: Guid(4b06f7320d445b24eb38b888be970d9e) Importer(815301076,1909f56bfc062723c751e8b465ee728b)
Start importing Assets/Toby Fredson/Dwarven Expedition Pack - Stylized Assets/Models/SuportBeamBDEP_ST.fbx using Guid(4b06f7320d445b24eb38b888be970d9e) Importer(815301076,1909f56bfc062723c751e8b465ee728b)  -> (artifact id: 'd14b3d67c06d2deccc4655be82d0271c') in 0.035089 seconds
Number of updated asset objects reloaded before import = 0
Number of asset objects unloaded after import = 8
========================================================================
Received Import Request.
  Time since last request: 0.000038 seconds.
  path: Assets/Toby Fredson/Dwarven Expedition Pack - Stylized Assets/Models/WallBlockA03ADEP.fbx
  artifactKey: Guid(ee5aa53c88226674dad3e7a4a6524831) Importer(815301076,1909f56bfc062723c751e8b465ee728b)
Start importing Assets/Toby Fredson/Dwarven Expedition Pack - Stylized Assets/Models/WallBlockA03ADEP.fbx using Guid(ee5aa53c88226674dad3e7a4a6524831) Importer(815301076,1909f56bfc062723c751e8b465ee728b)  -> (artifact id: '09454115d67b1b8131c2222a0ad975cf') in 0.039320 seconds
Number of updated asset objects reloaded before import = 0
Number of asset objects unloaded after import = 8
========================================================================
Received Import Request.
  Time since last request: 0.000041 seconds.
  path: Assets/Toby Fredson/Dwarven Expedition Pack - Stylized Assets/Models/DungeonStructureTowerDEP_ST.fbx
  artifactKey: Guid(983a6f4c869feef46843b0317ab3bb93) Importer(815301076,1909f56bfc062723c751e8b465ee728b)
Start importing Assets/Toby Fredson/Dwarven Expedition Pack - Stylized Assets/Models/DungeonStructureTowerDEP_ST.fbx using Guid(983a6f4c869feef46843b0317ab3bb93) Importer(815301076,1909f56bfc062723c751e8b465ee728b)  -> (artifact id: 'ca80b79db492eba267d72f34a018d459') in 0.038533 seconds
Number of updated asset objects reloaded before import = 0
Number of asset objects unloaded after import = 8
========================================================================
Received Import Request.
  Time since last request: 0.000037 seconds.
  path: Assets/Toby Fredson/Dwarven Expedition Pack - Stylized Assets/Models/SuportBeamDDEP_ST.fbx
  artifactKey: Guid(f3a2699f825a7f341bb8d15facee3980) Importer(815301076,1909f56bfc062723c751e8b465ee728b)
Start importing Assets/Toby Fredson/Dwarven Expedition Pack - Stylized Assets/Models/SuportBeamDDEP_ST.fbx using Guid(f3a2699f825a7f341bb8d15facee3980) Importer(815301076,1909f56bfc062723c751e8b465ee728b)  -> (artifact id: '3f2e66c51bdcf4489d287941e998071a') in 0.041606 seconds
Number of updated asset objects reloaded before import = 0
Number of asset objects unloaded after import = 8
========================================================================
Received Import Request.
  Time since last request: 0.000034 seconds.
  path: Assets/Toby Fredson/Dwarven Expedition Pack - Stylized Assets/Models/WallPropsWindowA1_ST.fbx
  artifactKey: Guid(0d4b51e4a607d7f4cb6b6a29c4daf918) Importer(815301076,1909f56bfc062723c751e8b465ee728b)
Start importing Assets/Toby Fredson/Dwarven Expedition Pack - Stylized Assets/Models/WallPropsWindowA1_ST.fbx using Guid(0d4b51e4a607d7f4cb6b6a29c4daf918) Importer(815301076,1909f56bfc062723c751e8b465ee728b)  -> (artifact id: '5cc5f6af93189138ad4902b24174a0dc') in 0.046252 seconds
Number of updated asset objects reloaded before import = 0
Number of asset objects unloaded after import = 8
========================================================================
Received Import Request.
  Time since last request: 0.000077 seconds.
  path: Assets/Toby Fredson/Dwarven Expedition Pack - Stylized Assets/Models/MaterialCube.fbx
  artifactKey: Guid(34143110722b9d7429c78e8733c57750) Importer(815301076,1909f56bfc062723c751e8b465ee728b)
Start importing Assets/Toby Fredson/Dwarven Expedition Pack - Stylized Assets/Models/MaterialCube.fbx using Guid(34143110722b9d7429c78e8733c57750) Importer(815301076,1909f56bfc062723c751e8b465ee728b)  -> (artifact id: '7cd3a54da9c560b4830414b3e5559553') in 0.065404 seconds
Number of updated asset objects reloaded before import = 0
Number of asset objects unloaded after import = 8
========================================================================
Received Import Request.
  Time since last request: 0.000056 seconds.
  path: Assets/Toby Fredson/Dwarven Expedition Pack - Stylized Assets/Models/WallPropsMidle_ST.fbx
  artifactKey: Guid(b1f8d4583ba2ccf45a4be12cf22d8461) Importer(815301076,1909f56bfc062723c751e8b465ee728b)
Start importing Assets/Toby Fredson/Dwarven Expedition Pack - Stylized Assets/Models/WallPropsMidle_ST.fbx using Guid(b1f8d4583ba2ccf45a4be12cf22d8461) Importer(815301076,1909f56bfc062723c751e8b465ee728b)  -> (artifact id: 'c14b6a5401234f230d2f1c6dd94f69c3') in 0.046414 seconds
Number of updated asset objects reloaded before import = 0
Number of asset objects unloaded after import = 8
========================================================================
Received Import Request.
  Time since last request: 0.000036 seconds.
  path: Assets/Toby Fredson/Dwarven Expedition Pack - Stylized Assets/Models/WallPropsWindowB1_ST.fbx
  artifactKey: Guid(65a9a7838b1ea904f820f5565727a586) Importer(815301076,1909f56bfc062723c751e8b465ee728b)
Start importing Assets/Toby Fredson/Dwarven Expedition Pack - Stylized Assets/Models/WallPropsWindowB1_ST.fbx using Guid(65a9a7838b1ea904f820f5565727a586) Importer(815301076,1909f56bfc062723c751e8b465ee728b)  -> (artifact id: '0a84539b882ed74b02dc4a61f3a46469') in 0.047252 seconds
Number of updated asset objects reloaded before import = 0
Number of asset objects unloaded after import = 8
========================================================================
Received Import Request.
  Time since last request: 6.924409 seconds.
  path: Assets/Toby Fredson/Dwarven Expedition Pack - Stylized Assets/Prefabs/DungeonStructureHeadDEP_ST.prefab
  artifactKey: Guid(19f0d44f83181c64aaee4796197eb52b) Importer(815301076,1909f56bfc062723c751e8b465ee728b)
Start importing Assets/Toby Fredson/Dwarven Expedition Pack - Stylized Assets/Prefabs/DungeonStructureHeadDEP_ST.prefab using Guid(19f0d44f83181c64aaee4796197eb52b) Importer(815301076,1909f56bfc062723c751e8b465ee728b)  -> (artifact id: 'bfa6fa435220e7dac48f51c3cba6b0b9') in 0.492404 seconds
Number of updated asset objects reloaded before import = 0
Number of asset objects unloaded after import = 33
========================================================================
Received Import Request.
  Time since last request: 0.000053 seconds.
  path: Assets/Toby Fredson/Dwarven Expedition Pack - Stylized Assets/Prefabs/WallBlockA02ADEP.prefab
  artifactKey: Guid(cc13072d91f23644ca13f679632426ca) Importer(815301076,1909f56bfc062723c751e8b465ee728b)
Start importing Assets/Toby Fredson/Dwarven Expedition Pack - Stylized Assets/Prefabs/WallBlockA02ADEP.prefab using Guid(cc13072d91f23644ca13f679632426ca) Importer(815301076,1909f56bfc062723c751e8b465ee728b)  -> (artifact id: 'd4ddc96e3fe3897f72e7f37984df8c43') in 0.074514 seconds
Number of updated asset objects reloaded before import = 0
Number of asset objects unloaded after import = 13
========================================================================
Received Import Request.
  Time since last request: 0.000048 seconds.
  path: Assets/Toby Fredson/Dwarven Expedition Pack - Stylized Assets/Prefabs/SuportBeamDDEP_ST.prefab
  artifactKey: Guid(86aec6df794e71547af8e1258dbb0aea) Importer(815301076,1909f56bfc062723c751e8b465ee728b)
Start importing Assets/Toby Fredson/Dwarven Expedition Pack - Stylized Assets/Prefabs/SuportBeamDDEP_ST.prefab using Guid(86aec6df794e71547af8e1258dbb0aea) Importer(815301076,1909f56bfc062723c751e8b465ee728b)  -> (artifact id: '5890e8dd392602a83c02b8fd8f46975a') in 0.106964 seconds
Number of updated asset objects reloaded before import = 0
Number of asset objects unloaded after import = 12
========================================================================
Received Import Request.
  Time since last request: 0.000033 seconds.
  path: Assets/Toby Fredson/Dwarven Expedition Pack - Stylized Assets/Prefabs/SuportBeamADEP_ST.prefab
  artifactKey: Guid(05621cf18ffdbc347a5dedd09d576380) Importer(815301076,1909f56bfc062723c751e8b465ee728b)
Start importing Assets/Toby Fredson/Dwarven Expedition Pack - Stylized Assets/Prefabs/SuportBeamADEP_ST.prefab using Guid(05621cf18ffdbc347a5dedd09d576380) Importer(815301076,1909f56bfc062723c751e8b465ee728b)  -> (artifact id: 'c1be0d0981bae52431aeeca2102c9721') in 0.066370 seconds
Number of updated asset objects reloaded before import = 0
Number of asset objects unloaded after import = 12
========================================================================
Received Import Request.
  Time since last request: 0.000051 seconds.
  path: Assets/Toby Fredson/Dwarven Expedition Pack - Stylized Assets/Prefabs/WallPropsWindowA1_ST.prefab
  artifactKey: Guid(39d703c5b34d9a54985ce84532b098da) Importer(815301076,1909f56bfc062723c751e8b465ee728b)
Start importing Assets/Toby Fredson/Dwarven Expedition Pack - Stylized Assets/Prefabs/WallPropsWindowA1_ST.prefab using Guid(39d703c5b34d9a54985ce84532b098da) Importer(815301076,1909f56bfc062723c751e8b465ee728b)  -> (artifact id: '9e524e7bb39f0f7f7e391f2e14e4c4b3') in 0.100249 seconds
Number of updated asset objects reloaded before import = 0
Number of asset objects unloaded after import = 12
========================================================================
Received Import Request.
  Time since last request: 0.000143 seconds.
  path: Assets/Toby Fredson/Dwarven Expedition Pack - Stylized Assets/Prefabs/SuportBeamBDEP_ST.prefab
  artifactKey: Guid(396ec105a7b8ac34b8282db4b9cd0b0a) Importer(815301076,1909f56bfc062723c751e8b465ee728b)
Start importing Assets/Toby Fredson/Dwarven Expedition Pack - Stylized Assets/Prefabs/SuportBeamBDEP_ST.prefab using Guid(396ec105a7b8ac34b8282db4b9cd0b0a) Importer(815301076,1909f56bfc062723c751e8b465ee728b)  -> (artifact id: 'dec22d27a9fb2a7ab3798c0b4e00ac64') in 0.048264 seconds
Number of updated asset objects reloaded before import = 0
Number of asset objects unloaded after import = 12
========================================================================
Received Import Request.
  Time since last request: 0.000043 seconds.
  path: Assets/Toby Fredson/Dwarven Expedition Pack - Stylized Assets/Prefabs/WallPropsWindowB1_ST.prefab
  artifactKey: Guid(c72196e78ca2bd144a6ece62fad0b798) Importer(815301076,1909f56bfc062723c751e8b465ee728b)
Start importing Assets/Toby Fredson/Dwarven Expedition Pack - Stylized Assets/Prefabs/WallPropsWindowB1_ST.prefab using Guid(c72196e78ca2bd144a6ece62fad0b798) Importer(815301076,1909f56bfc062723c751e8b465ee728b)  -> (artifact id: '208fae4041e54b75b564b351ae071a85') in 0.161516 seconds
Number of updated asset objects reloaded before import = 0
Number of asset objects unloaded after import = 12
========================================================================
Received Import Request.
  Time since last request: 0.000046 seconds.
  path: Assets/Toby Fredson/Dwarven Expedition Pack - Stylized Assets/Prefabs/WallPropsTopA_ST.prefab
  artifactKey: Guid(024b7e337c87e0149a4cbcfd8292ce7e) Importer(815301076,1909f56bfc062723c751e8b465ee728b)
Start importing Assets/Toby Fredson/Dwarven Expedition Pack - Stylized Assets/Prefabs/WallPropsTopA_ST.prefab using Guid(024b7e337c87e0149a4cbcfd8292ce7e) Importer(815301076,1909f56bfc062723c751e8b465ee728b)  -> (artifact id: '1d4736de2d9772412745f8c459e9a797') in 0.171441 seconds
Number of updated asset objects reloaded before import = 0
Number of asset objects unloaded after import = 12
========================================================================
Received Import Request.
  Time since last request: 0.000089 seconds.
  path: Assets/Toby Fredson/Dwarven Expedition Pack - Stylized Assets/Prefabs/WallPropsMidle_ST.prefab
  artifactKey: Guid(2998b5d34fc488545954a5e01b0462f1) Importer(815301076,1909f56bfc062723c751e8b465ee728b)
Start importing Assets/Toby Fredson/Dwarven Expedition Pack - Stylized Assets/Prefabs/WallPropsMidle_ST.prefab using Guid(2998b5d34fc488545954a5e01b0462f1) Importer(815301076,1909f56bfc062723c751e8b465ee728b)  -> (artifact id: 'a0e31f0e5a9195533b5cb1e2fcae59c9') in 0.122594 seconds
Number of updated asset objects reloaded before import = 0
Number of asset objects unloaded after import = 12
========================================================================
Received Import Request.
  Time since last request: 0.000042 seconds.
  path: Assets/Toby Fredson/Dwarven Expedition Pack - Stylized Assets/Prefabs/StoneArchDEP_ST.prefab
  artifactKey: Guid(15bb5a066e6966e4abb2d26f51f8b516) Importer(815301076,1909f56bfc062723c751e8b465ee728b)
Start importing Assets/Toby Fredson/Dwarven Expedition Pack - Stylized Assets/Prefabs/StoneArchDEP_ST.prefab using Guid(15bb5a066e6966e4abb2d26f51f8b516) Importer(815301076,1909f56bfc062723c751e8b465ee728b)  -> (artifact id: '2ed9e38f67dbc875adfeebd032862ed3') in 0.109687 seconds
Number of updated asset objects reloaded before import = 0
Number of asset objects unloaded after import = 12
========================================================================
Received Import Request.
  Time since last request: 0.000075 seconds.
  path: Assets/Toby Fredson/Dwarven Expedition Pack - Stylized Assets/Prefabs/WallPropsBottomB_ST.prefab
  artifactKey: Guid(4a5671e23279ff243b82037573e55e4a) Importer(815301076,1909f56bfc062723c751e8b465ee728b)
Start importing Assets/Toby Fredson/Dwarven Expedition Pack - Stylized Assets/Prefabs/WallPropsBottomB_ST.prefab using Guid(4a5671e23279ff243b82037573e55e4a) Importer(815301076,1909f56bfc062723c751e8b465ee728b)  -> (artifact id: '7de87747a1542eef21e714832d373b5a') in 0.099930 seconds
Number of updated asset objects reloaded before import = 0
Number of asset objects unloaded after import = 12
Editor requested this worker to shutdown with reason: Scaling down because of idle timeout
TcpMessagingSession - receive error: operation aborted. errorcode: 995, details: The I/O operation has been aborted because of either a thread exit or an application request.
AssetImportWorker is now disconnected from the server
Process exiting
Exiting without the bug reporter. Application will terminate with return code 0