Using pre-set license
Built from '2022.3/staging' branch; Version is '2022.3.11f1 (d00248457e15) revision 13632072'; Using compiler version '192829333'; Build Type 'Release'
OS: 'Windows 10  (10.0.19045) 64bit Core' Language: 'en' Physical Memory: 16256 MB
BatchMode: 1, IsHumanControllingUs: 0, StartBugReporterOnCrash: 0, Is64bit: 1, IsPro: 1

COMMAND LINE ARGUMENTS:
C:\Program Files\Unity\Hub\Editor\2022.3.11f1\Editor\Unity.exe
-adb2
-batchMode
-noUpm
-name
AssetImportWorker4
-projectPath
C:/Users/User/Desktop/GameTech/Texnologies
-logFile
Logs/AssetImportWorker4.log
-srvPort
58949
Successfully changed project path to: C:/Users/User/Desktop/GameTech/Texnologies
C:/Users/User/Desktop/GameTech/Texnologies
[UnityMemory] Configuration Parameters - Can be set up in boot.config
    "memorysetup-bucket-allocator-granularity=16"
    "memorysetup-bucket-allocator-bucket-count=8"
    "memorysetup-bucket-allocator-block-size=33554432"
    "memorysetup-bucket-allocator-block-count=8"
    "memorysetup-main-allocator-block-size=16777216"
    "memorysetup-thread-allocator-block-size=16777216"
    "memorysetup-gfx-main-allocator-block-size=16777216"
    "memorysetup-gfx-thread-allocator-block-size=16777216"
    "memorysetup-cache-allocator-block-size=4194304"
    "memorysetup-typetree-allocator-block-size=2097152"
    "memorysetup-profiler-bucket-allocator-granularity=16"
    "memorysetup-profiler-bucket-allocator-bucket-count=8"
    "memorysetup-profiler-bucket-allocator-block-size=33554432"
    "memorysetup-profiler-bucket-allocator-block-count=8"
    "memorysetup-profiler-allocator-block-size=16777216"
    "memorysetup-profiler-editor-allocator-block-size=1048576"
    "memorysetup-temp-allocator-size-main=16777216"
    "memorysetup-job-temp-allocator-block-size=2097152"
    "memorysetup-job-temp-allocator-block-size-background=1048576"
    "memorysetup-job-temp-allocator-reduction-small-platforms=262144"
    "memorysetup-allocator-temp-initial-block-size-main=262144"
    "memorysetup-allocator-temp-initial-block-size-worker=262144"
    "memorysetup-temp-allocator-size-background-worker=32768"
    "memorysetup-temp-allocator-size-job-worker=262144"
    "memorysetup-temp-allocator-size-preload-manager=33554432"
    "memorysetup-temp-allocator-size-nav-mesh-worker=65536"
    "memorysetup-temp-allocator-size-audio-worker=65536"
    "memorysetup-temp-allocator-size-cloud-worker=32768"
    "memorysetup-temp-allocator-size-gi-baking-worker=262144"
    "memorysetup-temp-allocator-size-gfx=262144"
Player connection [692] Host "[IP] 192.168.109.1 [Port] 0 [Flags] 2 [Guid] 3552486671 [EditorId] 3552486671 [Version] 1048832 [Id] WindowsEditor(7,DESKTOP-G04UQ9R) [Debug] 1 [PackageName] WindowsEditor [ProjectName] Editor" joined multi-casting on [225.0.0.222:54997]...

Player connection [692] Host "[IP] 192.168.109.1 [Port] 0 [Flags] 2 [Guid] 3552486671 [EditorId] 3552486671 [Version] 1048832 [Id] WindowsEditor(7,DESKTOP-G04UQ9R) [Debug] 1 [PackageName] WindowsEditor [ProjectName] Editor" joined alternative multi-casting on [225.0.0.222:34997]...

[Physics::Module] Initialized MultithreadedJobDispatcher with 7 workers.
Refreshing native plugins compatible for Editor in 43.91 ms, found 3 plugins.
Preloading 0 native plugins for Editor in 0.00 ms.
Initialize engine version: 2022.3.11f1 (d00248457e15)
[Subsystems] Discovering subsystems at path C:/Program Files/Unity/Hub/Editor/2022.3.11f1/Editor/Data/Resources/UnitySubsystems
[Subsystems] Discovering subsystems at path C:/Users/User/Desktop/GameTech/Texnologies/Assets
GfxDevice: creating device client; threaded=0; jobified=0
Direct3D:
    Version:  Direct3D 11.0 [level 11.1]
    Renderer: NVIDIA GeForce GTX 1070 (ID=0x1be1)
    Vendor:   NVIDIA
    VRAM:     8075 MB
    Driver:   31.0.15.4592
Initialize mono
Mono path[0] = 'C:/Program Files/Unity/Hub/Editor/2022.3.11f1/Editor/Data/Managed'
Mono path[1] = 'C:/Program Files/Unity/Hub/Editor/2022.3.11f1/Editor/Data/MonoBleedingEdge/lib/mono/unityjit-win32'
Mono config path = 'C:/Program Files/Unity/Hub/Editor/2022.3.11f1/Editor/Data/MonoBleedingEdge/etc'
Using monoOptions --debugger-agent=transport=dt_socket,embedding=1,server=y,suspend=n,address=127.0.0.1:56204
Begin MonoManager ReloadAssembly
Registering precompiled unity dll's ...
Register platform support module: C:/Program Files/Unity/Hub/Editor/2022.3.11f1/Editor/Data/PlaybackEngines/WebGLSupport/UnityEditor.WebGL.Extensions.dll
Register platform support module: C:/Program Files/Unity/Hub/Editor/2022.3.11f1/Editor/Data/PlaybackEngines/WindowsStandaloneSupport/UnityEditor.WindowsStandalone.Extensions.dll
Registered in 0.020521 seconds.
- Loaded All Assemblies, in  0.709 seconds
Native extension for WindowsStandalone target not found
Native extension for WebGL target not found
Mono: successfully reloaded assembly
- Finished resetting the current domain, in  0.417 seconds
Domain Reload Profiling: 1124ms
	BeginReloadAssembly (190ms)
		ExecutionOrderSort (0ms)
		DisableScriptedObjects (0ms)
		BackupInstance (0ms)
		ReleaseScriptingObjects (0ms)
		CreateAndSetChildDomain (1ms)
	RebuildCommonClasses (61ms)
	RebuildNativeTypeToScriptingClass (16ms)
	initialDomainReloadingComplete (102ms)
	LoadAllAssembliesAndSetupDomain (336ms)
		LoadAssemblies (187ms)
		RebuildTransferFunctionScriptingTraits (0ms)
		AnalyzeDomain (333ms)
			TypeCache.Refresh (331ms)
				TypeCache.ScanAssembly (305ms)
			ScanForSourceGeneratedMonoScriptInfo (1ms)
			ResolveRequiredComponents (1ms)
	FinalizeReload (418ms)
		ReleaseScriptCaches (0ms)
		RebuildScriptCaches (0ms)
		SetupLoadedEditorAssemblies (312ms)
			LogAssemblyErrors (0ms)
			InitializePlatformSupportModulesInManaged (21ms)
			SetLoadedEditorAssemblies (10ms)
			RefreshPlugins (0ms)
			BeforeProcessingInitializeOnLoad (4ms)
			ProcessInitializeOnLoadAttributes (198ms)
			ProcessInitializeOnLoadMethodAttributes (79ms)
			AfterProcessingInitializeOnLoad (0ms)
			EditorAssembliesLoaded (0ms)
		ExecutionOrderSort2 (0ms)
		AwakeInstancesAfterBackupRestoration (0ms)
========================================================================
Worker process is ready to serve import requests
Begin MonoManager ReloadAssembly
Symbol file LoadedFromMemory is not a mono symbol file
- Loaded All Assemblies, in  1.471 seconds
Refreshing native plugins compatible for Editor in 14.12 ms, found 3 plugins.
Native extension for WindowsStandalone target not found
Native extension for WebGL target not found
[MODES] ModeService[none].Initialize
[MODES] ModeService[none].LoadModes
[MODES] Loading mode Default (0) for mode-current-id-Texnologies Anaptixis
System.Exception: Error! Visual Scripting: couldn't find visual scripting package
  at Unity.VisualScripting.PackageVersionUtility.get_version () [0x00043] in .\Library\PackageCache\com.unity.visualscripting@1.9.1\Editor\VisualScripting.Core\Utilities\PackageVersionUtility.cs:31 
  at Unity.VisualScripting.BoltCoreManifest.get_version () [0x00000] in .\Library\PackageCache\com.unity.visualscripting@1.9.1\Editor\VisualScripting.Core\Plugin\BoltCoreManifest.cs:11 
  at Unity.VisualScripting.PluginManifest.get_currentVersion () [0x00000] in .\Library\PackageCache\com.unity.visualscripting@1.9.1\Editor\VisualScripting.Core\Plugins\PluginManifest.cs:33 
  at Unity.VisualScripting.PluginManifest.get_versionMismatch () [0x00000] in .\Library\PackageCache\com.unity.visualscripting@1.9.1\Editor\VisualScripting.Core\Plugins\PluginManifest.cs:48 
  at Unity.VisualScripting.PluginContainer.Initialize () [0x00525] in .\Library\PackageCache\com.unity.visualscripting@1.9.1\Editor\VisualScripting.Core\Plugins\PluginContainer.cs:208 
  at Unity.VisualScripting.PluginContainer.InitializeOnLoad () [0x00009] in .\Library\PackageCache\com.unity.visualscripting@1.9.1\Editor\VisualScripting.Core\Plugins\PluginContainer.cs:32 
  at Unity.VisualScripting.VSUsageUtility.DoInitializeOnLoadCalls () [0x00034] in .\Library\PackageCache\com.unity.visualscripting@1.9.1\Editor\VisualScripting.Core\Utilities\VSUsageUtility.cs:76 
  at Unity.VisualScripting.VSUsageUtility.set_isVisualScriptingUsed (System.Boolean value) [0x0002c] in .\Library\PackageCache\com.unity.visualscripting@1.9.1\Editor\VisualScripting.Core\Utilities\VSUsageUtility.cs:114 
  at Unity.VisualScripting.VSUsageUtility.CheckAndSetIsVisualScriptingUsed () [0x00032] in .\Library\PackageCache\com.unity.visualscripting@1.9.1\Editor\VisualScripting.Core\Utilities\VSUsageUtility.cs:48 
  at Unity.VisualScripting.VSUsageUtility..cctor () [0x00000] in .\Library\PackageCache\com.unity.visualscripting@1.9.1\Editor\VisualScripting.Core\Utilities\VSUsageUtility.cs:22 
UnityEngine.StackTraceUtility:ExtractStackTrace ()
UnityEngine.DebugLogHandler:LogFormat (UnityEngine.LogType,UnityEngine.Object,string,object[])
UnityEngine.Logger:Log (UnityEngine.LogType,object)
UnityEngine.Debug:LogError (object)
UnityEditor.EditorAssemblies:ProcessInitializeOnLoadAttributes (System.Type[])

Package Manager log level set to [2]
[Package Manager] Server::EnsureServerProcessIsRunning -- launch failed, reason: Unity was launched with the -noUpm command-line argument
[Package Manager] UpmClient::Send -- Unable to send message (not connected to UPM process).
[Package Manager] Cannot connect to Unity Package Manager local server
Mono: successfully reloaded assembly
- Finished resetting the current domain, in  2.929 seconds
Domain Reload Profiling: 4392ms
	BeginReloadAssembly (210ms)
		ExecutionOrderSort (0ms)
		DisableScriptedObjects (8ms)
		BackupInstance (0ms)
		ReleaseScriptingObjects (0ms)
		CreateAndSetChildDomain (29ms)
	RebuildCommonClasses (47ms)
	RebuildNativeTypeToScriptingClass (19ms)
	initialDomainReloadingComplete (60ms)
	LoadAllAssembliesAndSetupDomain (1126ms)
		LoadAssemblies (645ms)
		RebuildTransferFunctionScriptingTraits (0ms)
		AnalyzeDomain (604ms)
			TypeCache.Refresh (492ms)
				TypeCache.ScanAssembly (459ms)
			ScanForSourceGeneratedMonoScriptInfo (86ms)
			ResolveRequiredComponents (21ms)
	FinalizeReload (2930ms)
		ReleaseScriptCaches (0ms)
		RebuildScriptCaches (0ms)
		SetupLoadedEditorAssemblies (2574ms)
			LogAssemblyErrors (0ms)
			InitializePlatformSupportModulesInManaged (12ms)
			SetLoadedEditorAssemblies (9ms)
			RefreshPlugins (0ms)
			BeforeProcessingInitializeOnLoad (229ms)
			ProcessInitializeOnLoadAttributes (2107ms)
			ProcessInitializeOnLoadMethodAttributes (206ms)
			AfterProcessingInitializeOnLoad (10ms)
			EditorAssembliesLoaded (0ms)
		ExecutionOrderSort2 (0ms)
		AwakeInstancesAfterBackupRestoration (8ms)
Launched and connected shader compiler UnityShaderCompiler.exe after 0.07 seconds
Refreshing native plugins compatible for Editor in 25.16 ms, found 3 plugins.
Preloading 0 native plugins for Editor in 0.00 ms.
Unloading 9812 Unused Serialized files (Serialized files now loaded: 0)
Unloading 302 unused Assets / (15.6 MB). Loaded Objects now: 10154.
Memory consumption went from 433.7 MB to 418.1 MB.
Total: 25.182400 ms (FindLiveObjects: 0.793100 ms CreateObjectMapping: 1.042100 ms MarkObjects: 20.374600 ms  DeleteObjects: 2.971400 ms)

AssetImportParameters requested are different than current active one (requested -> active):
  custom:container-demuxer-ogg: 62fdf1f143b41e24485cea50d1cbac27 -> 
  custom:framework-win-MediaFoundation: 216162199b28c13a410421893ffa2e32 -> 
  custom:container-muxer-webm: aa71ff27fc2769a1b78a27578f13a17b -> 
  custom:video-decoder-webm-vp8: 9c59270c3fd7afecdb556c50c9e8de78 -> 
  custom:SearchIndexIgnoredProperties: e643bd26f0fe6173181afceb89e7c659 -> 
  custom:AudioImporter_EditorPlatform: d09bf68614088b80899f8185d706f6e7 -> 
  custom:audio-decoder-ogg-vorbis: bf7c407c2cedff20999df2af8eb42d56 -> 
  custom:audio-encoder-webm-vorbis: bf7c407c2cedff20999df2af8eb42d56 -> 
  custom:video-decoder-ogg-theora: a1e56fd34408186e4bbccfd4996cb3dc -> 
  custom:CustomObjectIndexerAttribute: d54d2f2da18e7612c182cf67624b6b12 -> 
  custom:container-demuxer-webm: 4f35f7cbe854078d1ac9338744f61a02 -> 
  custom:video-encoder-webm-vp8: eb34c28f22e8b96e1ab97ce403110664 -> 
========================================================================
Received Import Request.
  Time since last request: 219462.356289 seconds.
  path: Assets/StarSparrow/Textures/BonusContent/FlyingInsect/Animation/Stasis.anim
  artifactKey: Guid(27f9fe27f0a8fe1488057063a53701e0) Importer(815301076,1909f56bfc062723c751e8b465ee728b)
Start importing Assets/StarSparrow/Textures/BonusContent/FlyingInsect/Animation/Stasis.anim using Guid(27f9fe27f0a8fe1488057063a53701e0) Importer(815301076,1909f56bfc062723c751e8b465ee728b)  -> (artifact id: '0153c5bb657adb7d4c57309978f85816') in 0.022440 seconds
Number of updated asset objects reloaded before import = 0
Number of asset objects unloaded after import = 1
========================================================================
Received Import Request.
  Time since last request: 54.154177 seconds.
  path: Assets/Sci-Fi_Styled_Modular_Pack/Models/decorative_pilow.fbx
  artifactKey: Guid(dd574b0211f8115498c621597dbe7485) Importer(815301076,1909f56bfc062723c751e8b465ee728b)
Start importing Assets/Sci-Fi_Styled_Modular_Pack/Models/decorative_pilow.fbx using Guid(dd574b0211f8115498c621597dbe7485) Importer(815301076,1909f56bfc062723c751e8b465ee728b)  -> (artifact id: 'ae6ee04b2985f7e1a6cdd41d9532ede1') in 0.664214 seconds
Number of updated asset objects reloaded before import = 0
Number of asset objects unloaded after import = 9
========================================================================
Received Import Request.
  Time since last request: 0.000045 seconds.
  path: Assets/Sci-Fi_Styled_Modular_Pack/Models/floor_corner_ornament_pipes.fbx
  artifactKey: Guid(5ba738f6b0443534ab9c35fbe2153ee1) Importer(815301076,1909f56bfc062723c751e8b465ee728b)
Start importing Assets/Sci-Fi_Styled_Modular_Pack/Models/floor_corner_ornament_pipes.fbx using Guid(5ba738f6b0443534ab9c35fbe2153ee1) Importer(815301076,1909f56bfc062723c751e8b465ee728b)  -> (artifact id: '83b1a4aee8eb9118b65854f579e0a1ba') in 0.027852 seconds
Number of updated asset objects reloaded before import = 0
Number of asset objects unloaded after import = 9
========================================================================
Received Import Request.
  Time since last request: 0.000035 seconds.
  path: Assets/TrueClouds/ExampleScenes/Materials/Dragon/DragonSpikes.mat
  artifactKey: Guid(cdae10b910a1f9046ba80a9647921f1c) Importer(815301076,1909f56bfc062723c751e8b465ee728b)
Start importing Assets/TrueClouds/ExampleScenes/Materials/Dragon/DragonSpikes.mat using Guid(cdae10b910a1f9046ba80a9647921f1c) Importer(815301076,1909f56bfc062723c751e8b465ee728b)  -> (artifact id: 'b90f93d0a3aa942e7c2587abe4ab982a') in 0.044897 seconds
Number of updated asset objects reloaded before import = 0
Number of asset objects unloaded after import = 2
========================================================================
Received Import Request.
  Time since last request: 0.000029 seconds.
  path: Assets/Sci-Fi_Styled_Modular_Pack/Models/decorative_pilow_LOD0.fbx
  artifactKey: Guid(f3db2c97405c89448891b5f5e6f734db) Importer(815301076,1909f56bfc062723c751e8b465ee728b)
Start importing Assets/Sci-Fi_Styled_Modular_Pack/Models/decorative_pilow_LOD0.fbx using Guid(f3db2c97405c89448891b5f5e6f734db) Importer(815301076,1909f56bfc062723c751e8b465ee728b)  -> (artifact id: '8cffc748b37d7f09c4494b4016f4a333') in 0.029290 seconds
Number of updated asset objects reloaded before import = 0
Number of asset objects unloaded after import = 9
========================================================================
Received Import Request.
  Time since last request: 0.000027 seconds.
  path: Assets/Sci-Fi_Styled_Modular_Pack/Materials/computer_wall_texture.mat
  artifactKey: Guid(c28ec304e991df54a8a3e97280f1e65c) Importer(815301076,1909f56bfc062723c751e8b465ee728b)
Start importing Assets/Sci-Fi_Styled_Modular_Pack/Materials/computer_wall_texture.mat using Guid(c28ec304e991df54a8a3e97280f1e65c) Importer(815301076,1909f56bfc062723c751e8b465ee728b)  -> (artifact id: '0bc71fb7ef59c963654c81235e549900') in 0.026141 seconds
Number of updated asset objects reloaded before import = 0
Number of asset objects unloaded after import = 3
========================================================================
Received Import Request.
  Time since last request: 0.000025 seconds.
  path: Assets/Sci-Fi_Styled_Modular_Pack/Models/computer_station.fbx
  artifactKey: Guid(2127a279fcaa46847ac918e39e53bad8) Importer(815301076,1909f56bfc062723c751e8b465ee728b)
Start importing Assets/Sci-Fi_Styled_Modular_Pack/Models/computer_station.fbx using Guid(2127a279fcaa46847ac918e39e53bad8) Importer(815301076,1909f56bfc062723c751e8b465ee728b)  -> (artifact id: 'eec485624746d5fa341f52060362cd90') in 0.054781 seconds
Number of updated asset objects reloaded before import = 0
Number of asset objects unloaded after import = 13
========================================================================
Received Import Request.
  Time since last request: 0.000032 seconds.
  path: Assets/Sci-Fi_Styled_Modular_Pack/Textures/computer_wall_texture.png
  artifactKey: Guid(7b98260aedcf3b0438023520105fd422) Importer(815301076,1909f56bfc062723c751e8b465ee728b)
Start importing Assets/Sci-Fi_Styled_Modular_Pack/Textures/computer_wall_texture.png using Guid(7b98260aedcf3b0438023520105fd422) Importer(815301076,1909f56bfc062723c751e8b465ee728b)  -> (artifact id: '83aa039c5aa9a318f5cb85d0d5372793') in 0.067840 seconds
Number of updated asset objects reloaded before import = 0
Number of asset objects unloaded after import = 3
========================================================================
Received Import Request.
  Time since last request: 0.000024 seconds.
  path: Assets/Sci-Fi_Styled_Modular_Pack/Models/decorative_wall_4_computer_LOD0.fbx
  artifactKey: Guid(f6910e490da85c643b2e09c71b8b5a8d) Importer(815301076,1909f56bfc062723c751e8b465ee728b)
Start importing Assets/Sci-Fi_Styled_Modular_Pack/Models/decorative_wall_4_computer_LOD0.fbx using Guid(f6910e490da85c643b2e09c71b8b5a8d) Importer(815301076,1909f56bfc062723c751e8b465ee728b)  -> (artifact id: '2cb8aeef22bfe5363f982119c54cbd5b') in 0.034714 seconds
Number of updated asset objects reloaded before import = 0
Number of asset objects unloaded after import = 15
========================================================================
Received Import Request.
  Time since last request: 0.000032 seconds.
  path: Assets/Sci-Fi_Styled_Modular_Pack/Prefabs/Walls/decorative_wall_4_computer.prefab
  artifactKey: Guid(897c9b0e5e04118499e0903c7754628f) Importer(815301076,1909f56bfc062723c751e8b465ee728b)
Start importing Assets/Sci-Fi_Styled_Modular_Pack/Prefabs/Walls/decorative_wall_4_computer.prefab using Guid(897c9b0e5e04118499e0903c7754628f) Importer(815301076,1909f56bfc062723c751e8b465ee728b)  -> (artifact id: 'b75533fb985d9e3aca32bca5b8bc87a2') in 2.828426 seconds
Number of updated asset objects reloaded before import = 0
Number of asset objects unloaded after import = 26
========================================================================
Received Import Request.
  Time since last request: 0.000036 seconds.
  path: Assets/Sci-Fi_Styled_Modular_Pack/Textures/computer_wall_metalic.png
  artifactKey: Guid(1b0399fc6de3a0d44bbdc4362aa0e992) Importer(815301076,1909f56bfc062723c751e8b465ee728b)
Start importing Assets/Sci-Fi_Styled_Modular_Pack/Textures/computer_wall_metalic.png using Guid(1b0399fc6de3a0d44bbdc4362aa0e992) Importer(815301076,1909f56bfc062723c751e8b465ee728b)  -> (artifact id: 'fc0e9eed16a0ca27760f7f585f5e792e') in 0.037476 seconds
Number of updated asset objects reloaded before import = 0
Number of asset objects unloaded after import = 2
========================================================================
Received Import Request.
  Time since last request: 0.000039 seconds.
  path: Assets/TextMesh_Pro/Examples & Extras/Resources/Color Gradient Presets/Blue to Purple - Vertical.asset
  artifactKey: Guid(479a66fa4b094512a62b0a8e553ad95a) Importer(815301076,1909f56bfc062723c751e8b465ee728b)
Start importing Assets/TextMesh_Pro/Examples & Extras/Resources/Color Gradient Presets/Blue to Purple - Vertical.asset using Guid(479a66fa4b094512a62b0a8e553ad95a) Importer(815301076,1909f56bfc062723c751e8b465ee728b)  -> (artifact id: '0f2db2b5cb85c4df4eab46da47834a77') in 0.002812 seconds
Number of updated asset objects reloaded before import = 0
Number of asset objects unloaded after import = 1
========================================================================
Received Import Request.
  Time since last request: 0.000028 seconds.
  path: Assets/Sci-Fi_Styled_Modular_Pack/Prefabs/Decorative elements/computer_station.prefab
  artifactKey: Guid(82c3b8fcabff82d4787f83e992e386df) Importer(815301076,1909f56bfc062723c751e8b465ee728b)
Start importing Assets/Sci-Fi_Styled_Modular_Pack/Prefabs/Decorative elements/computer_station.prefab using Guid(82c3b8fcabff82d4787f83e992e386df) Importer(815301076,1909f56bfc062723c751e8b465ee728b)  -> (artifact id: 'fe5385ebc1ca8e9ea3b391a81f4acd51') in 0.034444 seconds
Number of updated asset objects reloaded before import = 0
Number of asset objects unloaded after import = 16
========================================================================
Received Import Request.
  Time since last request: 0.000028 seconds.
  path: Assets/Sci-Fi_Styled_Modular_Pack/Materials/computer_wall_metalic.mat
  artifactKey: Guid(de708a5b38deb5542adf7da77e4cc1c0) Importer(815301076,1909f56bfc062723c751e8b465ee728b)
Start importing Assets/Sci-Fi_Styled_Modular_Pack/Materials/computer_wall_metalic.mat using Guid(de708a5b38deb5542adf7da77e4cc1c0) Importer(815301076,1909f56bfc062723c751e8b465ee728b)  -> (artifact id: 'ba3ea4f9fdce360fe098e46c62409507') in 0.028628 seconds
Number of updated asset objects reloaded before import = 0
Number of asset objects unloaded after import = 3
========================================================================
Received Import Request.
  Time since last request: 0.000068 seconds.
  path: Assets/Sci-Fi_Styled_Modular_Pack/Models/decorative_wall_4_computer_LOD1.fbx
  artifactKey: Guid(c23fae69e42c1a844878231b997a2c88) Importer(815301076,1909f56bfc062723c751e8b465ee728b)
Start importing Assets/Sci-Fi_Styled_Modular_Pack/Models/decorative_wall_4_computer_LOD1.fbx using Guid(c23fae69e42c1a844878231b997a2c88) Importer(815301076,1909f56bfc062723c751e8b465ee728b)  -> (artifact id: '26411efca7dd902bcb8912ce2f0cd9dc') in 0.039913 seconds
Number of updated asset objects reloaded before import = 0
Number of asset objects unloaded after import = 15
========================================================================
Received Import Request.
  Time since last request: 348.242787 seconds.
  path: Assets/pumpkin_monster/PumpkinAnimation/pumpkin.controller
  artifactKey: Guid(5bad26dfae9b7064aa852df23d4b03ad) Importer(815301076,1909f56bfc062723c751e8b465ee728b)
Start importing Assets/pumpkin_monster/PumpkinAnimation/pumpkin.controller using Guid(5bad26dfae9b7064aa852df23d4b03ad) Importer(815301076,1909f56bfc062723c751e8b465ee728b)  -> (artifact id: '046039992f356aa88dcb61b695854522') in 0.004621 seconds
Number of updated asset objects reloaded before import = 0
Number of asset objects unloaded after import = 1
========================================================================
Received Import Request.
  Time since last request: 2088.828919 seconds.
  path: Assets/Sci-Fi_Styled_Modular_Pack/Prefabs/Walls/decorative_wall_4_no_computer.prefab
  artifactKey: Guid(73d3182f2ceb62f48b8ab3173dc89e20) Importer(815301076,1909f56bfc062723c751e8b465ee728b)
Start importing Assets/Sci-Fi_Styled_Modular_Pack/Prefabs/Walls/decorative_wall_4_no_computer.prefab using Guid(73d3182f2ceb62f48b8ab3173dc89e20) Importer(815301076,1909f56bfc062723c751e8b465ee728b)  -> (artifact id: '985f5cb653496215578ffff374fc7dc0') in 0.059928 seconds
Number of updated asset objects reloaded before import = 0
Number of asset objects unloaded after import = 22
========================================================================
Received Import Request.
  Time since last request: 28.561726 seconds.
  path: Assets/pumpkin_monster/Prefab/pumpkin.prefab
  artifactKey: Guid(149914faacece2940a120e1783c4c6a9) Importer(815301076,1909f56bfc062723c751e8b465ee728b)
Start importing Assets/pumpkin_monster/Prefab/pumpkin.prefab using Guid(149914faacece2940a120e1783c4c6a9) Importer(815301076,1909f56bfc062723c751e8b465ee728b) The Animator Controller (pumpkin) you have used is not valid. Animations will not play
UnityEngine.StackTraceUtility:ExtractStackTrace ()
UnityEditor.EditorUtility:Internal_InstantiateRemoveAllNonAnimationComponentsSingle (UnityEngine.Object,UnityEngine.Vector3,UnityEngine.Quaternion)
UnityEditor.EditorUtility:InstantiateRemoveAllNonAnimationComponents (UnityEngine.Object,UnityEngine.Vector3,UnityEngine.Quaternion)
UnityEditor.EditorUtility:InstantiateForAnimatorPreview (UnityEngine.Object)
UnityEditor.GameObjectInspector/PreviewData:UpdateGameObject (UnityEngine.Object)
UnityEditor.GameObjectInspector/PreviewData:.ctor (UnityEngine.Object,bool)
UnityEditor.GameObjectInspector:GetPreviewData (bool)
UnityEditor.GameObjectInspector:RenderStaticPreview (string,UnityEngine.Object[],int,int)
UnityEditor.AssetPreviewUpdater:CreatePreview (UnityEngine.Object,UnityEngine.Object[],string,int,int)
UnityEditor.AssetPreviewUpdater:CreatePreviewForAsset (UnityEngine.Object,UnityEngine.Object[],string)

[C:\build\output\unity\unity\Modules\Animation\Director\AnimatorControllerPlayable.cpp line 333]

 -> (artifact id: 'c61598a15464db2773fec73c295e614e') in 1.849477 seconds
Number of updated asset objects reloaded before import = 0
Number of asset objects unloaded after import = 310
========================================================================
Received Import Request.
  Time since last request: 529.410173 seconds.
  path: Assets/pumpkin_monster/Base mesh
  artifactKey: Guid(7e70ff3daa105494d94356ad3824a5ef) Importer(815301076,1909f56bfc062723c751e8b465ee728b)
Start importing Assets/pumpkin_monster/Base mesh using Guid(7e70ff3daa105494d94356ad3824a5ef) Importer(815301076,1909f56bfc062723c751e8b465ee728b)  -> (artifact id: 'd99ae45cee1cb8e9670f8d5077ca477e') in 0.001923 seconds
Number of updated asset objects reloaded before import = 0
Number of asset objects unloaded after import = 0
========================================================================
Received Import Request.
  Time since last request: 77.544567 seconds.
  path: Assets/pumpkin_monster/Material
  artifactKey: Guid(cac4f7bef63f0d841ac9967b352919a8) Importer(815301076,1909f56bfc062723c751e8b465ee728b)
Start importing Assets/pumpkin_monster/Material using Guid(cac4f7bef63f0d841ac9967b352919a8) Importer(815301076,1909f56bfc062723c751e8b465ee728b)  -> (artifact id: 'cb39443aa0d152fc6b1054f2404ec591') in 0.001136 seconds
Number of updated asset objects reloaded before import = 0
Number of asset objects unloaded after import = 0
========================================================================
Received Import Request.
  Time since last request: 0.026528 seconds.
  path: Assets/pumpkin_monster/Material/matBody.mat
  artifactKey: Guid(c50d5a868339f4948882c480166108f4) Importer(815301076,1909f56bfc062723c751e8b465ee728b)
Start importing Assets/pumpkin_monster/Material/matBody.mat using Guid(c50d5a868339f4948882c480166108f4) Importer(815301076,1909f56bfc062723c751e8b465ee728b)  -> (artifact id: 'a5584272a2581e09167f16cb60c5f2e4') in 0.187323 seconds
Number of updated asset objects reloaded before import = 0
Number of asset objects unloaded after import = 6
========================================================================
Received Import Request.
  Time since last request: 0.000034 seconds.
  path: Assets/pumpkin_monster/Material/matGround.mat
  artifactKey: Guid(b13970a921ff97d4dabb962472af1f2b) Importer(815301076,1909f56bfc062723c751e8b465ee728b)
Start importing Assets/pumpkin_monster/Material/matGround.mat using Guid(b13970a921ff97d4dabb962472af1f2b) Importer(815301076,1909f56bfc062723c751e8b465ee728b)  -> (artifact id: '193a8e14435911221c5ceec3746b4396') in 0.027427 seconds
Number of updated asset objects reloaded before import = 0
Number of asset objects unloaded after import = 2
========================================================================
Received Import Request.
  Time since last request: 1.130806 seconds.
  path: Assets/pumpkin_monster/Materials
  artifactKey: Guid(198dc13928f438c4a93a64fb4a6e34f9) Importer(815301076,1909f56bfc062723c751e8b465ee728b)
Start importing Assets/pumpkin_monster/Materials using Guid(198dc13928f438c4a93a64fb4a6e34f9) Importer(815301076,1909f56bfc062723c751e8b465ee728b)  -> (artifact id: '0f21f9931e32b48babd822fa7e20caac') in 0.000656 seconds
Number of updated asset objects reloaded before import = 0
Number of asset objects unloaded after import = 0
========================================================================
Received Import Request.
  Time since last request: 0.004519 seconds.
  path: Assets/pumpkin_monster/Materials/low_matBody_AlbedoTransparency.mat
  artifactKey: Guid(d233a415a4c389d43b83a48ae391afdb) Importer(815301076,1909f56bfc062723c751e8b465ee728b)
Start importing Assets/pumpkin_monster/Materials/low_matBody_AlbedoTransparency.mat using Guid(d233a415a4c389d43b83a48ae391afdb) Importer(815301076,1909f56bfc062723c751e8b465ee728b)  -> (artifact id: '11029dfb2963aa8cdc946b3a6c038e91') in 0.246426 seconds
Number of updated asset objects reloaded before import = 0
Number of asset objects unloaded after import = 3
========================================================================
Received Import Request.
  Time since last request: 0.000718 seconds.
  path: Assets/pumpkin_monster/Materials/low_matCloth_AlbedoTransparency.mat
  artifactKey: Guid(232d6edcb590f4844827fbab2af3beea) Importer(815301076,1909f56bfc062723c751e8b465ee728b)
Start importing Assets/pumpkin_monster/Materials/low_matCloth_AlbedoTransparency.mat using Guid(232d6edcb590f4844827fbab2af3beea) Importer(815301076,1909f56bfc062723c751e8b465ee728b)  -> (artifact id: '4c975141d26cb6ad3f80ac17ea6643d6') in 0.089728 seconds
Number of updated asset objects reloaded before import = 0
Number of asset objects unloaded after import = 3
========================================================================
Received Import Request.
  Time since last request: 0.000022 seconds.
  path: Assets/pumpkin_monster/Materials/low_matBody_MetallicSmoothness.mat
  artifactKey: Guid(b05e893543d42ef4892b2cb9c63c3325) Importer(815301076,1909f56bfc062723c751e8b465ee728b)
Start importing Assets/pumpkin_monster/Materials/low_matBody_MetallicSmoothness.mat using Guid(b05e893543d42ef4892b2cb9c63c3325) Importer(815301076,1909f56bfc062723c751e8b465ee728b)  -> (artifact id: 'f0236b9ab49d6d28afdd9d45dae08a64') in 0.047936 seconds
Number of updated asset objects reloaded before import = 0
Number of asset objects unloaded after import = 3
========================================================================
Received Import Request.
  Time since last request: 1.140869 seconds.
  path: Assets/pumpkin_monster/Prefab
  artifactKey: Guid(59b7fbc5050ff5c4fb6435d43a8cbef6) Importer(815301076,1909f56bfc062723c751e8b465ee728b)
Start importing Assets/pumpkin_monster/Prefab using Guid(59b7fbc5050ff5c4fb6435d43a8cbef6) Importer(815301076,1909f56bfc062723c751e8b465ee728b)  -> (artifact id: '5106a9e15467cd3b5a0568e98192b166') in 0.000984 seconds
Number of updated asset objects reloaded before import = 0
Number of asset objects unloaded after import = 0
Editor requested this worker to shutdown with reason: Scaling down because of idle timeout
TcpMessagingSession - receive error: operation aborted. errorcode: 995, details: The I/O operation has been aborted because of either a thread exit or an application request.
AssetImportWorker is now disconnected from the server
Process exiting
Exiting without the bug reporter. Application will terminate with return code 0