Using pre-set license
Built from '2022.3/staging' branch; Version is '2022.3.11f1 (d00248457e15) revision 13632072'; Using compiler version '192829333'; Build Type 'Release'
OS: 'Windows 10  (10.0.19045) 64bit Core' Language: 'en' Physical Memory: 16264 MB
BatchMode: 1, IsHumanControllingUs: 0, StartBugReporterOnCrash: 0, Is64bit: 1, IsPro: 1

COMMAND LINE ARGUMENTS:
C:\Program Files\Unity\Hub\Editor\2022.3.11f1\Editor\Unity.exe
-adb2
-batchMode
-noUpm
-name
AssetImportWorker11
-projectPath
C:/Users/ZE BEBE/Desktop/GameTech/Texnologies
-logFile
Logs/AssetImportWorker11.log
-srvPort
52119
Successfully changed project path to: C:/Users/ZE BEBE/Desktop/GameTech/Texnologies
C:/Users/ZE BEBE/Desktop/GameTech/Texnologies
[UnityMemory] Configuration Parameters - Can be set up in boot.config
    "memorysetup-bucket-allocator-granularity=16"
    "memorysetup-bucket-allocator-bucket-count=8"
    "memorysetup-bucket-allocator-block-size=33554432"
    "memorysetup-bucket-allocator-block-count=8"
    "memorysetup-main-allocator-block-size=16777216"
    "memorysetup-thread-allocator-block-size=16777216"
    "memorysetup-gfx-main-allocator-block-size=16777216"
    "memorysetup-gfx-thread-allocator-block-size=16777216"
    "memorysetup-cache-allocator-block-size=4194304"
    "memorysetup-typetree-allocator-block-size=2097152"
    "memorysetup-profiler-bucket-allocator-granularity=16"
    "memorysetup-profiler-bucket-allocator-bucket-count=8"
    "memorysetup-profiler-bucket-allocator-block-size=33554432"
    "memorysetup-profiler-bucket-allocator-block-count=8"
    "memorysetup-profiler-allocator-block-size=16777216"
    "memorysetup-profiler-editor-allocator-block-size=1048576"
    "memorysetup-temp-allocator-size-main=16777216"
    "memorysetup-job-temp-allocator-block-size=2097152"
    "memorysetup-job-temp-allocator-block-size-background=1048576"
    "memorysetup-job-temp-allocator-reduction-small-platforms=262144"
    "memorysetup-allocator-temp-initial-block-size-main=262144"
    "memorysetup-allocator-temp-initial-block-size-worker=262144"
    "memorysetup-temp-allocator-size-background-worker=32768"
    "memorysetup-temp-allocator-size-job-worker=262144"
    "memorysetup-temp-allocator-size-preload-manager=33554432"
    "memorysetup-temp-allocator-size-nav-mesh-worker=65536"
    "memorysetup-temp-allocator-size-audio-worker=65536"
    "memorysetup-temp-allocator-size-cloud-worker=32768"
    "memorysetup-temp-allocator-size-gi-baking-worker=262144"
    "memorysetup-temp-allocator-size-gfx=262144"
Player connection [37444] Host "[IP] 192.168.1.6 [Port] 0 [Flags] 2 [Guid] 2704609852 [EditorId] 2704609852 [Version] 1048832 [Id] WindowsEditor(7,ZEBEBE) [Debug] 1 [PackageName] WindowsEditor [ProjectName] Editor" joined multi-casting on [225.0.0.222:54997]...

Player connection [37444] Host "[IP] 192.168.1.6 [Port] 0 [Flags] 2 [Guid] 2704609852 [EditorId] 2704609852 [Version] 1048832 [Id] WindowsEditor(7,ZEBEBE) [Debug] 1 [PackageName] WindowsEditor [ProjectName] Editor" joined alternative multi-casting on [225.0.0.222:34997]...

[Physics::Module] Initialized MultithreadedJobDispatcher with 7 workers.
Refreshing native plugins compatible for Editor in 12873.63 ms, found 3 plugins.
Preloading 0 native plugins for Editor in 0.00 ms.
Initialize engine version: 2022.3.11f1 (d00248457e15)
[Subsystems] Discovering subsystems at path C:/Program Files/Unity/Hub/Editor/2022.3.11f1/Editor/Data/Resources/UnitySubsystems
[Subsystems] Discovering subsystems at path C:/Users/ZE BEBE/Desktop/GameTech/Texnologies/Assets
GfxDevice: creating device client; threaded=0; jobified=0
Direct3D:
    Version:  Direct3D 11.0 [level 11.1]
    Renderer: NVIDIA GeForce GTX 1050 (ID=0x1c91)
    Vendor:   NVIDIA
    VRAM:     2995 MB
    Driver:   31.0.15.3713
Initialize mono
Mono path[0] = 'C:/Program Files/Unity/Hub/Editor/2022.3.11f1/Editor/Data/Managed'
Mono path[1] = 'C:/Program Files/Unity/Hub/Editor/2022.3.11f1/Editor/Data/MonoBleedingEdge/lib/mono/unityjit-win32'
Mono config path = 'C:/Program Files/Unity/Hub/Editor/2022.3.11f1/Editor/Data/MonoBleedingEdge/etc'
Using monoOptions --debugger-agent=transport=dt_socket,embedding=1,server=y,suspend=n,address=127.0.0.1:56612
Begin MonoManager ReloadAssembly
Registering precompiled unity dll's ...
Register platform support module: C:/Program Files/Unity/Hub/Editor/2022.3.11f1/Editor/Data/PlaybackEngines/WindowsStandaloneSupport/UnityEditor.WindowsStandalone.Extensions.dll
Registered in 0.252314 seconds.
- Loaded All Assemblies, in 14.577 seconds
Native extension for WindowsStandalone target not found
Mono: successfully reloaded assembly
- Finished resetting the current domain, in  0.537 seconds
Domain Reload Profiling: 15111ms
	BeginReloadAssembly (11585ms)
		ExecutionOrderSort (0ms)
		DisableScriptedObjects (0ms)
		BackupInstance (0ms)
		ReleaseScriptingObjects (0ms)
		CreateAndSetChildDomain (2ms)
	RebuildCommonClasses (676ms)
	RebuildNativeTypeToScriptingClass (19ms)
	initialDomainReloadingComplete (386ms)
	LoadAllAssembliesAndSetupDomain (1905ms)
		LoadAssemblies (11575ms)
		RebuildTransferFunctionScriptingTraits (0ms)
		AnalyzeDomain (1902ms)
			TypeCache.Refresh (1900ms)
				TypeCache.ScanAssembly (1546ms)
			ScanForSourceGeneratedMonoScriptInfo (1ms)
			ResolveRequiredComponents (1ms)
	FinalizeReload (539ms)
		ReleaseScriptCaches (0ms)
		RebuildScriptCaches (0ms)
		SetupLoadedEditorAssemblies (408ms)
			LogAssemblyErrors (0ms)
			InitializePlatformSupportModulesInManaged (24ms)
			SetLoadedEditorAssemblies (21ms)
			RefreshPlugins (0ms)
			BeforeProcessingInitializeOnLoad (5ms)
			ProcessInitializeOnLoadAttributes (253ms)
			ProcessInitializeOnLoadMethodAttributes (103ms)
			AfterProcessingInitializeOnLoad (0ms)
			EditorAssembliesLoaded (0ms)
		ExecutionOrderSort2 (0ms)
		AwakeInstancesAfterBackupRestoration (0ms)
========================================================================
Worker process is ready to serve import requests
Begin MonoManager ReloadAssembly
Symbol file LoadedFromMemory is not a mono symbol file
- Loaded All Assemblies, in 34.008 seconds
Refreshing native plugins compatible for Editor in 30.45 ms, found 3 plugins.
Native extension for WindowsStandalone target not found
[MODES] ModeService[none].Initialize
[MODES] ModeService[none].LoadModes
[MODES] Loading mode Default (0) for mode-current-id-Texnologies Anaptixis
Package Manager log level set to [2]
[Package Manager] Server::EnsureServerProcessIsRunning -- launch failed, reason: Unity was launched with the -noUpm command-line argument
[Package Manager] UpmClient::Send -- Unable to send message (not connected to UPM process).
[Package Manager] Cannot connect to Unity Package Manager local server
Mono: successfully reloaded assembly
- Finished resetting the current domain, in  4.546 seconds
Domain Reload Profiling: 38536ms
	BeginReloadAssembly (338ms)
		ExecutionOrderSort (0ms)
		DisableScriptedObjects (13ms)
		BackupInstance (0ms)
		ReleaseScriptingObjects (0ms)
		CreateAndSetChildDomain (46ms)
	RebuildCommonClasses (50ms)
	RebuildNativeTypeToScriptingClass (15ms)
	initialDomainReloadingComplete (84ms)
	LoadAllAssembliesAndSetupDomain (33501ms)
		LoadAssemblies (31858ms)
		RebuildTransferFunctionScriptingTraits (0ms)
		AnalyzeDomain (1807ms)
			TypeCache.Refresh (1642ms)
				TypeCache.ScanAssembly (1483ms)
			ScanForSourceGeneratedMonoScriptInfo (127ms)
			ResolveRequiredComponents (33ms)
	FinalizeReload (4547ms)
		ReleaseScriptCaches (0ms)
		RebuildScriptCaches (0ms)
		SetupLoadedEditorAssemblies (3957ms)
			LogAssemblyErrors (0ms)
			InitializePlatformSupportModulesInManaged (22ms)
			SetLoadedEditorAssemblies (11ms)
			RefreshPlugins (0ms)
			BeforeProcessingInitializeOnLoad (275ms)
			ProcessInitializeOnLoadAttributes (2325ms)
			ProcessInitializeOnLoadMethodAttributes (1294ms)
			AfterProcessingInitializeOnLoad (30ms)
			EditorAssembliesLoaded (1ms)
		ExecutionOrderSort2 (0ms)
		AwakeInstancesAfterBackupRestoration (19ms)
Launched and connected shader compiler UnityShaderCompiler.exe after 0.13 seconds
Refreshing native plugins compatible for Editor in 42.49 ms, found 3 plugins.
Preloading 0 native plugins for Editor in 0.00 ms.
Unloading 8784 Unused Serialized files (Serialized files now loaded: 0)
Unloading 402 unused Assets / (30.0 MB). Loaded Objects now: 9019.
Memory consumption went from 407.6 MB to 377.5 MB.
Total: 52.887800 ms (FindLiveObjects: 1.520800 ms CreateObjectMapping: 2.098700 ms MarkObjects: 21.525400 ms  DeleteObjects: 27.739400 ms)

AssetImportParameters requested are different than current active one (requested -> active):
  custom:container-demuxer-ogg: 62fdf1f143b41e24485cea50d1cbac27 -> 
  custom:framework-win-MediaFoundation: 216162199b28c13a410421893ffa2e32 -> 
  custom:container-muxer-webm: aa71ff27fc2769a1b78a27578f13a17b -> 
  custom:video-decoder-webm-vp8: 9c59270c3fd7afecdb556c50c9e8de78 -> 
  custom:SearchIndexIgnoredProperties: e643bd26f0fe6173181afceb89e7c659 -> 
  custom:AudioImporter_EditorPlatform: d09bf68614088b80899f8185d706f6e7 -> 
  custom:audio-decoder-ogg-vorbis: bf7c407c2cedff20999df2af8eb42d56 -> 
  custom:audio-encoder-webm-vorbis: bf7c407c2cedff20999df2af8eb42d56 -> 
  custom:video-decoder-ogg-theora: a1e56fd34408186e4bbccfd4996cb3dc -> 
  custom:CustomObjectIndexerAttribute: d54d2f2da18e7612c182cf67624b6b12 -> 
  custom:container-demuxer-webm: 4f35f7cbe854078d1ac9338744f61a02 -> 
  custom:video-encoder-webm-vp8: eb34c28f22e8b96e1ab97ce403110664 -> 
========================================================================
Received Import Request.
  Time since last request: 605930.009338 seconds.
  path: Assets/The_ancient_forest_of_the_fairies/01 Riding dragons.wav
  artifactKey: Guid(8cec75150485e3d4caeb7e8f3f196b88) Importer(815301076,1909f56bfc062723c751e8b465ee728b)
Start importing Assets/The_ancient_forest_of_the_fairies/01 Riding dragons.wav using Guid(8cec75150485e3d4caeb7e8f3f196b88) Importer(815301076,1909f56bfc062723c751e8b465ee728b)  -> (artifact id: 'd9d7b0ff4e9d6a3205502f21ea73d3e6') in 0.307154 seconds
Number of updated asset objects reloaded before import = 0
Number of asset objects unloaded after import = 2
========================================================================
Received Import Request.
  Time since last request: 0.000048 seconds.
  path: Assets/The_ancient_forest_of_the_fairies/05 The fairy forest.wav
  artifactKey: Guid(2f1a5650572640c48a023b7a8085895e) Importer(815301076,1909f56bfc062723c751e8b465ee728b)
Start importing Assets/The_ancient_forest_of_the_fairies/05 The fairy forest.wav using Guid(2f1a5650572640c48a023b7a8085895e) Importer(815301076,1909f56bfc062723c751e8b465ee728b)  -> (artifact id: '0307743e8c410913905f0fe65a489e88') in 0.029963 seconds
Number of updated asset objects reloaded before import = 0
Number of asset objects unloaded after import = 2
========================================================================
Received Import Request.
  Time since last request: 0.000061 seconds.
  path: Assets/The_ancient_forest_of_the_fairies/03 Fairy dust.wav
  artifactKey: Guid(2d80d436b9a926e4c9670474eacb7b1c) Importer(815301076,1909f56bfc062723c751e8b465ee728b)
Start importing Assets/The_ancient_forest_of_the_fairies/03 Fairy dust.wav using Guid(2d80d436b9a926e4c9670474eacb7b1c) Importer(815301076,1909f56bfc062723c751e8b465ee728b)  -> (artifact id: '73ba24b1c10cf161cb5415db7fefe111') in 0.038294 seconds
Number of updated asset objects reloaded before import = 0
Number of asset objects unloaded after import = 2
========================================================================
Received Import Request.
  Time since last request: 0.000030 seconds.
  path: Assets/The_ancient_forest_of_the_fairies/09 Games with stones.wav
  artifactKey: Guid(3b58e0c3861fca44fab4ef49d3ad9da9) Importer(815301076,1909f56bfc062723c751e8b465ee728b)
Start importing Assets/The_ancient_forest_of_the_fairies/09 Games with stones.wav using Guid(3b58e0c3861fca44fab4ef49d3ad9da9) Importer(815301076,1909f56bfc062723c751e8b465ee728b)  -> (artifact id: 'ebca54c714b82510644f4158df8fc859') in 0.029770 seconds
Number of updated asset objects reloaded before import = 0
Number of asset objects unloaded after import = 2
========================================================================
Received Import Request.
  Time since last request: 0.000021 seconds.
  path: Assets/The_ancient_forest_of_the_fairies/07 Catching the moonlight.wav
  artifactKey: Guid(3b60bfbf2f1aaf240a4e9685d249f28e) Importer(815301076,1909f56bfc062723c751e8b465ee728b)
Start importing Assets/The_ancient_forest_of_the_fairies/07 Catching the moonlight.wav using Guid(3b60bfbf2f1aaf240a4e9685d249f28e) Importer(815301076,1909f56bfc062723c751e8b465ee728b)  -> (artifact id: '9937d81c8e69f2b79acd0c150bf457be') in 0.034322 seconds
Number of updated asset objects reloaded before import = 0
Number of asset objects unloaded after import = 2
========================================================================
Received Import Request.
  Time since last request: 6.124964 seconds.
  path: Assets/Free_Tree_02/Free Tree 02 Showcase
  artifactKey: Guid(93b1ec3fa12168e4797ee6f69b7bf86f) Importer(815301076,1909f56bfc062723c751e8b465ee728b)
Start importing Assets/Free_Tree_02/Free Tree 02 Showcase using Guid(93b1ec3fa12168e4797ee6f69b7bf86f) Importer(815301076,1909f56bfc062723c751e8b465ee728b)  -> (artifact id: '9cff04ea2791e89abfb9198c97814405') in 0.000663 seconds
Number of updated asset objects reloaded before import = 0
Number of asset objects unloaded after import = 0
========================================================================
Received Import Request.
  Time since last request: 0.037600 seconds.
  path: Assets/Free_Tree_02/Free Tree 02 Showcase/Icon Camera Profile.asset
  artifactKey: Guid(cb5cf69414f33664cbb1a2cc78e9b9a6) Importer(815301076,1909f56bfc062723c751e8b465ee728b)
Start importing Assets/Free_Tree_02/Free Tree 02 Showcase/Icon Camera Profile.asset using Guid(cb5cf69414f33664cbb1a2cc78e9b9a6) Importer(815301076,1909f56bfc062723c751e8b465ee728b)  -> (artifact id: 'b7205e80bf519beaf921c6c1ed7b0595') in 0.016511 seconds
Number of updated asset objects reloaded before import = 0
Number of asset objects unloaded after import = 2
========================================================================
Received Import Request.
  Time since last request: 2.029854 seconds.
  path: Assets/Free_Tree_02/Materials
  artifactKey: Guid(1ac2dc36c5300d34fb445b9ca0bc74a3) Importer(815301076,1909f56bfc062723c751e8b465ee728b)
Start importing Assets/Free_Tree_02/Materials using Guid(1ac2dc36c5300d34fb445b9ca0bc74a3) Importer(815301076,1909f56bfc062723c751e8b465ee728b)  -> (artifact id: '742576c9c6e5dca64dc101752f5c91f6') in 0.002823 seconds
Number of updated asset objects reloaded before import = 0
Number of asset objects unloaded after import = 0
========================================================================
Received Import Request.
  Time since last request: 0.032506 seconds.
  path: Assets/Free_Tree_02/Materials/SM_Tree_02_BC.mat
  artifactKey: Guid(158a6eef11233164b8544ac7b58f449f) Importer(815301076,1909f56bfc062723c751e8b465ee728b)
Start importing Assets/Free_Tree_02/Materials/SM_Tree_02_BC.mat using Guid(158a6eef11233164b8544ac7b58f449f) Importer(815301076,1909f56bfc062723c751e8b465ee728b)  -> (artifact id: 'aa092aa66b34f0f5aa5ba4f9abfc308a') in 0.891214 seconds
Number of updated asset objects reloaded before import = 0
Number of asset objects unloaded after import = 3
========================================================================
Received Import Request.
  Time since last request: 77.023542 seconds.
  path: Assets/F3_Corvette/Materials
  artifactKey: Guid(b30f323a3c5b9934096ccfe8f7d0c873) Importer(815301076,1909f56bfc062723c751e8b465ee728b)
Start importing Assets/F3_Corvette/Materials using Guid(b30f323a3c5b9934096ccfe8f7d0c873) Importer(815301076,1909f56bfc062723c751e8b465ee728b)  -> (artifact id: '705be6067ebfc188c631aff8566a24c6') in 0.001364 seconds
Number of updated asset objects reloaded before import = 0
Number of asset objects unloaded after import = 0
========================================================================
Received Import Request.
  Time since last request: 0.028710 seconds.
  path: Assets/F3_Corvette/Materials/F3_AO.mat
  artifactKey: Guid(24901101242e0df469be4bb03ecdc5b0) Importer(815301076,1909f56bfc062723c751e8b465ee728b)
Start importing Assets/F3_Corvette/Materials/F3_AO.mat using Guid(24901101242e0df469be4bb03ecdc5b0) Importer(815301076,1909f56bfc062723c751e8b465ee728b)  -> (artifact id: '390a71a97d96dafd1f9bfd4d1dcae788') in 0.068274 seconds
Number of updated asset objects reloaded before import = 0
Number of asset objects unloaded after import = 3
========================================================================
Received Import Request.
  Time since last request: 0.000042 seconds.
  path: Assets/F3_Corvette/Materials/F3_Grey.mat
  artifactKey: Guid(29afc9c21e5bd774db12f5edf56a52b3) Importer(815301076,1909f56bfc062723c751e8b465ee728b)
Start importing Assets/F3_Corvette/Materials/F3_Grey.mat using Guid(29afc9c21e5bd774db12f5edf56a52b3) Importer(815301076,1909f56bfc062723c751e8b465ee728b)  -> (artifact id: 'a7189c57352708b5abb7c25fac49c1ed') in 0.094468 seconds
Number of updated asset objects reloaded before import = 0
Number of asset objects unloaded after import = 3
========================================================================
Received Import Request.
  Time since last request: 0.000051 seconds.
  path: Assets/F3_Corvette/Materials/F3_metallic.mat
  artifactKey: Guid(d7ce12b924ff3ca4dae3f3d21d996abb) Importer(815301076,1909f56bfc062723c751e8b465ee728b)
Start importing Assets/F3_Corvette/Materials/F3_metallic.mat using Guid(d7ce12b924ff3ca4dae3f3d21d996abb) Importer(815301076,1909f56bfc062723c751e8b465ee728b)  -> (artifact id: 'd71810856118aa78779f1daa6de78cdd') in 0.075981 seconds
Number of updated asset objects reloaded before import = 0
Number of asset objects unloaded after import = 3
========================================================================
Received Import Request.
  Time since last request: 10.035842 seconds.
  path: Assets/StylizedSpruceTree/New Material.mat
  artifactKey: Guid(7c217b775f5e44d428d5a8f357f74608) Importer(815301076,1909f56bfc062723c751e8b465ee728b)
Start importing Assets/StylizedSpruceTree/New Material.mat using Guid(7c217b775f5e44d428d5a8f357f74608) Importer(815301076,1909f56bfc062723c751e8b465ee728b)  -> (artifact id: '759fd1cc33bb5140eaa03d9fccc8a2cd') in 0.029623 seconds
Number of updated asset objects reloaded before import = 0
Number of asset objects unloaded after import = 2
========================================================================
Received Import Request.
  Time since last request: 8.089184 seconds.
  path: Assets/StylizedSpruceTree/Assets/Vegetation/Model/Spruce_Tree_V1.fbx
  artifactKey: Guid(73a461a260372f947a63b91c9965e880) Importer(815301076,1909f56bfc062723c751e8b465ee728b)
Start importing Assets/StylizedSpruceTree/Assets/Vegetation/Model/Spruce_Tree_V1.fbx using Guid(73a461a260372f947a63b91c9965e880) Importer(815301076,1909f56bfc062723c751e8b465ee728b)  -> (artifact id: 'a879dfe81cb57396c26b1876bc295236') in 0.368616 seconds
Number of updated asset objects reloaded before import = 0
Number of asset objects unloaded after import = 25
========================================================================
Received Import Request.
  Time since last request: 0.000062 seconds.
  path: Assets/StylizedSpruceTree/Assets/Vegetation/Model/Spruce_Tree_V5.fbx
  artifactKey: Guid(db1dc6dfe9603b245b2ffe943b1f4ee8) Importer(815301076,1909f56bfc062723c751e8b465ee728b)
Start importing Assets/StylizedSpruceTree/Assets/Vegetation/Model/Spruce_Tree_V5.fbx using Guid(db1dc6dfe9603b245b2ffe943b1f4ee8) Importer(815301076,1909f56bfc062723c751e8b465ee728b)  -> (artifact id: '13fed38278c9d3b77c562d135fcdef7b') in 0.176900 seconds
Number of updated asset objects reloaded before import = 0
Number of asset objects unloaded after import = 25
========================================================================
Received Import Request.
  Time since last request: 2.325051 seconds.
  path: Assets/StylizedSpruceTree/Assets/Vegetation/Prefab/Spruce_Tree_V0 (1).prefab
  artifactKey: Guid(78543538d7f410c40aab209a3af616bc) Importer(815301076,1909f56bfc062723c751e8b465ee728b)
Start importing Assets/StylizedSpruceTree/Assets/Vegetation/Prefab/Spruce_Tree_V0 (1).prefab using Guid(78543538d7f410c40aab209a3af616bc) Importer(815301076,1909f56bfc062723c751e8b465ee728b)  -> (artifact id: '28338d2bdb02f3072fd221fc8ece0ae9') in 0.231803 seconds
Number of updated asset objects reloaded before import = 0
Number of asset objects unloaded after import = 29
========================================================================
Received Import Request.
  Time since last request: 0.000047 seconds.
  path: Assets/StylizedSpruceTree/Assets/Vegetation/Prefab/Spruce_Tree_V3.prefab
  artifactKey: Guid(a4d8d2c8f2861c742932a71685afea0d) Importer(815301076,1909f56bfc062723c751e8b465ee728b)
Start importing Assets/StylizedSpruceTree/Assets/Vegetation/Prefab/Spruce_Tree_V3.prefab using Guid(a4d8d2c8f2861c742932a71685afea0d) Importer(815301076,1909f56bfc062723c751e8b465ee728b)  -> (artifact id: '0f97a4089db9e18c2c4044b89a08c53a') in 0.136520 seconds
Number of updated asset objects reloaded before import = 0
Number of asset objects unloaded after import = 29
========================================================================
Received Import Request.
  Time since last request: 0.000131 seconds.
  path: Assets/StylizedSpruceTree/Assets/Vegetation/Prefab/Spruce_Tree_V5.prefab
  artifactKey: Guid(46620e9960fe1b044828e67bc00b2035) Importer(815301076,1909f56bfc062723c751e8b465ee728b)
Start importing Assets/StylizedSpruceTree/Assets/Vegetation/Prefab/Spruce_Tree_V5.prefab using Guid(46620e9960fe1b044828e67bc00b2035) Importer(815301076,1909f56bfc062723c751e8b465ee728b)  -> (artifact id: 'fcf5de57f02fc8c7fa1fc01f1143871b') in 0.109746 seconds
Number of updated asset objects reloaded before import = 0
Number of asset objects unloaded after import = 29
========================================================================
Received Import Request.
  Time since last request: 14.803102 seconds.
  path: Assets/StylizedSpruceTree/Assets/Vegetation/Material/Spruce_Bark 1.mat
  artifactKey: Guid(560319af24b96da4c8aa9467577e7115) Importer(815301076,1909f56bfc062723c751e8b465ee728b)
Start importing Assets/StylizedSpruceTree/Assets/Vegetation/Material/Spruce_Bark 1.mat using Guid(560319af24b96da4c8aa9467577e7115) Importer(815301076,1909f56bfc062723c751e8b465ee728b)  -> (artifact id: 'e4dd59bd9fc5a8246c0c0423c2201721') in 0.049885 seconds
Number of updated asset objects reloaded before import = 0
Number of asset objects unloaded after import = 5
Editor requested this worker to shutdown with reason: Scaling down because of idle timeout
TcpMessagingSession - receive error: operation aborted. errorcode: 995, details: The I/O operation has been aborted because of either a thread exit or an application request.
AssetImportWorker is now disconnected from the server
Process exiting
Exiting without the bug reporter. Application will terminate with return code 0